$ Loading 2 environments.
	Env Eau, color breve.vector( 0.000000, 0.000000, 1.000000 ), ease 3
	Env Forêt, color breve.vector( 0.176471, 0.419608, 0.141176 ), ease 2
$ Environment loading complete.
$ Listing all frogs :
	Frog #1  energy:1000 location:344,428  env:Forêt  state:moveToSing
	Frog #2  energy:1000 location:266,36  env:Eau  state:moveToSing
	Frog #3  energy:1000 location:426,225  env:Eau  state:moveToSing
	Frog #4  energy:1000 location:372,483  env:Forêt  state:moveToSing
	Frog #5  energy:1000 location:319,479  env:Forêt  state:moveToSing
	Frog #6  energy:1000 location:263,485  env:Forêt  state:moveToSing
	Frog #7  energy:1000 location:117,473  env:Forêt  state:moveToSing
$ Listing all frogs :
	Frog #1  energy:1000 location:344,428  env:Forêt  state:singing
	Frog #2  energy:999 location:267,37  env:Eau  state:moveToSing
	Frog #3  energy:999 location:426,226  env:Eau  state:moveToSing
	Frog #4  energy:999 location:371,481  env:Forêt  state:moveToSing
	Frog #5  energy:999 location:320,477  env:Forêt  state:moveToSing
	Frog #6  energy:999 location:264,484  env:Forêt  state:moveToSing
	Frog #7  energy:999 location:119,473  env:Forêt  state:moveToSing
$ Listing all frogs :
	Frog #1  energy:999 location:344,428  env:Forêt  state:singing
	Frog #2  energy:999 location:267,39  env:Eau  state:moveToSing
	Frog #3  energy:999 location:425,228  env:Eau  state:moveToSing
	Frog #4  energy:999 location:371,480  env:Forêt  state:moveToSing
	Frog #5  energy:999 location:321,476  env:Forêt  state:moveToSing
	Frog #6  energy:999 location:266,483  env:Forêt  state:moveToSing
	Frog #7  energy:999 location:121,472  env:Forêt  state:moveToSing
$ Listing all frogs :
	Frog #1  energy:998 location:344,428  env:Forêt  state:singing
	Frog #2  energy:998 location:267,41  env:Eau  state:moveToSing
	Frog #3  energy:998 location:424,229  env:Eau  state:moveToSing
	Frog #4  energy:998 location:370,478  env:Forêt  state:moveToSing
	Frog #5  energy:998 location:321,474  env:Forêt  state:moveToSing
	Frog #6  energy:998 location:267,482  env:Forêt  state:moveToSing
	Frog #7  energy:998 location:122,472  env:Forêt  state:moveToSing
$ Listing all frogs :
	Frog #1  energy:997 location:344,428  env:Forêt  state:singing
	Frog #2  energy:998 location:268,42  env:Eau  state:moveToSing
	Frog #3  energy:998 location:424,231  env:Eau  state:moveToSing
	Frog #4  energy:998 location:369,477  env:Forêt  state:moveToSing
	Frog #5  energy:998 location:322,473  env:Forêt  state:moveToSing
	Frog #6  energy:998 location:268,481  env:Forêt  state:moveToSing
	Frog #7  energy:998 location:124,472  env:Forêt  state:moveToSing
$ Listing all frogs :
	Frog #1  energy:996 location:344,428  env:Forêt  state:singing
	Frog #2  energy:997 location:268,44  env:Eau  state:moveToSing
	Frog #3  energy:997 location:423,232  env:Eau  state:moveToSing
	Frog #4  energy:997 location:368,475  env:Forêt  state:moveToSing
	Frog #5  energy:997 location:323,471  env:Forêt  state:moveToSing
	Frog #6  energy:997 location:270,480  env:Forêt  state:moveToSing
	Frog #7  energy:997 location:126,471  env:Forêt  state:moveToSing
$ Listing all frogs :
	Frog #1  energy:995 location:344,428  env:Forêt  state:singing
	Frog #2  energy:997 location:268,46  env:Eau  state:moveToSing
	Frog #3  energy:997 location:422,234  env:Eau  state:moveToSing
	Frog #4  energy:997 location:368,474  env:Forêt  state:moveToSing
	Frog #5  energy:997 location:324,470  env:Forêt  state:moveToSing
	Frog #6  energy:997 location:271,479  env:Forêt  state:moveToSing
	Frog #7  energy:997 location:127,471  env:Forêt  state:moveToSing
$ Listing all frogs :
	Frog #1  energy:994 location:344,428  env:Forêt  state:singing
	Frog #2  energy:996 location:269,47  env:Eau  state:moveToSing
	Frog #3  energy:996 location:422,236  env:Eau  state:moveToSing
	Frog #4  energy:996 location:367,472  env:Forêt  state:moveToSing
	Frog #5  energy:996 location:324,468  env:Forêt  state:moveToSing
	Frog #6  energy:996 location:273,478  env:Forêt  state:moveToSing
	Frog #7  energy:996 location:129,471  env:Forêt  state:moveToSing
$ Listing all frogs :
	Frog #1  energy:993 location:344,428  env:Forêt  state:singing
	Frog #2  energy:996 location:269,49  env:Eau  state:moveToSing
	Frog #3  energy:996 location:421,237  env:Eau  state:moveToSing
	Frog #4  energy:996 location:366,471  env:Forêt  state:moveToSing
	Frog #5  energy:996 location:325,467  env:Forêt  state:moveToSing
	Frog #6  energy:996 location:274,477  env:Forêt  state:moveToSing
	Frog #7  energy:996 location:131,470  env:Forêt  state:moveToSing
$ Listing all frogs :
	Frog #1  energy:992 location:344,428  env:Forêt  state:singing
	Frog #2  energy:995 location:269,51  env:Eau  state:moveToSing
	Frog #3  energy:995 location:421,239  env:Eau  state:moveToSing
	Frog #4  energy:995 location:365,469  env:Forêt  state:moveToSing
	Frog #5  energy:995 location:326,465  env:Forêt  state:moveToSing
	Frog #6  energy:995 location:275,476  env:Forêt  state:moveToSing
	Frog #7  energy:995 location:132,470  env:Forêt  state:moveToSing
$ Listing all frogs :
	Frog #1  energy:991 location:344,428  env:Forêt  state:singing
	Frog #2  energy:995 location:270,52  env:Eau  state:moveToSing
	Frog #3  energy:995 location:420,240  env:Eau  state:moveToSing
	Frog #4  energy:995 location:364,468  env:Forêt  state:moveToSing
	Frog #5  energy:995 location:326,464  env:Forêt  state:moveToSing
	Frog #6  energy:995 location:277,475  env:Forêt  state:moveToSing
	Frog #7  energy:995 location:134,470  env:Forêt  state:moveToSing
$ Listing all frogs :
	Frog #1  energy:990 location:344,428  env:Forêt  state:singing
	Frog #2  energy:994 location:270,54  env:Eau  state:moveToSing
	Frog #3  energy:994 location:419,242  env:Eau  state:moveToSing
	Frog #4  energy:994 location:364,466  env:Forêt  state:moveToSing
	Frog #5  energy:994 location:327,462  env:Forêt  state:moveToSing
	Frog #6  energy:994 location:278,474  env:Forêt  state:moveToSing
	Frog #7  energy:994 location:136,469  env:Forêt  state:moveToSing
$ Listing all frogs :
	Frog #1  energy:989 location:344,428  env:Forêt  state:singing
	Frog #2  energy:994 location:270,56  env:Eau  state:moveToSing
	Frog #3  energy:994 location:419,243  env:Eau  state:moveToSing
	Frog #4  energy:994 location:363,465  env:Forêt  state:moveToSing
	Frog #5  energy:994 location:328,460  env:Forêt  state:moveToSing
	Frog #6  energy:994 location:279,473  env:Forêt  state:moveToSing
	Frog #7  energy:994 location:137,469  env:Forêt  state:moveToSing
$ Listing all frogs :
	Frog #1  energy:988 location:344,428  env:Forêt  state:singing
	Frog #2  energy:993 location:271,57  env:Eau  state:moveToSing
	Frog #3  energy:993 location:418,245  env:Eau  state:moveToSing
	Frog #4  energy:993 location:362,463  env:Forêt  state:moveToSing
	Frog #5  energy:993 location:329,459  env:Forêt  state:moveToSing
	Frog #6  energy:993 location:281,472  env:Forêt  state:moveToSing
	Frog #7  energy:993 location:139,469  env:Forêt  state:moveToSing
$ Listing all frogs :
	Frog #1  energy:987 location:344,428  env:Forêt  state:singing
	Frog #2  energy:993 location:271,59  env:Eau  state:moveToSing
	Frog #3  energy:993 location:417,247  env:Eau  state:moveToSing
	Frog #4  energy:993 location:361,462  env:Forêt  state:moveToSing
	Frog #5  energy:993 location:329,457  env:Forêt  state:moveToSing
	Frog #6  energy:993 location:282,471  env:Forêt  state:moveToSing
	Frog #7  energy:993 location:141,468  env:Forêt  state:moveToSing
$ Listing all frogs :
	Frog #1  energy:986 location:344,428  env:Forêt  state:singing
	Frog #2  energy:992 location:271,61  env:Eau  state:moveToSing
	Frog #3  energy:992 location:417,248  env:Eau  state:moveToSing
	Frog #4  energy:992 location:361,460  env:Forêt  state:moveToSing
	Frog #5  energy:992 location:330,456  env:Forêt  state:moveToSing
	Frog #6  energy:992 location:284,470  env:Forêt  state:moveToSing
	Frog #7  energy:992 location:142,468  env:Forêt  state:moveToSing
$ Listing all frogs :
	Frog #1  energy:985 location:344,428  env:Forêt  state:singing
	Frog #2  energy:992 location:272,62  env:Eau  state:moveToSing
	Frog #3  energy:992 location:416,250  env:Eau  state:moveToSing
	Frog #4  energy:992 location:360,459  env:Forêt  state:moveToSing
	Frog #5  energy:992 location:331,454  env:Forêt  state:moveToSing
	Frog #6  energy:992 location:285,469  env:Forêt  state:moveToSing
	Frog #7  energy:992 location:144,468  env:Forêt  state:moveToSing
$ Listing all frogs :
	Frog #1  energy:984 location:344,428  env:Forêt  state:singing
	Frog #2  energy:991 location:272,64  env:Eau  state:moveToSing
	Frog #3  energy:991 location:415,251  env:Eau  state:moveToSing
	Frog #4  energy:991 location:359,457  env:Forêt  state:moveToSing
	Frog #5  energy:991 location:332,453  env:Forêt  state:moveToSing
	Frog #6  energy:991 location:286,468  env:Forêt  state:moveToSing
	Frog #7  energy:991 location:146,467  env:Forêt  state:moveToSing
$ Listing all frogs :
	Frog #1  energy:983 location:344,428  env:Forêt  state:singing
	Frog #2  energy:991 location:272,66  env:Eau  state:moveToSing
	Frog #3  energy:991 location:415,253  env:Eau  state:moveToSing
	Frog #4  energy:991 location:358,456  env:Forêt  state:moveToSing
	Frog #5  energy:991 location:332,451  env:Forêt  state:moveToSing
	Frog #6  energy:991 location:288,467  env:Forêt  state:moveToSing
	Frog #7  energy:991 location:147,467  env:Forêt  state:moveToSing
$ Listing all frogs :
	Frog #1  energy:982 location:344,428  env:Forêt  state:singing
	Frog #2  energy:990 location:273,67  env:Eau  state:moveToSing
	Frog #3  energy:990 location:414,254  env:Eau  state:moveToSing
	Frog #4  energy:990 location:357,454  env:Forêt  state:moveToSing
	Frog #5  energy:990 location:333,450  env:Forêt  state:moveToSing
	Frog #6  energy:990 location:289,466  env:Forêt  state:moveToSing
	Frog #7  energy:990 location:149,467  env:Forêt  state:moveToSing
$ Listing all frogs :
	Frog #1  energy:981 location:344,428  env:Forêt  state:singing
	Frog #2  energy:990 location:273,69  env:Eau  state:moveToSing
	Frog #3  energy:990 location:414,256  env:Eau  state:moveToSing
	Frog #4  energy:990 location:357,453  env:Forêt  state:moveToSing
	Frog #5  energy:990 location:334,448  env:Forêt  state:moveToSing
	Frog #6  energy:990 location:291,465  env:Forêt  state:moveToSing
	Frog #7  energy:990 location:151,466  env:Forêt  state:moveToSing
$ Listing all frogs :
	Frog #1  energy:980 location:344,428  env:Forêt  state:singing
	Frog #2  energy:989 location:273,71  env:Eau  state:moveToSing
	Frog #3  energy:989 location:413,258  env:Eau  state:moveToSing
	Frog #4  energy:989 location:356,451  env:Forêt  state:moveToSing
	Frog #5  energy:989 location:335,447  env:Forêt  state:moveToSing
	Frog #6  energy:989 location:292,464  env:Forêt  state:moveToSing
	Frog #7  energy:989 location:152,466  env:Forêt  state:moveToSing
$ Listing all frogs :
	Frog #1  energy:979 location:344,428  env:Forêt  state:singing
	Frog #2  energy:989 location:274,72  env:Eau  state:moveToSing
	Frog #3  energy:989 location:412,259  env:Eau  state:moveToSing
	Frog #4  energy:989 location:355,450  env:Forêt  state:moveToSing
	Frog #5  energy:989 location:335,445  env:Forêt  state:moveToSing
	Frog #6  energy:989 location:293,463  env:Forêt  state:moveToSing
	Frog #7  energy:989 location:154,466  env:Forêt  state:moveToSing
$ Listing all frogs :
	Frog #1  energy:978 location:344,428  env:Forêt  state:singing
	Frog #2  energy:988 location:274,74  env:Eau  state:moveToSing
	Frog #3  energy:988 location:412,261  env:Eau  state:moveToSing
	Frog #4  energy:988 location:354,448  env:Forêt  state:moveToSing
	Frog #5  energy:989 location:335,445  env:Forêt  state:singing
	Frog #6  energy:988 location:292,464  env:Forêt  state:moveToSing
	Frog #7  energy:989 location:154,466  env:Forêt  state:singing
$ Listing all frogs :
	Frog #1  energy:977 location:344,428  env:Forêt  state:singing
	Frog #2  energy:988 location:274,76  env:Eau  state:moveToSing
	Frog #3  energy:988 location:411,262  env:Eau  state:moveToSing
	Frog #4  energy:988 location:356,448  env:Forêt  state:moveToSing
	Frog #5  energy:988 location:335,445  env:Forêt  state:singing
	Frog #6  energy:988 location:291,465  env:Forêt  state:moveToSing
	Frog #7  energy:988 location:154,466  env:Forêt  state:singing
$ Listing all frogs :
	Frog #1  energy:976 location:344,428  env:Forêt  state:singing
	Frog #2  energy:987 location:274,77  env:Eau  state:moveToSing
	Frog #3  energy:987 location:410,263  env:Eau  state:moveToSing
	Frog #4  energy:987 location:358,448  env:Forêt  state:moveToSing
	Frog #5  energy:987 location:335,445  env:Forêt  state:singing
	Frog #6  energy:987 location:290,467  env:Forêt  state:moveToSing
	Frog #7  energy:987 location:154,466  env:Forêt  state:singing
$ Listing all frogs :
	Frog #1  energy:975 location:344,428  env:Forêt  state:singing
	Frog #2  energy:987 location:274,79  env:Eau  state:moveToSing
	Frog #3  energy:987 location:410,263  env:Eau  state:singing
	Frog #4  energy:987 location:359,448  env:Forêt  state:moveToSing
	Frog #5  energy:986 location:335,445  env:Forêt  state:singing
	Frog #6  energy:987 location:289,468  env:Forêt  state:moveToSing
	Frog #7  energy:986 location:154,466  env:Forêt  state:singing
$ Listing all frogs :
	Frog #1  energy:974 location:344,428  env:Forêt  state:singing
	Frog #2  energy:986 location:274,81  env:Eau  state:moveToSing
	Frog #3  energy:986 location:410,263  env:Eau  state:singing
	Frog #4  energy:986 location:361,448  env:Forêt  state:moveToSing
	Frog #5  energy:985 location:335,445  env:Forêt  state:singing
	Frog #6  energy:986 location:287,469  env:Forêt  state:moveToSing
	Frog #7  energy:985 location:154,466  env:Forêt  state:singing
$ Listing all frogs :
	Frog #1  energy:973 location:344,428  env:Forêt  state:singing
	Frog #2  energy:986 location:275,82  env:Eau  state:moveToSing
	Frog #3  energy:985 location:410,263  env:Eau  state:singing
	Frog #4  energy:986 location:363,448  env:Forêt  state:moveToSing
	Frog #5  energy:984 location:335,445  env:Forêt  state:singing
	Frog #6  energy:986 location:286,470  env:Forêt  state:moveToSing
	Frog #7  energy:984 location:154,466  env:Forêt  state:singing
$ Listing all frogs :
	Frog #1  energy:972 location:344,428  env:Forêt  state:singing
	Frog #2  energy:985 location:275,84  env:Eau  state:moveToSing
	Frog #3  energy:984 location:410,263  env:Eau  state:singing
	Frog #4  energy:985 location:364,448  env:Forêt  state:moveToSing
	Frog #5  energy:983 location:335,445  env:Forêt  state:singing
	Frog #6  energy:985 location:285,471  env:Forêt  state:moveToSing
	Frog #7  energy:983 location:154,466  env:Forêt  state:singing
$ Listing all frogs :
	Frog #1  energy:971 location:344,428  env:Forêt  state:singing
	Frog #2  energy:985 location:275,86  env:Eau  state:moveToSing
	Frog #3  energy:983 location:410,263  env:Eau  state:singing
	Frog #4  energy:985 location:366,448  env:Forêt  state:moveToSing
	Frog #5  energy:982 location:335,445  env:Forêt  state:singing
	Frog #6  energy:985 location:284,473  env:Forêt  state:moveToSing
	Frog #7  energy:982 location:154,466  env:Forêt  state:singing
$ Listing all frogs :
	Frog #1  energy:970 location:344,428  env:Forêt  state:singing
	Frog #2  energy:984 location:275,87  env:Eau  state:moveToSing
	Frog #3  energy:982 location:410,263  env:Eau  state:singing
	Frog #4  energy:984 location:368,448  env:Forêt  state:moveToSing
	Frog #5  energy:981 location:335,445  env:Forêt  state:singing
	Frog #6  energy:984 location:283,474  env:Forêt  state:moveToSing
	Frog #7  energy:981 location:154,466  env:Forêt  state:singing
$ Listing all frogs :
	Frog #1  energy:969 location:344,428  env:Forêt  state:singing
	Frog #2  energy:984 location:276,89  env:Eau  state:moveToSing
	Frog #3  energy:981 location:410,263  env:Eau  state:singing
	Frog #4  energy:984 location:369,448  env:Forêt  state:moveToSing
	Frog #5  energy:980 location:335,445  env:Forêt  state:singing
	Frog #6  energy:984 location:281,475  env:Forêt  state:moveToSing
	Frog #7  energy:980 location:154,466  env:Forêt  state:singing
$ Listing all frogs :
	Frog #1  energy:968 location:344,428  env:Forêt  state:singing
	Frog #2  energy:983 location:276,91  env:Eau  state:moveToSing
	Frog #3  energy:980 location:410,263  env:Eau  state:singing
	Frog #4  energy:983 location:371,448  env:Forêt  state:moveToSing
	Frog #5  energy:979 location:335,445  env:Forêt  state:singing
	Frog #6  energy:983 location:280,476  env:Forêt  state:moveToSing
	Frog #7  energy:979 location:154,466  env:Forêt  state:singing
$ Listing all frogs :
	Frog #1  energy:967 location:344,428  env:Forêt  state:singing
	Frog #2  energy:983 location:276,92  env:Eau  state:moveToSing
	Frog #3  energy:979 location:410,263  env:Eau  state:singing
	Frog #4  energy:983 location:373,448  env:Forêt  state:moveToSing
	Frog #5  energy:978 location:335,445  env:Forêt  state:singing
	Frog #6  energy:983 location:279,477  env:Forêt  state:moveToSing
	Frog #7  energy:978 location:154,466  env:Forêt  state:singing
$ Listing all frogs :
	Frog #1  energy:966 location:344,428  env:Forêt  state:singing
	Frog #2  energy:982 location:276,94  env:Eau  state:moveToSing
	Frog #3  energy:978 location:410,263  env:Eau  state:singing
	Frog #4  energy:982 location:374,448  env:Forêt  state:moveToSing
	Frog #5  energy:977 location:335,445  env:Forêt  state:singing
	Frog #6  energy:982 location:278,479  env:Forêt  state:moveToSing
	Frog #7  energy:977 location:154,466  env:Forêt  state:singing
