$ Loading 2 environments.
	Env Eau, color breve.vector( 0.000000, 0.000000, 1.000000 ), ease 3
	Env Forêt, color breve.vector( 0.176471, 0.419608, 0.141176 ), ease 2
$ Environment loading complete.
$ Listing all frogs :
	Frog #1  energy:1000 location:81,460  env:Forêt  state:moveToSing
	Frog #2  energy:1000 location:60,169  env:Eau  state:moveToSing
	Frog #3  energy:1000 location:72,192  env:Eau  state:moveToSing
	Frog #4  energy:1000 location:113,4  env:Eau  state:moveToSing
	Frog #5  energy:1000 location:189,403  env:Eau  state:moveToSing
$ Listing all frogs :
	Frog #1  energy:1000 location:81,460  env:Forêt  state:singing
	Frog #2  energy:999 location:60,170  env:Eau  state:moveToSing
	Frog #3  energy:999 location:72,193  env:Eau  state:moveToSing
	Frog #4  energy:999 location:113,4  env:Eau  state:moveToSing
	Frog #5  energy:999 location:188,403  env:Eau  state:moveToSing
$ Listing all frogs :
	Frog #1  energy:1000 location:81,460  env:Forêt  state:singing
	Frog #2  energy:999 location:60,171  env:Eau  state:moveToSing
	Frog #3  energy:999 location:72,194  env:Eau  state:moveToSing
	Frog #4  energy:999 location:113,5  env:Eau  state:moveToSing
	Frog #5  energy:999 location:187,403  env:Eau  state:moveToSing
$ Listing all frogs :
	Frog #1  energy:1000 location:81,460  env:Forêt  state:singing
	Frog #2  energy:999 location:60,172  env:Eau  state:moveToSing
	Frog #3  energy:999 location:72,195  env:Eau  state:moveToSing
	Frog #4  energy:999 location:113,6  env:Eau  state:moveToSing
	Frog #5  energy:999 location:187,404  env:Eau  state:moveToSing
$ Listing all frogs :
	Frog #1  energy:1000 location:81,460  env:Forêt  state:singing
	Frog #2  energy:999 location:60,173  env:Eau  state:moveToSing
	Frog #3  energy:999 location:72,195  env:Eau  state:moveToSing
	Frog #4  energy:999 location:113,7  env:Eau  state:moveToSing
	Frog #5  energy:999 location:186,404  env:Eau  state:moveToSing
$ Listing all frogs :
	Frog #1  energy:1000 location:81,460  env:Forêt  state:singing
	Frog #2  energy:998 location:60,173  env:Eau  state:moveToSing
	Frog #3  energy:998 location:72,196  env:Eau  state:moveToSing
	Frog #4  energy:998 location:113,8  env:Eau  state:moveToSing
	Frog #5  energy:998 location:185,405  env:Eau  state:moveToSing
$ Listing all frogs :
	Frog #1  energy:1000 location:81,460  env:Forêt  state:singing
	Frog #2  energy:998 location:60,174  env:Eau  state:moveToSing
	Frog #3  energy:998 location:72,197  env:Eau  state:moveToSing
	Frog #4  energy:998 location:113,9  env:Eau  state:moveToSing
	Frog #5  energy:998 location:184,405  env:Eau  state:moveToSing
$ Listing all frogs :
	Frog #1  energy:1000 location:81,460  env:Forêt  state:singing
	Frog #2  energy:998 location:60,175  env:Eau  state:moveToSing
	Frog #3  energy:998 location:72,198  env:Eau  state:moveToSing
	Frog #4  energy:998 location:113,10  env:Eau  state:moveToSing
	Frog #5  energy:998 location:184,405  env:Eau  state:moveToSing
$ Listing all frogs :
	Frog #1  energy:1000 location:81,460  env:Forêt  state:singing
	Frog #2  energy:998 location:60,176  env:Eau  state:moveToSing
	Frog #3  energy:998 location:72,199  env:Eau  state:moveToSing
	Frog #4  energy:998 location:113,10  env:Eau  state:moveToSing
	Frog #5  energy:998 location:183,406  env:Eau  state:moveToSing
$ Listing all frogs :
	Frog #1  energy:1000 location:81,460  env:Forêt  state:singing
	Frog #2  energy:997 location:60,177  env:Eau  state:moveToSing
	Frog #3  energy:997 location:72,200  env:Eau  state:moveToSing
	Frog #4  energy:997 location:113,11  env:Eau  state:moveToSing
	Frog #5  energy:997 location:182,406  env:Eau  state:moveToSing
$ Listing all frogs :
	Frog #1  energy:1000 location:81,460  env:Forêt  state:singing
	Frog #2  energy:997 location:60,178  env:Eau  state:moveToSing
	Frog #3  energy:997 location:72,201  env:Eau  state:moveToSing
	Frog #4  energy:997 location:113,12  env:Eau  state:moveToSing
	Frog #5  energy:997 location:181,407  env:Eau  state:moveToSing
$ Listing all frogs :
	Frog #1  energy:1000 location:81,460  env:Forêt  state:singing
	Frog #2  energy:997 location:60,178  env:Eau  state:moveToSing
	Frog #3  energy:997 location:72,201  env:Eau  state:moveToSing
	Frog #4  energy:997 location:113,13  env:Eau  state:moveToSing
	Frog #5  energy:997 location:181,407  env:Eau  state:moveToSing
$ Listing all frogs :
	Frog #1  energy:1000 location:81,460  env:Forêt  state:singing
	Frog #2  energy:997 location:61,179  env:Eau  state:moveToSing
	Frog #3  energy:997 location:73,202  env:Eau  state:moveToSing
	Frog #4  energy:997 location:113,14  env:Eau  state:moveToSing
	Frog #5  energy:997 location:180,407  env:Eau  state:moveToSing
$ Listing all frogs :
	Frog #1  energy:1000 location:81,460  env:Forêt  state:singing
	Frog #2  energy:996 location:61,180  env:Eau  state:moveToSing
	Frog #3  energy:996 location:73,203  env:Eau  state:moveToSing
	Frog #4  energy:996 location:113,15  env:Eau  state:moveToSing
	Frog #5  energy:996 location:179,408  env:Eau  state:moveToSing
$ Listing all frogs :
	Frog #1  energy:1000 location:81,460  env:Forêt  state:singing
	Frog #2  energy:996 location:61,181  env:Eau  state:moveToSing
	Frog #3  energy:996 location:73,204  env:Eau  state:moveToSing
	Frog #4  energy:996 location:113,15  env:Eau  state:moveToSing
	Frog #5  energy:996 location:178,408  env:Eau  state:moveToSing
$ Listing all frogs :
	Frog #1  energy:1000 location:81,460  env:Forêt  state:singing
	Frog #2  energy:996 location:61,182  env:Eau  state:moveToSing
	Frog #3  energy:996 location:73,205  env:Eau  state:moveToSing
	Frog #4  energy:996 location:113,16  env:Eau  state:moveToSing
	Frog #5  energy:996 location:178,409  env:Eau  state:moveToSing
$ Listing all frogs :
	Frog #1  energy:1000 location:81,460  env:Forêt  state:singing
	Frog #2  energy:996 location:61,183  env:Eau  state:moveToSing
	Frog #3  energy:996 location:73,206  env:Eau  state:moveToSing
	Frog #4  energy:996 location:112,17  env:Eau  state:moveToSing
	Frog #5  energy:996 location:177,409  env:Eau  state:moveToSing
$ Listing all frogs :
	Frog #1  energy:1000 location:81,460  env:Forêt  state:singing
	Frog #2  energy:995 location:61,184  env:Eau  state:moveToSing
	Frog #3  energy:995 location:73,206  env:Eau  state:moveToSing
	Frog #4  energy:995 location:112,18  env:Eau  state:moveToSing
	Frog #5  energy:995 location:176,409  env:Eau  state:moveToSing
$ Listing all frogs :
	Frog #1  energy:1000 location:81,460  env:Forêt  state:singing
	Frog #2  energy:995 location:61,184  env:Eau  state:moveToSing
	Frog #3  energy:995 location:73,207  env:Eau  state:moveToSing
	Frog #4  energy:995 location:112,19  env:Eau  state:moveToSing
	Frog #5  energy:995 location:175,410  env:Eau  state:moveToSing
$ Listing all frogs :
	Frog #1  energy:1000 location:81,460  env:Forêt  state:singing
	Frog #2  energy:995 location:61,185  env:Eau  state:moveToSing
	Frog #3  energy:995 location:73,208  env:Eau  state:moveToSing
	Frog #4  energy:995 location:112,20  env:Eau  state:moveToSing
	Frog #5  energy:995 location:175,410  env:Eau  state:moveToSing
$ Listing all frogs :
	Frog #1  energy:1000 location:81,460  env:Forêt  state:singing
	Frog #2  energy:995 location:61,186  env:Eau  state:moveToSing
	Frog #3  energy:995 location:73,209  env:Eau  state:moveToSing
	Frog #4  energy:995 location:112,21  env:Eau  state:moveToSing
	Frog #5  energy:995 location:174,411  env:Forêt  state:moveToSing
$ Listing all frogs :
	Frog #1  energy:1000 location:81,460  env:Forêt  state:singing
	Frog #2  energy:994 location:61,187  env:Eau  state:moveToSing
	Frog #3  energy:994 location:73,210  env:Eau  state:moveToSing
	Frog #4  energy:994 location:112,21  env:Eau  state:moveToSing
	Frog #5  energy:994 location:173,411  env:Forêt  state:moveToSing
$ Listing all frogs :
	Frog #1  energy:1000 location:81,460  env:Forêt  state:singing
	Frog #2  energy:994 location:61,188  env:Eau  state:moveToSing
	Frog #3  energy:994 location:73,211  env:Eau  state:moveToSing
	Frog #4  energy:994 location:112,22  env:Eau  state:moveToSing
	Frog #5  energy:994 location:172,411  env:Forêt  state:moveToSing
$ Listing all frogs :
	Frog #1  energy:1000 location:81,460  env:Forêt  state:singing
	Frog #2  energy:994 location:61,189  env:Eau  state:moveToSing
	Frog #3  energy:994 location:73,212  env:Eau  state:moveToSing
	Frog #4  energy:994 location:112,23  env:Eau  state:moveToSing
	Frog #5  energy:994 location:172,412  env:Forêt  state:moveToSing
$ Listing all frogs :
	Frog #1  energy:1000 location:81,460  env:Forêt  state:singing
	Frog #2  energy:994 location:61,189  env:Eau  state:moveToSing
	Frog #3  energy:994 location:73,212  env:Eau  state:moveToSing
	Frog #4  energy:994 location:112,24  env:Eau  state:moveToSing
	Frog #5  energy:994 location:171,412  env:Forêt  state:moveToSing
$ Listing all frogs :
	Frog #1  energy:1000 location:81,460  env:Forêt  state:singing
	Frog #2  energy:993 location:61,190  env:Eau  state:moveToSing
	Frog #3  energy:993 location:73,213  env:Eau  state:moveToSing
	Frog #4  energy:993 location:112,25  env:Eau  state:moveToSing
	Frog #5  energy:993 location:170,413  env:Forêt  state:moveToSing
$ Listing all frogs :
	Frog #1  energy:1000 location:81,460  env:Forêt  state:singing
	Frog #2  energy:993 location:61,191  env:Eau  state:moveToSing
	Frog #3  energy:993 location:73,214  env:Eau  state:moveToSing
	Frog #4  energy:993 location:112,26  env:Eau  state:moveToSing
	Frog #5  energy:993 location:169,413  env:Forêt  state:moveToSing
$ Listing all frogs :
	Frog #1  energy:1000 location:81,460  env:Forêt  state:singing
	Frog #2  energy:993 location:61,192  env:Eau  state:moveToSing
	Frog #3  energy:993 location:73,215  env:Eau  state:moveToSing
	Frog #4  energy:993 location:112,26  env:Eau  state:moveToSing
	Frog #5  energy:993 location:169,413  env:Forêt  state:moveToSing
$ Listing all frogs :
	Frog #1  energy:1000 location:81,460  env:Forêt  state:singing
	Frog #2  energy:993 location:62,193  env:Eau  state:moveToSing
	Frog #3  energy:993 location:73,216  env:Eau  state:moveToSing
	Frog #4  energy:993 location:112,27  env:Eau  state:moveToSing
	Frog #5  energy:993 location:168,414  env:Forêt  state:moveToSing
$ Listing all frogs :
	Frog #1  energy:1000 location:81,460  env:Forêt  state:singing
	Frog #2  energy:992 location:62,194  env:Eau  state:moveToSing
	Frog #3  energy:992 location:73,217  env:Eau  state:moveToSing
	Frog #4  energy:992 location:112,28  env:Eau  state:moveToSing
	Frog #5  energy:992 location:167,414  env:Forêt  state:moveToSing
$ Listing all frogs :
	Frog #1  energy:1000 location:81,460  env:Forêt  state:singing
	Frog #2  energy:992 location:62,195  env:Eau  state:moveToSing
	Frog #3  energy:992 location:73,218  env:Eau  state:moveToSing
	Frog #4  energy:992 location:112,29  env:Eau  state:moveToSing
	Frog #5  energy:992 location:166,415  env:Forêt  state:moveToSing
$ Listing all frogs :
	Frog #1  energy:1000 location:81,460  env:Forêt  state:singing
	Frog #2  energy:992 location:62,195  env:Eau  state:moveToSing
	Frog #3  energy:992 location:73,218  env:Eau  state:moveToSing
	Frog #4  energy:992 location:112,30  env:Eau  state:moveToSing
	Frog #5  energy:992 location:166,415  env:Forêt  state:moveToSing
$ Listing all frogs :
	Frog #1  energy:1000 location:81,460  env:Forêt  state:singing
	Frog #2  energy:992 location:62,196  env:Eau  state:moveToSing
	Frog #3  energy:992 location:73,219  env:Eau  state:moveToSing
	Frog #4  energy:992 location:112,31  env:Eau  state:moveToSing
	Frog #5  energy:992 location:165,415  env:Forêt  state:moveToSing
$ Listing all frogs :
	Frog #1  energy:1000 location:81,460  env:Forêt  state:singing
	Frog #2  energy:991 location:62,197  env:Eau  state:moveToSing
	Frog #3  energy:991 location:73,220  env:Eau  state:moveToSing
	Frog #4  energy:991 location:111,32  env:Eau  state:moveToSing
	Frog #5  energy:991 location:164,416  env:Forêt  state:moveToSing
$ Listing all frogs :
	Frog #1  energy:1000 location:81,460  env:Forêt  state:singing
	Frog #2  energy:991 location:62,198  env:Eau  state:moveToSing
	Frog #3  energy:991 location:73,221  env:Eau  state:moveToSing
	Frog #4  energy:991 location:111,32  env:Eau  state:moveToSing
	Frog #5  energy:991 location:163,416  env:Forêt  state:moveToSing
$ Listing all frogs :
	Frog #1  energy:1000 location:81,460  env:Forêt  state:singing
	Frog #2  energy:991 location:62,199  env:Eau  state:moveToSing
	Frog #3  energy:991 location:73,222  env:Eau  state:moveToSing
	Frog #4  energy:991 location:111,33  env:Eau  state:moveToSing
	Frog #5  energy:991 location:163,417  env:Forêt  state:moveToSing
$ Listing all frogs :
	Frog #1  energy:1000 location:81,460  env:Forêt  state:singing
	Frog #2  energy:991 location:62,200  env:Eau  state:moveToSing
	Frog #3  energy:991 location:73,223  env:Eau  state:moveToSing
	Frog #4  energy:991 location:111,34  env:Eau  state:moveToSing
	Frog #5  energy:991 location:162,417  env:Forêt  state:moveToSing
$ Listing all frogs :
	Frog #1  energy:1000 location:81,460  env:Forêt  state:singing
	Frog #2  energy:990 location:62,200  env:Eau  state:moveToSing
	Frog #3  energy:990 location:73,223  env:Eau  state:moveToSing
	Frog #4  energy:990 location:111,35  env:Eau  state:moveToSing
	Frog #5  energy:990 location:161,417  env:Forêt  state:moveToSing
$ Listing all frogs :
	Frog #1  energy:1000 location:81,460  env:Forêt  state:singing
	Frog #2  energy:990 location:62,201  env:Eau  state:moveToSing
	Frog #3  energy:990 location:73,224  env:Eau  state:moveToSing
	Frog #4  energy:990 location:111,36  env:Eau  state:moveToSing
	Frog #5  energy:990 location:160,418  env:Forêt  state:moveToSing
$ Listing all frogs :
	Frog #1  energy:1000 location:81,460  env:Forêt  state:singing
	Frog #2  energy:990 location:62,202  env:Eau  state:moveToSing
	Frog #3  energy:990 location:73,225  env:Eau  state:moveToSing
	Frog #4  energy:990 location:111,37  env:Eau  state:moveToSing
	Frog #5  energy:990 location:160,418  env:Forêt  state:moveToSing
$ Listing all frogs :
	Frog #1  energy:1000 location:81,460  env:Forêt  state:singing
	Frog #2  energy:990 location:62,203  env:Eau  state:moveToSing
	Frog #3  energy:990 location:73,226  env:Eau  state:moveToSing
	Frog #4  energy:990 location:111,37  env:Eau  state:moveToSing
	Frog #5  energy:990 location:159,419  env:Forêt  state:moveToSing
$ Listing all frogs :
	Frog #1  energy:1000 location:81,460  env:Forêt  state:singing
	Frog #2  energy:989 location:62,204  env:Eau  state:moveToSing
	Frog #3  energy:989 location:73,227  env:Eau  state:moveToSing
	Frog #4  energy:989 location:111,38  env:Eau  state:moveToSing
	Frog #5  energy:989 location:158,419  env:Forêt  state:moveToSing
$ Listing all frogs :
	Frog #1  energy:1000 location:81,460  env:Forêt  state:singing
	Frog #2  energy:989 location:62,205  env:Eau  state:moveToSing
	Frog #3  energy:989 location:73,228  env:Eau  state:moveToSing
	Frog #4  energy:989 location:111,39  env:Eau  state:moveToSing
	Frog #5  energy:989 location:157,419  env:Forêt  state:moveToSing
$ Listing all frogs :
	Frog #1  energy:1000 location:81,460  env:Forêt  state:singing
	Frog #2  energy:989 location:62,205  env:Eau  state:moveToSing
	Frog #3  energy:989 location:73,228  env:Eau  state:moveToSing
	Frog #4  energy:989 location:111,40  env:Eau  state:moveToSing
	Frog #5  energy:989 location:157,420  env:Forêt  state:moveToSing
$ Listing all frogs :
	Frog #1  energy:1000 location:81,460  env:Forêt  state:singing
	Frog #2  energy:989 location:63,206  env:Eau  state:moveToSing
	Frog #3  energy:989 location:73,229  env:Eau  state:moveToSing
	Frog #4  energy:989 location:111,41  env:Eau  state:moveToSing
	Frog #5  energy:989 location:156,420  env:Forêt  state:moveToSing
$ Listing all frogs :
	Frog #1  energy:1000 location:81,460  env:Forêt  state:singing
	Frog #2  energy:988 location:63,207  env:Eau  state:moveToSing
	Frog #3  energy:988 location:73,230  env:Eau  state:moveToSing
	Frog #4  energy:988 location:111,42  env:Eau  state:moveToSing
	Frog #5  energy:988 location:155,421  env:Forêt  state:moveToSing
$ Listing all frogs :
	Frog #1  energy:1000 location:81,460  env:Forêt  state:singing
	Frog #2  energy:988 location:63,208  env:Eau  state:moveToSing
	Frog #3  energy:988 location:73,231  env:Eau  state:moveToSing
	Frog #4  energy:988 location:111,42  env:Eau  state:moveToSing
	Frog #5  energy:988 location:155,421  env:Forêt  state:moveToSing
$ Listing all frogs :
	Frog #1  energy:1000 location:81,460  env:Forêt  state:singing
	Frog #2  energy:988 location:63,209  env:Eau  state:moveToSing
	Frog #3  energy:988 location:74,232  env:Eau  state:moveToSing
	Frog #4  energy:988 location:111,43  env:Eau  state:moveToSing
	Frog #5  energy:988 location:154,421  env:Forêt  state:moveToSing
$ Listing all frogs :
	Frog #1  energy:1000 location:81,460  env:Forêt  state:singing
	Frog #2  energy:988 location:63,210  env:Eau  state:moveToSing
	Frog #3  energy:988 location:74,233  env:Eau  state:moveToSing
	Frog #4  energy:988 location:111,44  env:Eau  state:moveToSing
	Frog #5  energy:988 location:153,422  env:Forêt  state:moveToSing
$ Listing all frogs :
	Frog #1  energy:1000 location:81,460  env:Forêt  state:singing
	Frog #2  energy:987 location:63,211  env:Eau  state:moveToSing
	Frog #3  energy:987 location:74,234  env:Eau  state:moveToSing
	Frog #4  energy:987 location:111,45  env:Eau  state:moveToSing
	Frog #5  energy:987 location:152,422  env:Forêt  state:moveToSing
$ Listing all frogs :
	Frog #1  energy:1000 location:81,460  env:Forêt  state:singing
	Frog #2  energy:987 location:63,211  env:Eau  state:moveToSing
	Frog #3  energy:987 location:74,234  env:Eau  state:moveToSing
	Frog #4  energy:987 location:110,46  env:Eau  state:moveToSing
	Frog #5  energy:987 location:152,422  env:Forêt  state:moveToSing
$ Listing all frogs :
	Frog #1  energy:1000 location:81,460  env:Forêt  state:singing
	Frog #2  energy:987 location:63,212  env:Eau  state:moveToSing
	Frog #3  energy:987 location:74,235  env:Eau  state:moveToSing
	Frog #4  energy:987 location:110,47  env:Eau  state:moveToSing
	Frog #5  energy:987 location:151,423  env:Forêt  state:moveToSing
$ Listing all frogs :
	Frog #1  energy:1000 location:81,460  env:Forêt  state:singing
	Frog #2  energy:987 location:63,213  env:Eau  state:moveToSing
	Frog #3  energy:987 location:74,236  env:Eau  state:moveToSing
	Frog #4  energy:987 location:110,48  env:Eau  state:moveToSing
	Frog #5  energy:987 location:150,423  env:Forêt  state:moveToSing
$ Listing all frogs :
	Frog #1  energy:1000 location:81,460  env:Forêt  state:singing
	Frog #2  energy:986 location:63,214  env:Eau  state:moveToSing
	Frog #3  energy:986 location:74,237  env:Eau  state:moveToSing
	Frog #4  energy:986 location:110,48  env:Eau  state:moveToSing
	Frog #5  energy:986 location:149,424  env:Forêt  state:moveToSing
$ Listing all frogs :
	Frog #1  energy:1000 location:81,460  env:Forêt  state:singing
	Frog #2  energy:986 location:63,215  env:Eau  state:moveToSing
	Frog #3  energy:986 location:74,238  env:Eau  state:moveToSing
	Frog #4  energy:986 location:110,49  env:Eau  state:moveToSing
	Frog #5  energy:986 location:149,424  env:Forêt  state:moveToSing
$ Listing all frogs :
	Frog #1  energy:1000 location:81,460  env:Forêt  state:singing
	Frog #2  energy:986 location:63,216  env:Eau  state:moveToSing
	Frog #3  energy:986 location:74,239  env:Eau  state:moveToSing
	Frog #4  energy:986 location:110,50  env:Eau  state:moveToSing
	Frog #5  energy:986 location:148,424  env:Forêt  state:moveToSing
$ Listing all frogs :
	Frog #1  energy:1000 location:81,460  env:Forêt  state:singing
	Frog #2  energy:986 location:63,216  env:Eau  state:moveToSing
	Frog #3  energy:986 location:74,239  env:Eau  state:moveToSing
	Frog #4  energy:986 location:110,51  env:Eau  state:moveToSing
	Frog #5  energy:986 location:147,425  env:Forêt  state:moveToSing
$ Listing all frogs :
	Frog #1  energy:1000 location:81,460  env:Forêt  state:singing
	Frog #2  energy:985 location:63,217  env:Eau  state:moveToSing
	Frog #3  energy:985 location:74,240  env:Eau  state:moveToSing
	Frog #4  energy:985 location:110,52  env:Eau  state:moveToSing
	Frog #5  energy:985 location:146,425  env:Forêt  state:moveToSing
$ Listing all frogs :
	Frog #1  energy:1000 location:81,460  env:Forêt  state:singing
	Frog #2  energy:985 location:63,218  env:Eau  state:moveToSing
	Frog #3  energy:985 location:74,241  env:Eau  state:moveToSing
	Frog #4  energy:985 location:110,53  env:Eau  state:moveToSing
	Frog #5  energy:985 location:146,426  env:Forêt  state:moveToSing
$ Listing all frogs :
	Frog #1  energy:1000 location:81,460  env:Forêt  state:singing
	Frog #2  energy:985 location:63,219  env:Eau  state:moveToSing
	Frog #3  energy:985 location:74,242  env:Eau  state:moveToSing
	Frog #4  energy:985 location:110,53  env:Eau  state:moveToSing
	Frog #5  energy:985 location:145,426  env:Forêt  state:moveToSing
$ Listing all frogs :
	Frog #1  energy:1000 location:81,460  env:Forêt  state:singing
	Frog #2  energy:985 location:64,220  env:Eau  state:moveToSing
	Frog #3  energy:985 location:74,243  env:Eau  state:moveToSing
	Frog #4  energy:985 location:110,54  env:Eau  state:moveToSing
	Frog #5  energy:985 location:144,426  env:Forêt  state:moveToSing
$ Listing all frogs :
	Frog #1  energy:1000 location:81,460  env:Forêt  state:singing
	Frog #2  energy:984 location:64,221  env:Eau  state:moveToSing
	Frog #3  energy:984 location:74,244  env:Eau  state:moveToSing
	Frog #4  energy:984 location:110,55  env:Eau  state:moveToSing
	Frog #5  energy:984 location:143,427  env:Forêt  state:moveToSing
$ Listing all frogs :
	Frog #1  energy:1000 location:81,460  env:Forêt  state:singing
	Frog #2  energy:984 location:64,221  env:Eau  state:moveToSing
	Frog #3  energy:984 location:74,244  env:Eau  state:moveToSing
	Frog #4  energy:984 location:110,56  env:Eau  state:moveToSing
	Frog #5  energy:984 location:143,427  env:Forêt  state:moveToSing
$ Listing all frogs :
	Frog #1  energy:1000 location:81,460  env:Forêt  state:singing
	Frog #2  energy:984 location:64,222  env:Eau  state:moveToSing
	Frog #3  energy:984 location:74,245  env:Eau  state:moveToSing
	Frog #4  energy:984 location:110,57  env:Eau  state:moveToSing
	Frog #5  energy:984 location:143,427  env:Forêt  state:singing
$ Listing all frogs :
	Frog #1  energy:999 location:81,460  env:Forêt  state:moveToSing
	Frog #2  energy:984 location:64,222  env:Eau  state:singing
	Frog #3  energy:984 location:75,246  env:Eau  state:moveToSing
	Frog #4  energy:984 location:110,56  env:Eau  state:moveToSing
	Frog #5  energy:984 location:143,427  env:Forêt  state:singing
$ Listing all frogs :
	Frog #1  energy:999 location:80,461  env:Eau  state:moveToSing
	Frog #2  energy:984 location:64,222  env:Eau  state:singing
	Frog #3  energy:984 location:75,246  env:Eau  state:moveToSing
	Frog #4  energy:984 location:110,55  env:Eau  state:moveToSing
	Frog #5  energy:984 location:143,427  env:Forêt  state:singing
$ Listing all frogs :
	Frog #1  energy:999 location:80,461  env:Eau  state:moveToSing
	Frog #2  energy:984 location:64,222  env:Eau  state:singing
	Frog #3  energy:983 location:76,247  env:Eau  state:moveToSing
	Frog #4  energy:983 location:110,54  env:Eau  state:moveToSing
	Frog #5  energy:984 location:143,427  env:Forêt  state:singing
$ Listing all frogs :
	Frog #1  energy:999 location:79,462  env:Eau  state:moveToSing
	Frog #2  energy:984 location:64,222  env:Eau  state:singing
	Frog #3  energy:983 location:76,248  env:Eau  state:moveToSing
	Frog #4  energy:983 location:110,53  env:Eau  state:moveToSing
	Frog #5  energy:984 location:143,427  env:Forêt  state:singing
$ Listing all frogs :
	Frog #1  energy:998 location:78,463  env:Eau  state:moveToSing
	Frog #2  energy:984 location:64,222  env:Eau  state:singing
	Frog #3  energy:983 location:77,248  env:Eau  state:moveToSing
	Frog #4  energy:983 location:110,53  env:Eau  state:moveToSing
	Frog #5  energy:984 location:143,427  env:Forêt  state:singing
$ Listing all frogs :
	Frog #1  energy:998 location:78,463  env:Eau  state:moveToSing
	Frog #2  energy:984 location:64,222  env:Eau  state:singing
	Frog #3  energy:983 location:78,249  env:Eau  state:moveToSing
	Frog #4  energy:983 location:110,52  env:Eau  state:moveToSing
	Frog #5  energy:984 location:143,427  env:Forêt  state:singing
$ Listing all frogs :
	Frog #1  energy:998 location:77,464  env:Eau  state:moveToSing
	Frog #2  energy:984 location:64,222  env:Eau  state:singing
	Frog #3  energy:982 location:78,249  env:Eau  state:moveToSing
	Frog #4  energy:982 location:110,51  env:Eau  state:moveToSing
	Frog #5  energy:984 location:143,427  env:Forêt  state:singing
$ Listing all frogs :
	Frog #1  energy:998 location:77,464  env:Eau  state:moveToSing
	Frog #2  energy:984 location:64,222  env:Eau  state:singing
	Frog #3  energy:982 location:79,250  env:Eau  state:moveToSing
	Frog #4  energy:982 location:110,50  env:Eau  state:moveToSing
	Frog #5  energy:984 location:143,427  env:Forêt  state:singing
$ Listing all frogs :
	Frog #1  energy:997 location:76,465  env:Eau  state:moveToSing
	Frog #2  energy:984 location:64,222  env:Eau  state:singing
	Frog #3  energy:982 location:79,251  env:Eau  state:moveToSing
	Frog #4  energy:982 location:110,49  env:Eau  state:moveToSing
	Frog #5  energy:984 location:143,427  env:Forêt  state:singing
$ Listing all frogs :
	Frog #1  energy:997 location:75,466  env:Eau  state:moveToSing
	Frog #2  energy:984 location:64,222  env:Eau  state:singing
	Frog #3  energy:982 location:80,251  env:Eau  state:moveToSing
	Frog #4  energy:982 location:110,48  env:Eau  state:moveToSing
	Frog #5  energy:984 location:143,427  env:Forêt  state:singing
$ Listing all frogs :
	Frog #1  energy:997 location:75,466  env:Eau  state:moveToSing
	Frog #2  energy:984 location:64,222  env:Eau  state:singing
	Frog #3  energy:981 location:81,252  env:Eau  state:moveToSing
	Frog #4  energy:981 location:110,48  env:Eau  state:moveToSing
	Frog #5  energy:984 location:143,427  env:Forêt  state:singing
$ Listing all frogs :
	Frog #1  energy:997 location:74,467  env:Eau  state:moveToSing
	Frog #2  energy:984 location:64,222  env:Eau  state:singing
	Frog #3  energy:981 location:81,252  env:Eau  state:moveToSing
	Frog #4  energy:981 location:110,47  env:Eau  state:moveToSing
	Frog #5  energy:984 location:143,427  env:Forêt  state:singing
$ Listing all frogs :
	Frog #1  energy:996 location:74,468  env:Eau  state:moveToSing
	Frog #2  energy:984 location:64,222  env:Eau  state:singing
	Frog #3  energy:981 location:82,253  env:Eau  state:moveToSing
	Frog #4  energy:981 location:110,46  env:Eau  state:moveToSing
	Frog #5  energy:984 location:143,427  env:Forêt  state:singing
$ Listing all frogs :
	Frog #1  energy:996 location:73,468  env:Eau  state:moveToSing
	Frog #2  energy:984 location:64,222  env:Eau  state:singing
	Frog #3  energy:981 location:82,254  env:Eau  state:moveToSing
	Frog #4  energy:981 location:110,45  env:Eau  state:moveToSing
	Frog #5  energy:984 location:143,427  env:Forêt  state:singing
$ Listing all frogs :
	Frog #1  energy:996 location:72,469  env:Eau  state:moveToSing
	Frog #2  energy:984 location:64,222  env:Eau  state:singing
	Frog #3  energy:980 location:83,254  env:Eau  state:moveToSing
	Frog #4  energy:980 location:110,44  env:Eau  state:moveToSing
	Frog #5  energy:984 location:143,427  env:Forêt  state:singing
$ Listing all frogs :
	Frog #1  energy:996 location:72,469  env:Eau  state:moveToSing
	Frog #2  energy:984 location:64,222  env:Eau  state:singing
	Frog #3  energy:980 location:83,255  env:Eau  state:moveToSing
	Frog #4  energy:980 location:110,43  env:Eau  state:moveToSing
	Frog #5  energy:984 location:143,427  env:Forêt  state:singing
$ Listing all frogs :
	Frog #1  energy:995 location:71,470  env:Eau  state:moveToSing
	Frog #2  energy:984 location:64,222  env:Eau  state:singing
	Frog #3  energy:980 location:84,255  env:Eau  state:moveToSing
	Frog #4  energy:980 location:110,42  env:Eau  state:moveToSing
	Frog #5  energy:984 location:143,427  env:Forêt  state:singing
$ Listing all frogs :
	Frog #1  energy:995 location:71,471  env:Eau  state:moveToSing
	Frog #2  energy:984 location:64,222  env:Eau  state:singing
	Frog #3  energy:980 location:85,256  env:Eau  state:moveToSing
	Frog #4  energy:980 location:110,42  env:Eau  state:moveToSing
	Frog #5  energy:984 location:143,427  env:Forêt  state:singing
$ Listing all frogs :
	Frog #1  energy:995 location:70,471  env:Eau  state:moveToSing
	Frog #2  energy:984 location:64,222  env:Eau  state:singing
	Frog #3  energy:979 location:85,257  env:Eau  state:moveToSing
	Frog #4  energy:979 location:110,41  env:Eau  state:moveToSing
	Frog #5  energy:984 location:143,427  env:Forêt  state:singing
$ Listing all frogs :
	Frog #1  energy:995 location:69,472  env:Eau  state:moveToSing
	Frog #2  energy:984 location:64,222  env:Eau  state:singing
	Frog #3  energy:979 location:86,257  env:Eau  state:moveToSing
	Frog #4  energy:979 location:110,40  env:Eau  state:moveToSing
	Frog #5  energy:984 location:143,427  env:Forêt  state:singing
$ Listing all frogs :
	Frog #1  energy:994 location:69,472  env:Eau  state:moveToSing
	Frog #2  energy:984 location:64,222  env:Eau  state:singing
	Frog #3  energy:979 location:86,258  env:Eau  state:moveToSing
	Frog #4  energy:979 location:110,39  env:Eau  state:moveToSing
	Frog #5  energy:984 location:143,427  env:Forêt  state:singing
$ Listing all frogs :
	Frog #1  energy:994 location:68,473  env:Eau  state:moveToSing
	Frog #2  energy:984 location:64,222  env:Eau  state:singing
	Frog #3  energy:979 location:87,258  env:Eau  state:moveToSing
	Frog #4  energy:979 location:110,38  env:Eau  state:moveToSing
	Frog #5  energy:984 location:143,427  env:Forêt  state:singing
$ Listing all frogs :
	Frog #1  energy:994 location:68,474  env:Eau  state:moveToSing
	Frog #2  energy:984 location:64,222  env:Eau  state:singing
	Frog #3  energy:978 location:88,259  env:Eau  state:moveToSing
	Frog #4  energy:978 location:110,37  env:Eau  state:moveToSing
	Frog #5  energy:984 location:143,427  env:Forêt  state:singing
$ Listing all frogs :
	Frog #1  energy:994 location:67,474  env:Eau  state:moveToSing
	Frog #2  energy:984 location:64,222  env:Eau  state:singing
	Frog #3  energy:978 location:88,260  env:Eau  state:moveToSing
	Frog #4  energy:978 location:110,37  env:Eau  state:moveToSing
	Frog #5  energy:984 location:143,427  env:Forêt  state:singing
$ Listing all frogs :
	Frog #1  energy:993 location:66,475  env:Eau  state:moveToSing
	Frog #2  energy:984 location:64,222  env:Eau  state:singing
	Frog #3  energy:978 location:89,260  env:Eau  state:moveToSing
	Frog #4  energy:978 location:110,36  env:Eau  state:moveToSing
	Frog #5  energy:984 location:143,427  env:Forêt  state:singing
$ Listing all frogs :
	Frog #1  energy:993 location:66,475  env:Eau  state:moveToSing
	Frog #2  energy:984 location:64,222  env:Eau  state:singing
	Frog #3  energy:978 location:89,261  env:Eau  state:moveToSing
	Frog #4  energy:978 location:110,35  env:Eau  state:moveToSing
	Frog #5  energy:984 location:143,427  env:Forêt  state:singing
$ Listing all frogs :
	Frog #1  energy:993 location:65,476  env:Eau  state:moveToSing
	Frog #2  energy:984 location:64,222  env:Eau  state:singing
	Frog #3  energy:977 location:90,261  env:Eau  state:moveToSing
	Frog #4  energy:977 location:110,34  env:Eau  state:moveToSing
	Frog #5  energy:984 location:143,427  env:Forêt  state:singing
