$ Loading 2 environments.
	Env Eau, color breve.vector( 0.000000, 0.000000, 1.000000 ), ease 3
	Env Forêt, color breve.vector( 0.176471, 0.419608, 0.141176 ), ease 2
$ Environment loading complete.
$ Listing all frogs :
	Frog #1  energy:1000  voicePower:67  location:101,266  env:Eau
	Frog #2  energy:1000  voicePower:60  location:171,218  env:Eau
	Frog #3  energy:1000  voicePower:51  location:350,398  env:Eau
	Frog #4  energy:1000  voicePower:77  location:485,286  env:Forêt
	Frog #5  energy:1000  voicePower:79  location:219,357  env:Eau
$ Listing all frogs :
	Frog #1  energy:999  voicePower:67  location:101,266  env:Eau
	Frog #2  energy:999  voicePower:60  location:172,218  env:Eau
	Frog #3  energy:999  voicePower:51  location:350,398  env:Eau
	Frog #4  energy:999  voicePower:77  location:486,286  env:Forêt
	Frog #5  energy:999  voicePower:79  location:219,357  env:Eau
$ Listing all frogs :
	Frog #1  energy:999  voicePower:67  location:101,266  env:Eau
	Frog #2  energy:999  voicePower:60  location:172,218  env:Eau
	Frog #3  energy:999  voicePower:51  location:350,398  env:Eau
	Frog #4  energy:999  voicePower:77  location:486,286  env:Forêt
	Frog #5  energy:999  voicePower:79  location:218,357  env:Eau
$ Listing all frogs :
	Frog #1  energy:999  voicePower:67  location:100,266  env:Eau
	Frog #2  energy:999  voicePower:60  location:172,218  env:Eau
	Frog #3  energy:999  voicePower:51  location:349,399  env:Eau
	Frog #4  energy:999  voicePower:77  location:486,285  env:Forêt
	Frog #5  energy:999  voicePower:79  location:217,356  env:Eau
$ Listing all frogs :
	Frog #1  energy:999  voicePower:67  location:100,265  env:Eau
	Frog #2  energy:999  voicePower:60  location:171,219  env:Eau
	Frog #3  energy:999  voicePower:51  location:349,399  env:Eau
	Frog #4  energy:999  voicePower:77  location:486,286  env:Forêt
	Frog #5  energy:999  voicePower:79  location:217,356  env:Eau
$ Listing all frogs :
	Frog #1  energy:999  voicePower:67  location:99,265  env:Eau
	Frog #2  energy:999  voicePower:60  location:171,218  env:Eau
	Frog #3  energy:998  voicePower:51  location:350,400  env:Eau
	Frog #4  energy:999  voicePower:77  location:485,286  env:Forêt
	Frog #5  energy:999  voicePower:79  location:217,356  env:Eau
$ Listing all frogs :
	Frog #1  energy:999  voicePower:67  location:99,265  env:Eau
	Frog #2  energy:998  voicePower:60  location:172,217  env:Eau
	Frog #3  energy:998  voicePower:51  location:350,400  env:Eau
	Frog #4  energy:998  voicePower:77  location:484,287  env:Forêt
	Frog #5  energy:998  voicePower:79  location:217,357  env:Eau
$ Listing all frogs :
	Frog #1  energy:999  voicePower:67  location:99,265  env:Eau
	Frog #2  energy:998  voicePower:60  location:172,217  env:Eau
	Frog #3  energy:998  voicePower:51  location:351,400  env:Eau
	Frog #4  energy:998  voicePower:77  location:483,288  env:Forêt
	Frog #5  energy:998  voicePower:79  location:217,356  env:Eau
$ Listing all frogs :
	Frog #1  energy:998  voicePower:67  location:99,265  env:Eau
	Frog #2  energy:998  voicePower:60  location:172,216  env:Eau
	Frog #3  energy:998  voicePower:51  location:350,400  env:Eau
	Frog #4  energy:998  voicePower:77  location:484,287  env:Forêt
	Frog #5  energy:998  voicePower:79  location:217,355  env:Eau
$ Listing all frogs :
	Frog #1  energy:998  voicePower:67  location:98,264  env:Eau
	Frog #2  energy:998  voicePower:60  location:172,215  env:Eau
	Frog #3  energy:998  voicePower:51  location:350,400  env:Eau
	Frog #4  energy:997  voicePower:77  location:485,288  env:Forêt
	Frog #5  energy:998  voicePower:79  location:217,355  env:Eau
$ Listing all frogs :
	Frog #1  energy:998  voicePower:67  location:98,264  env:Eau
	Frog #2  energy:998  voicePower:60  location:173,215  env:Eau
	Frog #3  energy:998  voicePower:51  location:350,401  env:Eau
	Frog #4  energy:997  voicePower:77  location:484,288  env:Forêt
	Frog #5  energy:998  voicePower:79  location:218,356  env:Eau
$ Listing all frogs :
	Frog #1  energy:998  voicePower:67  location:97,265  env:Eau
	Frog #2  energy:998  voicePower:60  location:172,215  env:Eau
	Frog #3  energy:997  voicePower:51  location:350,401  env:Eau
	Frog #4  energy:997  voicePower:77  location:484,287  env:Forêt
	Frog #5  energy:997  voicePower:79  location:219,356  env:Eau
$ Listing all frogs :
	Frog #1  energy:998  voicePower:67  location:97,265  env:Eau
	Frog #2  energy:997  voicePower:60  location:172,216  env:Eau
	Frog #3  energy:997  voicePower:51  location:350,402  env:Eau
	Frog #4  energy:997  voicePower:77  location:484,287  env:Forêt
	Frog #5  energy:997  voicePower:79  location:219,356  env:Eau
$ Listing all frogs :
	Frog #1  energy:997  voicePower:67  location:97,266  env:Eau
	Frog #2  energy:997  voicePower:60  location:172,217  env:Eau
	Frog #3  energy:997  voicePower:51  location:350,402  env:Eau
	Frog #4  energy:997  voicePower:77  location:484,287  env:Forêt
	Frog #5  energy:997  voicePower:79  location:219,356  env:Eau
$ Listing all frogs :
	Frog #1  energy:997  voicePower:67  location:96,265  env:Eau
	Frog #2  energy:997  voicePower:60  location:172,217  env:Eau
	Frog #3  energy:996  voicePower:51  location:350,402  env:Eau
	Frog #4  energy:997  voicePower:77  location:483,287  env:Forêt
	Frog #5  energy:997  voicePower:79  location:218,355  env:Eau
$ Listing all frogs :
	Frog #1  energy:997  voicePower:67  location:97,264  env:Eau
	Frog #2  energy:997  voicePower:60  location:172,216  env:Eau
	Frog #3  energy:996  voicePower:51  location:351,402  env:Eau
	Frog #4  energy:997  voicePower:77  location:483,287  env:Forêt
	Frog #5  energy:997  voicePower:79  location:218,356  env:Eau
$ Listing all frogs :
	Frog #1  energy:996  voicePower:67  location:97,265  env:Eau
	Frog #2  energy:997  voicePower:60  location:171,215  env:Eau
	Frog #3  energy:996  voicePower:51  location:351,403  env:Eau
	Frog #4  energy:997  voicePower:77  location:483,286  env:Forêt
	Frog #5  energy:997  voicePower:79  location:219,356  env:Eau
$ Listing all frogs :
	Frog #1  energy:996  voicePower:67  location:97,265  env:Eau
	Frog #2  energy:996  voicePower:60  location:171,216  env:Eau
	Frog #3  energy:996  voicePower:51  location:351,404  env:Eau
	Frog #4  energy:997  voicePower:77  location:483,286  env:Forêt
	Frog #5  energy:996  voicePower:79  location:219,356  env:Eau
$ Listing all frogs :
	Frog #1  energy:996  voicePower:67  location:98,264  env:Eau
	Frog #2  energy:996  voicePower:60  location:171,217  env:Eau
	Frog #3  energy:996  voicePower:51  location:351,403  env:Eau
	Frog #4  energy:997  voicePower:77  location:483,287  env:Forêt
	Frog #5  energy:996  voicePower:79  location:219,356  env:Eau
$ Listing all frogs :
	Frog #1  energy:996  voicePower:67  location:99,265  env:Eau
	Frog #2  energy:996  voicePower:60  location:171,217  env:Eau
	Frog #3  energy:996  voicePower:51  location:351,404  env:Eau
	Frog #4  energy:997  voicePower:77  location:482,287  env:Forêt
	Frog #5  energy:996  voicePower:79  location:219,356  env:Eau
$ Listing all frogs :
	Frog #1  energy:996  voicePower:67  location:99,265  env:Eau
	Frog #2  energy:996  voicePower:60  location:171,217  env:Eau
	Frog #3  energy:996  voicePower:51  location:352,404  env:Eau
	Frog #4  energy:996  voicePower:77  location:482,287  env:Forêt
	Frog #5  energy:996  voicePower:79  location:219,355  env:Eau
$ Listing all frogs :
	Frog #1  energy:995  voicePower:67  location:100,265  env:Eau
	Frog #2  energy:996  voicePower:60  location:172,217  env:Eau
	Frog #3  energy:995  voicePower:51  location:352,404  env:Eau
	Frog #4  energy:996  voicePower:77  location:482,287  env:Forêt
	Frog #5  energy:996  voicePower:79  location:219,355  env:Eau
$ Listing all frogs :
	Frog #1  energy:995  voicePower:67  location:100,264  env:Eau
	Frog #2  energy:996  voicePower:60  location:172,217  env:Eau
	Frog #3  energy:995  voicePower:51  location:352,404  env:Eau
	Frog #4  energy:996  voicePower:77  location:483,287  env:Forêt
	Frog #5  energy:996  voicePower:79  location:219,355  env:Eau
$ Listing all frogs :
	Frog #1  energy:995  voicePower:67  location:101,264  env:Eau
	Frog #2  energy:996  voicePower:60  location:171,217  env:Eau
	Frog #3  energy:995  voicePower:51  location:352,403  env:Eau
	Frog #4  energy:996  voicePower:77  location:483,288  env:Forêt
	Frog #5  energy:996  voicePower:79  location:219,355  env:Eau
$ Listing all frogs :
	Frog #1  energy:995  voicePower:67  location:101,264  env:Eau
	Frog #2  energy:996  voicePower:60  location:172,218  env:Eau
	Frog #3  energy:995  voicePower:51  location:352,402  env:Eau
	Frog #4  energy:996  voicePower:77  location:482,288  env:Forêt
	Frog #5  energy:996  voicePower:79  location:219,354  env:Eau
$ Listing all frogs :
	Frog #1  energy:995  voicePower:67  location:102,264  env:Eau
	Frog #2  energy:995  voicePower:60  location:173,218  env:Eau
	Frog #3  energy:995  voicePower:51  location:351,402  env:Eau
	Frog #4  energy:996  voicePower:77  location:483,288  env:Forêt
	Frog #5  energy:996  voicePower:79  location:219,354  env:Eau
$ Listing all frogs :
	Frog #1  energy:994  voicePower:67  location:101,264  env:Eau
	Frog #2  energy:995  voicePower:60  location:172,218  env:Eau
	Frog #3  energy:995  voicePower:51  location:351,402  env:Eau
	Frog #4  energy:996  voicePower:77  location:483,288  env:Forêt
	Frog #5  energy:996  voicePower:79  location:219,354  env:Eau
$ Listing all frogs :
	Frog #1  energy:994  voicePower:67  location:101,265  env:Eau
	Frog #2  energy:995  voicePower:60  location:172,217  env:Eau
	Frog #3  energy:995  voicePower:51  location:352,402  env:Eau
	Frog #4  energy:995  voicePower:77  location:482,288  env:Forêt
	Frog #5  energy:995  voicePower:79  location:219,354  env:Eau
$ Listing all frogs :
	Frog #1  energy:994  voicePower:67  location:101,265  env:Eau
	Frog #2  energy:995  voicePower:60  location:172,218  env:Eau
	Frog #3  energy:994  voicePower:51  location:351,402  env:Eau
	Frog #4  energy:995  voicePower:77  location:482,289  env:Forêt
	Frog #5  energy:995  voicePower:79  location:220,355  env:Eau
$ Listing all frogs :
	Frog #1  energy:994  voicePower:67  location:101,264  env:Eau
	Frog #2  energy:995  voicePower:60  location:171,217  env:Eau
	Frog #3  energy:994  voicePower:51  location:351,402  env:Eau
	Frog #4  energy:995  voicePower:77  location:482,288  env:Forêt
	Frog #5  energy:995  voicePower:79  location:219,356  env:Eau
$ Listing all frogs :
	Frog #1  energy:994  voicePower:67  location:101,263  env:Eau
	Frog #2  energy:994  voicePower:60  location:171,218  env:Eau
	Frog #3  energy:994  voicePower:51  location:351,402  env:Eau
	Frog #4  energy:995  voicePower:77  location:482,289  env:Forêt
	Frog #5  energy:994  voicePower:79  location:219,356  env:Eau
$ Listing all frogs :
	Frog #1  energy:994  voicePower:67  location:102,264  env:Eau
	Frog #2  energy:994  voicePower:60  location:170,218  env:Eau
	Frog #3  energy:994  voicePower:51  location:351,403  env:Eau
	Frog #4  energy:995  voicePower:77  location:482,289  env:Forêt
	Frog #5  energy:994  voicePower:79  location:219,356  env:Eau
$ Listing all frogs :
	Frog #1  energy:993  voicePower:67  location:102,263  env:Eau
	Frog #2  energy:994  voicePower:60  location:170,219  env:Eau
	Frog #3  energy:994  voicePower:51  location:351,403  env:Eau
	Frog #4  energy:995  voicePower:77  location:481,288  env:Forêt
	Frog #5  energy:994  voicePower:79  location:218,357  env:Eau
$ Listing all frogs :
	Frog #1  energy:993  voicePower:67  location:102,263  env:Eau
	Frog #2  energy:994  voicePower:60  location:169,219  env:Eau
	Frog #3  energy:994  voicePower:51  location:351,402  env:Eau
	Frog #4  energy:995  voicePower:77  location:482,288  env:Forêt
	Frog #5  energy:994  voicePower:79  location:218,357  env:Eau
$ Listing all frogs :
	Frog #1  energy:993  voicePower:67  location:102,264  env:Eau
	Frog #2  energy:994  voicePower:60  location:170,218  env:Eau
	Frog #3  energy:994  voicePower:51  location:351,402  env:Eau
	Frog #4  energy:994  voicePower:77  location:481,288  env:Forêt
	Frog #5  energy:994  voicePower:79  location:218,356  env:Eau
$ Listing all frogs :
	Frog #1  energy:993  voicePower:67  location:103,265  env:Eau
	Frog #2  energy:993  voicePower:60  location:170,218  env:Eau
	Frog #3  energy:993  voicePower:51  location:351,401  env:Eau
	Frog #4  energy:994  voicePower:77  location:480,288  env:Forêt
	Frog #5  energy:994  voicePower:79  location:218,356  env:Eau
$ Listing all frogs :
	Frog #1  energy:993  voicePower:67  location:103,265  env:Eau
	Frog #2  energy:993  voicePower:60  location:171,218  env:Eau
	Frog #3  energy:993  voicePower:51  location:352,401  env:Eau
	Frog #4  energy:994  voicePower:77  location:480,289  env:Forêt
	Frog #5  energy:993  voicePower:79  location:218,356  env:Eau
$ Listing all frogs :
	Frog #1  energy:992  voicePower:67  location:103,265  env:Eau
	Frog #2  energy:993  voicePower:60  location:170,217  env:Eau
	Frog #3  energy:993  voicePower:51  location:352,400  env:Eau
	Frog #4  energy:994  voicePower:77  location:480,289  env:Forêt
	Frog #5  energy:993  voicePower:79  location:218,357  env:Eau
$ Listing all frogs :
	Frog #1  energy:992  voicePower:67  location:103,265  env:Eau
	Frog #2  energy:993  voicePower:60  location:170,216  env:Eau
	Frog #3  energy:993  voicePower:51  location:353,401  env:Eau
	Frog #4  energy:994  voicePower:77  location:480,289  env:Forêt
	Frog #5  energy:993  voicePower:79  location:217,356  env:Eau
$ Listing all frogs :
	Frog #1  energy:992  voicePower:67  location:103,264  env:Eau
	Frog #2  energy:993  voicePower:60  location:170,217  env:Eau
	Frog #3  energy:992  voicePower:51  location:352,400  env:Eau
	Frog #4  energy:994  voicePower:77  location:481,289  env:Forêt
	Frog #5  energy:993  voicePower:79  location:217,356  env:Eau
$ Listing all frogs :
	Frog #1  energy:992  voicePower:67  location:104,265  env:Eau
	Frog #2  energy:992  voicePower:60  location:169,216  env:Eau
	Frog #3  energy:992  voicePower:51  location:353,400  env:Eau
	Frog #4  energy:994  voicePower:77  location:481,289  env:Forêt
	Frog #5  energy:993  voicePower:79  location:217,356  env:Eau
$ Listing all frogs :
	Frog #1  energy:992  voicePower:67  location:104,265  env:Eau
	Frog #2  energy:992  voicePower:60  location:169,216  env:Eau
	Frog #3  energy:992  voicePower:51  location:353,400  env:Eau
	Frog #4  energy:994  voicePower:77  location:481,288  env:Forêt
	Frog #5  energy:993  voicePower:79  location:216,357  env:Eau
$ Listing all frogs :
	Frog #1  energy:991  voicePower:67  location:103,265  env:Eau
	Frog #2  energy:992  voicePower:60  location:169,215  env:Eau
	Frog #3  energy:992  voicePower:51  location:353,401  env:Eau
	Frog #4  energy:994  voicePower:77  location:481,288  env:Forêt
	Frog #5  energy:992  voicePower:79  location:216,356  env:Eau
$ Listing all frogs :
	Frog #1  energy:991  voicePower:67  location:103,265  env:Eau
	Frog #2  energy:992  voicePower:60  location:169,216  env:Eau
	Frog #3  energy:992  voicePower:51  location:354,401  env:Eau
	Frog #4  energy:994  voicePower:77  location:481,288  env:Forêt
	Frog #5  energy:992  voicePower:79  location:216,357  env:Eau
$ Listing all frogs :
	Frog #1  energy:991  voicePower:67  location:103,266  env:Eau
	Frog #2  energy:992  voicePower:60  location:169,216  env:Eau
	Frog #3  energy:991  voicePower:51  location:353,402  env:Eau
	Frog #4  energy:994  voicePower:77  location:480,288  env:Forêt
	Frog #5  energy:992  voicePower:79  location:216,356  env:Eau
$ Listing all frogs :
	Frog #1  energy:991  voicePower:67  location:102,266  env:Eau
	Frog #2  energy:992  voicePower:60  location:169,216  env:Eau
	Frog #3  energy:991  voicePower:51  location:353,402  env:Eau
	Frog #4  energy:993  voicePower:77  location:481,288  env:Forêt
	Frog #5  energy:991  voicePower:79  location:216,357  env:Eau
$ Listing all frogs :
	Frog #1  energy:991  voicePower:67  location:102,266  env:Eau
	Frog #2  energy:992  voicePower:60  location:168,216  env:Eau
	Frog #3  energy:991  voicePower:51  location:352,401  env:Eau
	Frog #4  energy:993  voicePower:77  location:481,288  env:Forêt
	Frog #5  energy:991  voicePower:79  location:216,357  env:Eau
$ Listing all frogs :
	Frog #1  energy:990  voicePower:67  location:101,265  env:Eau
	Frog #2  energy:992  voicePower:60  location:168,216  env:Eau
	Frog #3  energy:991  voicePower:51  location:352,401  env:Eau
	Frog #4  energy:993  voicePower:77  location:480,289  env:Forêt
	Frog #5  energy:991  voicePower:79  location:216,356  env:Eau
$ Listing all frogs :
	Frog #1  energy:990  voicePower:67  location:101,265  env:Eau
	Frog #2  energy:991  voicePower:60  location:169,215  env:Eau
	Frog #3  energy:991  voicePower:51  location:351,402  env:Eau
	Frog #4  energy:993  voicePower:77  location:480,289  env:Forêt
	Frog #5  energy:991  voicePower:79  location:216,355  env:Eau
$ Listing all frogs :
	Frog #1  energy:990  voicePower:67  location:101,265  env:Eau
	Frog #2  energy:991  voicePower:60  location:169,216  env:Eau
	Frog #3  energy:991  voicePower:51  location:351,402  env:Eau
	Frog #4  energy:993  voicePower:77  location:480,289  env:Forêt
	Frog #5  energy:991  voicePower:79  location:217,356  env:Eau
$ Listing all frogs :
	Frog #1  energy:990  voicePower:67  location:102,266  env:Eau
	Frog #2  energy:991  voicePower:60  location:168,215  env:Eau
	Frog #3  energy:991  voicePower:51  location:351,401  env:Eau
	Frog #4  energy:993  voicePower:77  location:480,289  env:Forêt
	Frog #5  energy:990  voicePower:79  location:217,355  env:Eau
$ Listing all frogs :
	Frog #1  energy:989  voicePower:67  location:101,266  env:Eau
	Frog #2  energy:991  voicePower:60  location:168,215  env:Eau
	Frog #3  energy:990  voicePower:51  location:350,402  env:Eau
	Frog #4  energy:993  voicePower:77  location:481,289  env:Forêt
	Frog #5  energy:990  voicePower:79  location:216,356  env:Eau
$ Listing all frogs :
	Frog #1  energy:989  voicePower:67  location:102,266  env:Eau
	Frog #2  energy:991  voicePower:60  location:169,215  env:Eau
	Frog #3  energy:990  voicePower:51  location:350,402  env:Eau
	Frog #4  energy:992  voicePower:77  location:481,290  env:Forêt
	Frog #5  energy:990  voicePower:79  location:216,356  env:Eau
$ Listing all frogs :
	Frog #1  energy:989  voicePower:67  location:102,265  env:Eau
	Frog #2  energy:990  voicePower:60  location:168,215  env:Eau
	Frog #3  energy:990  voicePower:51  location:349,402  env:Eau
	Frog #4  energy:992  voicePower:77  location:480,289  env:Forêt
	Frog #5  energy:990  voicePower:79  location:216,356  env:Eau
$ Listing all frogs :
	Frog #1  energy:989  voicePower:67  location:102,266  env:Eau
	Frog #2  energy:990  voicePower:60  location:168,214  env:Eau
	Frog #3  energy:990  voicePower:51  location:349,402  env:Eau
	Frog #4  energy:992  voicePower:77  location:479,289  env:Forêt
	Frog #5  energy:990  voicePower:79  location:216,356  env:Eau
$ Listing all frogs :
	Frog #1  energy:989  voicePower:67  location:102,265  env:Eau
	Frog #2  energy:990  voicePower:60  location:167,215  env:Eau
	Frog #3  energy:990  voicePower:51  location:349,402  env:Eau
	Frog #4  energy:992  voicePower:77  location:480,288  env:Forêt
	Frog #5  energy:990  voicePower:79  location:215,357  env:Eau
$ Listing all frogs :
	Frog #1  energy:989  voicePower:67  location:102,265  env:Eau
	Frog #2  energy:990  voicePower:60  location:167,214  env:Eau
	Frog #3  energy:990  voicePower:51  location:349,401  env:Eau
	Frog #4  energy:992  voicePower:77  location:480,289  env:Forêt
	Frog #5  energy:990  voicePower:79  location:216,357  env:Eau
$ Listing all frogs :
	Frog #1  energy:989  voicePower:67  location:102,265  env:Eau
	Frog #2  energy:990  voicePower:60  location:166,214  env:Eau
	Frog #3  energy:990  voicePower:51  location:349,401  env:Eau
	Frog #4  energy:991  voicePower:77  location:481,289  env:Forêt
	Frog #5  energy:989  voicePower:79  location:215,357  env:Eau
$ Listing all frogs :
	Frog #1  energy:989  voicePower:67  location:103,265  env:Eau
	Frog #2  energy:989  voicePower:60  location:167,215  env:Eau
	Frog #3  energy:990  voicePower:51  location:349,401  env:Eau
	Frog #4  energy:991  voicePower:77  location:481,290  env:Forêt
	Frog #5  energy:989  voicePower:79  location:215,358  env:Eau
$ Listing all frogs :
	Frog #1  energy:988  voicePower:67  location:103,264  env:Eau
	Frog #2  energy:989  voicePower:60  location:166,214  env:Eau
	Frog #3  energy:989  voicePower:51  location:350,401  env:Eau
	Frog #4  energy:991  voicePower:77  location:481,290  env:Forêt
	Frog #5  energy:989  voicePower:79  location:216,357  env:Eau
$ Listing all frogs :
	Frog #1  energy:988  voicePower:67  location:103,265  env:Eau
	Frog #2  energy:989  voicePower:60  location:166,214  env:Eau
	Frog #3  energy:989  voicePower:51  location:350,401  env:Eau
	Frog #4  energy:991  voicePower:77  location:481,289  env:Forêt
	Frog #5  energy:989  voicePower:79  location:215,358  env:Eau
$ Listing all frogs :
	Frog #1  energy:988  voicePower:67  location:103,265  env:Eau
	Frog #2  energy:989  voicePower:60  location:166,215  env:Eau
	Frog #3  energy:989  voicePower:51  location:350,401  env:Eau
	Frog #4  energy:991  voicePower:77  location:480,290  env:Forêt
	Frog #5  energy:989  voicePower:79  location:215,357  env:Eau
$ Listing all frogs :
	Frog #1  energy:988  voicePower:67  location:103,265  env:Eau
	Frog #2  energy:989  voicePower:60  location:165,215  env:Eau
	Frog #3  energy:989  voicePower:51  location:349,402  env:Eau
	Frog #4  energy:991  voicePower:77  location:479,290  env:Forêt
	Frog #5  energy:988  voicePower:79  location:215,358  env:Eau
$ Listing all frogs :
	Frog #1  energy:988  voicePower:67  location:102,264  env:Eau
	Frog #2  energy:989  voicePower:60  location:165,214  env:Eau
	Frog #3  energy:988  voicePower:51  location:349,402  env:Eau
	Frog #4  energy:991  voicePower:77  location:479,291  env:Forêt
	Frog #5  energy:988  voicePower:79  location:214,357  env:Eau
$ Listing all frogs :
	Frog #1  energy:987  voicePower:67  location:103,263  env:Eau
	Frog #2  energy:989  voicePower:60  location:165,214  env:Eau
	Frog #3  energy:988  voicePower:51  location:349,402  env:Eau
	Frog #4  energy:991  voicePower:77  location:480,291  env:Forêt
	Frog #5  energy:988  voicePower:79  location:215,357  env:Eau
$ Listing all frogs :
	Frog #1  energy:987  voicePower:67  location:103,264  env:Eau
	Frog #2  energy:989  voicePower:60  location:165,214  env:Eau
	Frog #3  energy:988  voicePower:51  location:349,401  env:Eau
	Frog #4  energy:991  voicePower:77  location:480,290  env:Forêt
	Frog #5  energy:988  voicePower:79  location:215,356  env:Eau
$ Listing all frogs :
	Frog #1  energy:987  voicePower:67  location:102,264  env:Eau
	Frog #2  energy:988  voicePower:60  location:166,214  env:Eau
	Frog #3  energy:988  voicePower:51  location:349,402  env:Eau
	Frog #4  energy:990  voicePower:77  location:480,291  env:Forêt
	Frog #5  energy:987  voicePower:79  location:215,356  env:Eau
$ Listing all frogs :
	Frog #1  energy:987  voicePower:67  location:102,264  env:Eau
	Frog #2  energy:988  voicePower:60  location:166,215  env:Eau
	Frog #3  energy:988  voicePower:51  location:348,402  env:Eau
	Frog #4  energy:990  voicePower:77  location:480,292  env:Forêt
	Frog #5  energy:987  voicePower:79  location:215,355  env:Eau
$ Listing all frogs :
	Frog #1  energy:987  voicePower:67  location:102,263  env:Eau
	Frog #2  energy:988  voicePower:60  location:166,215  env:Eau
	Frog #3  energy:987  voicePower:51  location:349,401  env:Eau
	Frog #4  energy:990  voicePower:77  location:479,292  env:Forêt
	Frog #5  energy:987  voicePower:79  location:215,356  env:Eau
$ Listing all frogs :
	Frog #1  energy:987  voicePower:67  location:103,263  env:Eau
	Frog #2  energy:988  voicePower:60  location:166,215  env:Eau
	Frog #3  energy:987  voicePower:51  location:350,401  env:Eau
	Frog #4  energy:990  voicePower:77  location:480,292  env:Forêt
	Frog #5  energy:987  voicePower:79  location:216,356  env:Eau
$ Listing all frogs :
	Frog #1  energy:986  voicePower:67  location:102,263  env:Eau
	Frog #2  energy:988  voicePower:60  location:166,216  env:Eau
	Frog #3  energy:987  voicePower:51  location:349,402  env:Eau
	Frog #4  energy:990  voicePower:77  location:480,293  env:Forêt
	Frog #5  energy:987  voicePower:79  location:216,356  env:Eau
$ Listing all frogs :
	Frog #1  energy:986  voicePower:67  location:102,264  env:Eau
	Frog #2  energy:988  voicePower:60  location:166,216  env:Eau
	Frog #3  energy:987  voicePower:51  location:349,402  env:Eau
	Frog #4  energy:990  voicePower:77  location:480,293  env:Forêt
	Frog #5  energy:987  voicePower:79  location:216,355  env:Eau
$ Listing all frogs :
	Frog #1  energy:986  voicePower:67  location:102,264  env:Eau
	Frog #2  energy:988  voicePower:60  location:166,216  env:Eau
	Frog #3  energy:987  voicePower:51  location:349,403  env:Eau
	Frog #4  energy:990  voicePower:77  location:481,294  env:Forêt
	Frog #5  energy:987  voicePower:79  location:216,355  env:Eau
$ Listing all frogs :
	Frog #1  energy:986  voicePower:67  location:102,263  env:Eau
	Frog #2  energy:987  voicePower:60  location:167,215  env:Eau
	Frog #3  energy:986  voicePower:51  location:350,402  env:Eau
	Frog #4  energy:989  voicePower:77  location:480,295  env:Forêt
	Frog #5  energy:987  voicePower:79  location:216,356  env:Eau
$ Listing all frogs :
	Frog #1  energy:986  voicePower:67  location:103,264  env:Eau
	Frog #2  energy:987  voicePower:60  location:166,216  env:Eau
	Frog #3  energy:986  voicePower:51  location:349,402  env:Eau
	Frog #4  energy:989  voicePower:77  location:480,294  env:Forêt
	Frog #5  energy:987  voicePower:79  location:216,355  env:Eau
$ Listing all frogs :
	Frog #1  energy:986  voicePower:67  location:102,263  env:Eau
	Frog #2  energy:987  voicePower:60  location:166,215  env:Eau
	Frog #3  energy:986  voicePower:51  location:349,402  env:Eau
	Frog #4  energy:989  voicePower:77  location:480,295  env:Forêt
	Frog #5  energy:987  voicePower:79  location:216,355  env:Eau
$ Listing all frogs :
	Frog #1  energy:985  voicePower:67  location:102,263  env:Eau
	Frog #2  energy:987  voicePower:60  location:167,214  env:Eau
	Frog #3  energy:986  voicePower:51  location:350,402  env:Eau
	Frog #4  energy:988  voicePower:77  location:480,296  env:Forêt
	Frog #5  energy:987  voicePower:79  location:217,354  env:Eau
$ Listing all frogs :
	Frog #1  energy:985  voicePower:67  location:102,263  env:Eau
	Frog #2  energy:986  voicePower:60  location:167,214  env:Eau
	Frog #3  energy:986  voicePower:51  location:350,403  env:Eau
	Frog #4  energy:988  voicePower:77  location:480,296  env:Forêt
	Frog #5  energy:986  voicePower:79  location:216,354  env:Eau
$ Listing all frogs :
	Frog #1  energy:985  voicePower:67  location:102,262  env:Eau
	Frog #2  energy:986  voicePower:60  location:167,213  env:Eau
	Frog #3  energy:985  voicePower:51  location:349,402  env:Eau
	Frog #4  energy:988  voicePower:77  location:480,295  env:Forêt
	Frog #5  energy:986  voicePower:79  location:216,353  env:Eau
$ Listing all frogs :
	Frog #1  energy:985  voicePower:67  location:102,262  env:Eau
	Frog #2  energy:986  voicePower:60  location:167,213  env:Eau
	Frog #3  energy:985  voicePower:51  location:349,401  env:Eau
	Frog #4  energy:988  voicePower:77  location:480,295  env:Forêt
	Frog #5  energy:986  voicePower:79  location:216,353  env:Eau
$ Listing all frogs :
	Frog #1  energy:985  voicePower:67  location:102,263  env:Eau
	Frog #2  energy:986  voicePower:60  location:167,213  env:Eau
	Frog #3  energy:985  voicePower:51  location:349,401  env:Eau
	Frog #4  energy:988  voicePower:77  location:480,295  env:Forêt
	Frog #5  energy:986  voicePower:79  location:217,353  env:Eau
$ Listing all frogs :
	Frog #1  energy:984  voicePower:67  location:101,262  env:Eau
	Frog #2  energy:986  voicePower:60  location:167,212  env:Eau
	Frog #3  energy:985  voicePower:51  location:349,401  env:Eau
	Frog #4  energy:988  voicePower:77  location:480,296  env:Forêt
	Frog #5  energy:986  voicePower:79  location:216,353  env:Eau
$ Listing all frogs :
	Frog #1  energy:984  voicePower:67  location:101,262  env:Eau
	Frog #2  energy:985  voicePower:60  location:167,212  env:Eau
	Frog #3  energy:985  voicePower:51  location:350,402  env:Eau
	Frog #4  energy:988  voicePower:77  location:481,295  env:Forêt
	Frog #5  energy:986  voicePower:79  location:216,352  env:Eau
$ Listing all frogs :
	Frog #1  energy:984  voicePower:67  location:101,262  env:Eau
	Frog #2  energy:985  voicePower:60  location:166,211  env:Eau
	Frog #3  energy:985  voicePower:51  location:350,402  env:Eau
	Frog #4  energy:987  voicePower:77  location:480,295  env:Forêt
	Frog #5  energy:986  voicePower:79  location:216,352  env:Eau
$ Listing all frogs :
	Frog #1  energy:984  voicePower:67  location:101,262  env:Eau
	Frog #2  energy:985  voicePower:60  location:167,211  env:Eau
	Frog #3  energy:984  voicePower:51  location:349,403  env:Eau
	Frog #4  energy:987  voicePower:77  location:479,295  env:Forêt
	Frog #5  energy:986  voicePower:79  location:216,352  env:Eau
$ Listing all frogs :
	Frog #1  energy:984  voicePower:67  location:101,263  env:Eau
	Frog #2  energy:985  voicePower:60  location:167,211  env:Eau
	Frog #3  energy:984  voicePower:51  location:349,403  env:Eau
	Frog #4  energy:987  voicePower:77  location:480,296  env:Forêt
	Frog #5  energy:985  voicePower:79  location:216,353  env:Eau
$ Listing all frogs :
	Frog #1  energy:984  voicePower:67  location:101,263  env:Eau
	Frog #2  energy:985  voicePower:60  location:166,212  env:Eau
	Frog #3  energy:984  voicePower:51  location:348,403  env:Eau
	Frog #4  energy:987  voicePower:77  location:481,295  env:Forêt
	Frog #5  energy:985  voicePower:79  location:215,353  env:Eau
$ Listing all frogs :
	Frog #1  energy:984  voicePower:67  location:100,263  env:Eau
	Frog #2  energy:985  voicePower:60  location:166,211  env:Eau
	Frog #3  energy:984  voicePower:51  location:348,403  env:Eau
	Frog #4  energy:986  voicePower:77  location:481,296  env:Forêt
	Frog #5  energy:985  voicePower:79  location:215,354  env:Eau
$ Listing all frogs :
	Frog #1  energy:984  voicePower:67  location:99,263  env:Eau
	Frog #2  energy:984  voicePower:60  location:166,210  env:Eau
	Frog #3  energy:984  voicePower:51  location:348,403  env:Eau
	Frog #4  energy:986  voicePower:77  location:481,296  env:Forêt
	Frog #5  energy:985  voicePower:79  location:216,353  env:Eau
$ Listing all frogs :
	Frog #1  energy:983  voicePower:67  location:100,264  env:Eau
	Frog #2  energy:984  voicePower:60  location:167,211  env:Eau
	Frog #3  energy:984  voicePower:51  location:349,402  env:Eau
	Frog #4  energy:986  voicePower:77  location:482,297  env:Forêt
	Frog #5  energy:985  voicePower:79  location:216,354  env:Eau
$ Listing all frogs :
	Frog #1  energy:983  voicePower:67  location:100,264  env:Eau
	Frog #2  energy:984  voicePower:60  location:166,210  env:Eau
	Frog #3  energy:984  voicePower:51  location:349,402  env:Eau
	Frog #4  energy:986  voicePower:77  location:481,298  env:Forêt
	Frog #5  energy:985  voicePower:79  location:217,354  env:Eau
$ Listing all frogs :
	Frog #1  energy:983  voicePower:67  location:100,263  env:Eau
	Frog #2  energy:983  voicePower:60  location:167,211  env:Eau
	Frog #3  energy:983  voicePower:51  location:349,403  env:Eau
	Frog #4  energy:986  voicePower:77  location:481,297  env:Forêt
	Frog #5  energy:984  voicePower:79  location:217,355  env:Eau
$ Listing all frogs :
	Frog #1  energy:983  voicePower:67  location:100,263  env:Eau
	Frog #2  energy:983  voicePower:60  location:167,212  env:Eau
	Frog #3  energy:983  voicePower:51  location:349,403  env:Eau
	Frog #4  energy:986  voicePower:77  location:482,297  env:Forêt
	Frog #5  energy:984  voicePower:79  location:217,355  env:Eau
$ Listing all frogs :
	Frog #1  energy:983  voicePower:67  location:100,263  env:Eau
	Frog #2  energy:983  voicePower:60  location:166,212  env:Eau
	Frog #3  energy:983  voicePower:51  location:349,404  env:Eau
	Frog #4  energy:985  voicePower:77  location:482,296  env:Forêt
	Frog #5  energy:984  voicePower:79  location:217,355  env:Eau
$ Listing all frogs :
	Frog #1  energy:983  voicePower:67  location:101,263  env:Eau
	Frog #2  energy:983  voicePower:60  location:167,211  env:Eau
	Frog #3  energy:983  voicePower:51  location:349,403  env:Eau
	Frog #4  energy:985  voicePower:77  location:481,296  env:Forêt
	Frog #5  energy:984  voicePower:79  location:217,356  env:Eau
$ Listing all frogs :
	Frog #1  energy:983  voicePower:67  location:101,264  env:Eau
	Frog #2  energy:983  voicePower:60  location:166,211  env:Eau
	Frog #3  energy:983  voicePower:51  location:349,403  env:Eau
	Frog #4  energy:985  voicePower:77  location:481,296  env:Forêt
	Frog #5  energy:984  voicePower:79  location:218,356  env:Eau
$ Listing all frogs :
	Frog #1  energy:983  voicePower:67  location:101,263  env:Eau
	Frog #2  energy:982  voicePower:60  location:166,211  env:Eau
	Frog #3  energy:983  voicePower:51  location:349,404  env:Eau
	Frog #4  energy:985  voicePower:77  location:481,296  env:Forêt
	Frog #5  energy:984  voicePower:79  location:218,355  env:Eau
$ Listing all frogs :
	Frog #1  energy:982  voicePower:67  location:102,264  env:Eau
	Frog #2  energy:982  voicePower:60  location:165,211  env:Eau
	Frog #3  energy:983  voicePower:51  location:349,404  env:Eau
	Frog #4  energy:985  voicePower:77  location:480,297  env:Forêt
	Frog #5  energy:984  voicePower:79  location:218,355  env:Eau
$ Listing all frogs :
	Frog #1  energy:982  voicePower:67  location:102,263  env:Eau
	Frog #2  energy:982  voicePower:60  location:165,211  env:Eau
	Frog #3  energy:982  voicePower:51  location:348,405  env:Eau
	Frog #4  energy:984  voicePower:77  location:481,296  env:Forêt
	Frog #5  energy:984  voicePower:79  location:217,354  env:Eau
$ Listing all frogs :
	Frog #1  energy:982  voicePower:67  location:102,263  env:Eau
	Frog #2  energy:982  voicePower:60  location:165,212  env:Eau
	Frog #3  energy:982  voicePower:51  location:349,405  env:Eau
	Frog #4  energy:984  voicePower:77  location:481,296  env:Forêt
	Frog #5  energy:983  voicePower:79  location:217,355  env:Eau
$ Listing all frogs :
	Frog #1  energy:982  voicePower:67  location:101,264  env:Eau
	Frog #2  energy:982  voicePower:60  location:166,211  env:Eau
	Frog #3  energy:982  voicePower:51  location:349,405  env:Eau
	Frog #4  energy:984  voicePower:77  location:481,297  env:Forêt
	Frog #5  energy:983  voicePower:79  location:217,356  env:Eau
	Frog #6  energy:1000 location:161,129  env:Eau
	Frog #7  energy:1000 location:241,78  env:Eau
	Frog #8  energy:1000 location:475,328  env:Forêt
$ Listing all frogs :
	Frog #1  energy:982  voicePower:67  location:101,264  env:Eau
	Frog #2  energy:981  voicePower:60  location:165,211  env:Eau
	Frog #3  energy:982  voicePower:51  location:349,405  env:Eau
	Frog #4  energy:984  voicePower:77  location:480,297  env:Forêt
	Frog #5  energy:983  voicePower:79  location:217,356  env:Eau
	Frog #6  energy:1000 location:161,129  env:Eau
	Frog #7  energy:1000 location:241,78  env:Eau
	Frog #8  energy:1000 location:475,328  env:Forêt
$ Listing all frogs :
	Frog #1  energy:982  voicePower:67  location:101,264  env:Eau
	Frog #2  energy:981  voicePower:60  location:165,210  env:Eau
	Frog #3  energy:982  voicePower:51  location:349,404  env:Eau
	Frog #4  energy:984  voicePower:77  location:481,297  env:Forêt
	Frog #5  energy:983  voicePower:79  location:218,357  env:Eau
	Frog #6  energy:999 location:161,130  env:Eau
	Frog #7  energy:999 location:241,78  env:Eau
	Frog #8  energy:999 location:476,327  env:Forêt
$ Listing all frogs :
	Frog #1  energy:982  voicePower:67  location:101,265  env:Eau
	Frog #2  energy:981  voicePower:60  location:166,210  env:Eau
	Frog #3  energy:982  voicePower:51  location:348,405  env:Eau
	Frog #4  energy:984  voicePower:77  location:481,298  env:Forêt
	Frog #5  energy:982  voicePower:79  location:218,356  env:Eau
	Frog #6  energy:999 location:162,129  env:Eau
	Frog #7  energy:999 location:242,78  env:Eau
	Frog #8  energy:999 location:476,327  env:Forêt
$ Listing all frogs :
	Frog #1  energy:981  voicePower:67  location:101,264  env:Eau
	Frog #2  energy:981  voicePower:60  location:166,210  env:Eau
	Frog #3  energy:982  voicePower:51  location:349,405  env:Eau
	Frog #4  energy:983  voicePower:77  location:480,299  env:Forêt
	Frog #5  energy:982  voicePower:79  location:218,356  env:Eau
	Frog #6  energy:999 location:162,129  env:Eau
	Frog #7  energy:999 location:242,79  env:Eau
	Frog #8  energy:999 location:476,328  env:Forêt
$ Listing all frogs :
	Frog #1  energy:981  voicePower:67  location:102,265  env:Eau
	Frog #2  energy:981  voicePower:60  location:166,210  env:Eau
	Frog #3  energy:982  voicePower:51  location:349,405  env:Eau
	Frog #4  energy:983  voicePower:77  location:480,299  env:Forêt
	Frog #5  energy:982  voicePower:79  location:217,356  env:Eau
	Frog #6  energy:999 location:162,128  env:Eau
	Frog #7  energy:999 location:241,79  env:Eau
	Frog #8  energy:999 location:476,327  env:Forêt
$ Listing all frogs :
	Frog #1  energy:981  voicePower:67  location:102,266  env:Eau
	Frog #2  energy:981  voicePower:60  location:166,210  env:Eau
	Frog #3  energy:981  voicePower:51  location:349,406  env:Eau
	Frog #4  energy:983  voicePower:77  location:479,299  env:Forêt
	Frog #5  energy:982  voicePower:79  location:217,357  env:Eau
	Frog #6  energy:999 location:163,128  env:Eau
	Frog #7  energy:999 location:241,78  env:Eau
	Frog #8  energy:999 location:475,327  env:Forêt
$ Listing all frogs :
	Frog #1  energy:981  voicePower:67  location:102,265  env:Eau
	Frog #2  energy:981  voicePower:60  location:166,210  env:Eau
	Frog #3  energy:981  voicePower:51  location:350,405  env:Eau
	Frog #4  energy:983  voicePower:77  location:480,298  env:Forêt
	Frog #5  energy:982  voicePower:79  location:218,356  env:Eau
	Frog #6  energy:999 location:163,127  env:Eau
	Frog #7  energy:998 location:242,79  env:Eau
	Frog #8  energy:999 location:475,326  env:Forêt
$ Listing all frogs :
	Frog #1  energy:980  voicePower:67  location:102,265  env:Eau
	Frog #2  energy:981  voicePower:60  location:167,210  env:Eau
	Frog #3  energy:981  voicePower:51  location:350,405  env:Eau
	Frog #4  energy:983  voicePower:77  location:480,298  env:Forêt
	Frog #5  energy:982  voicePower:79  location:217,357  env:Eau
	Frog #6  energy:999 location:163,128  env:Eau
	Frog #7  energy:998 location:242,79  env:Eau
	Frog #8  energy:998 location:475,327  env:Forêt
$ Listing all frogs :
	Frog #1  energy:980  voicePower:67  location:102,264  env:Eau
	Frog #2  energy:980  voicePower:60  location:167,210  env:Eau
	Frog #3  energy:981  voicePower:51  location:350,405  env:Eau
	Frog #4  energy:983  voicePower:77  location:479,298  env:Forêt
	Frog #5  energy:982  voicePower:79  location:217,357  env:Eau
	Frog #6  energy:998 location:162,128  env:Eau
	Frog #7  energy:998 location:241,79  env:Eau
	Frog #8  energy:998 location:475,327  env:Forêt
$ Listing all frogs :
	Frog #1  energy:980  voicePower:67  location:102,265  env:Eau
	Frog #2  energy:980  voicePower:60  location:167,209  env:Eau
	Frog #3  energy:981  voicePower:51  location:351,405  env:Eau
	Frog #4  energy:983  voicePower:77  location:479,298  env:Forêt
	Frog #5  energy:982  voicePower:79  location:216,357  env:Eau
	Frog #6  energy:998 location:162,128  env:Eau
	Frog #7  energy:998 location:241,79  env:Eau
	Frog #8  energy:998 location:474,328  env:Forêt
$ Listing all frogs :
	Frog #1  energy:980  voicePower:67  location:103,265  env:Eau
	Frog #2  energy:980  voicePower:60  location:168,209  env:Eau
	Frog #3  energy:981  voicePower:51  location:351,405  env:Eau
	Frog #4  energy:982  voicePower:77  location:478,297  env:Forêt
	Frog #5  energy:981  voicePower:79  location:217,358  env:Eau
	Frog #6  energy:998 location:163,129  env:Eau
	Frog #7  energy:998 location:240,79  env:Eau
	Frog #8  energy:998 location:473,327  env:Forêt
$ Listing all frogs :
	Frog #1  energy:980  voicePower:67  location:103,265  env:Eau
	Frog #2  energy:980  voicePower:60  location:169,210  env:Eau
	Frog #3  energy:980  voicePower:51  location:351,404  env:Eau
	Frog #4  energy:982  voicePower:77  location:479,297  env:Forêt
	Frog #5  energy:981  voicePower:79  location:218,358  env:Eau
	Frog #6  energy:998 location:163,129  env:Eau
	Frog #7  energy:998 location:241,79  env:Eau
	Frog #8  energy:998 location:474,327  env:Forêt
$ Listing all frogs :
	Frog #1  energy:980  voicePower:67  location:103,265  env:Eau
	Frog #2  energy:980  voicePower:60  location:169,209  env:Eau
	Frog #3  energy:980  voicePower:51  location:350,404  env:Eau
	Frog #4  energy:982  voicePower:77  location:479,298  env:Forêt
	Frog #5  energy:981  voicePower:79  location:219,357  env:Eau
	Frog #6  energy:998 location:164,130  env:Eau
	Frog #7  energy:997 location:242,78  env:Eau
	Frog #8  energy:997 location:475,327  env:Forêt
$ Listing all frogs :
	Frog #1  energy:979  voicePower:67  location:104,264  env:Eau
	Frog #2  energy:980  voicePower:60  location:169,210  env:Eau
	Frog #3  energy:980  voicePower:51  location:350,404  env:Eau
	Frog #4  energy:982  voicePower:77  location:478,297  env:Forêt
	Frog #5  energy:981  voicePower:79  location:218,358  env:Eau
	Frog #6  energy:998 location:164,129  env:Eau
	Frog #7  energy:997 location:242,79  env:Eau
	Frog #8  energy:997 location:475,327  env:Forêt
$ Listing all frogs :
	Frog #1  energy:979  voicePower:67  location:104,264  env:Eau
	Frog #2  energy:980  voicePower:60  location:168,210  env:Eau
	Frog #3  energy:980  voicePower:51  location:350,405  env:Eau
	Frog #4  energy:982  voicePower:77  location:478,297  env:Forêt
	Frog #5  energy:980  voicePower:79  location:218,357  env:Eau
	Frog #6  energy:997 location:164,130  env:Eau
	Frog #7  energy:997 location:242,79  env:Eau
	Frog #8  energy:997 location:475,327  env:Forêt
$ Listing all frogs :
	Frog #1  energy:979  voicePower:67  location:104,263  env:Eau
	Frog #2  energy:979  voicePower:60  location:169,210  env:Eau
	Frog #3  energy:980  voicePower:51  location:351,405  env:Eau
	Frog #4  energy:982  voicePower:77  location:478,297  env:Forêt
	Frog #5  energy:980  voicePower:79  location:218,357  env:Eau
	Frog #6  energy:997 location:164,129  env:Eau
	Frog #7  energy:997 location:242,79  env:Eau
	Frog #8  energy:997 location:475,327  env:Forêt
$ Listing all frogs :
	Frog #1  energy:979  voicePower:67  location:104,264  env:Eau
	Frog #2  energy:979  voicePower:60  location:168,209  env:Eau
	Frog #3  energy:979  voicePower:51  location:350,405  env:Eau
	Frog #4  energy:981  voicePower:77  location:478,297  env:Forêt
	Frog #5  energy:980  voicePower:79  location:218,357  env:Eau
	Frog #6  energy:997 location:164,130  env:Eau
	Frog #7  energy:997 location:242,80  env:Eau
	Frog #8  energy:997 location:476,327  env:Forêt
$ Listing all frogs :
	Frog #1  energy:978  voicePower:67  location:103,264  env:Eau
	Frog #2  energy:979  voicePower:60  location:168,209  env:Eau
	Frog #3  energy:979  voicePower:51  location:350,405  env:Eau
	Frog #4  energy:981  voicePower:77  location:478,297  env:Forêt
	Frog #5  energy:980  voicePower:79  location:219,358  env:Eau
	Frog #6  energy:997 location:164,129  env:Eau
	Frog #7  energy:997 location:241,79  env:Eau
	Frog #8  energy:997 location:476,327  env:Forêt
$ Listing all frogs :
	Frog #1  energy:978  voicePower:67  location:103,264  env:Eau
	Frog #2  energy:979  voicePower:60  location:169,209  env:Eau
	Frog #3  energy:979  voicePower:51  location:350,405  env:Eau
	Frog #4  energy:981  voicePower:77  location:477,298  env:Forêt
	Frog #5  energy:980  voicePower:79  location:218,357  env:Eau
	Frog #6  energy:996 location:165,129  env:Eau
	Frog #7  energy:996 location:241,80  env:Eau
	Frog #8  energy:997 location:476,327  env:Forêt
$ Listing all frogs :
	Frog #1  energy:978  voicePower:67  location:103,264  env:Eau
	Frog #2  energy:978  voicePower:60  location:168,209  env:Eau
	Frog #3  energy:979  voicePower:51  location:350,405  env:Eau
	Frog #4  energy:980  voicePower:77  location:476,298  env:Forêt
	Frog #5  energy:980  voicePower:79  location:218,358  env:Eau
	Frog #6  energy:996 location:165,129  env:Eau
	Frog #7  energy:996 location:241,80  env:Eau
	Frog #8  energy:997 location:476,327  env:Forêt
$ Listing all frogs :
	Frog #1  energy:978  voicePower:67  location:103,263  env:Eau
	Frog #2  energy:978  voicePower:60  location:168,210  env:Eau
	Frog #3  energy:979  voicePower:51  location:351,406  env:Eau
	Frog #4  energy:980  voicePower:77  location:476,298  env:Forêt
	Frog #5  energy:980  voicePower:79  location:218,358  env:Eau
	Frog #6  energy:996 location:166,129  env:Eau
	Frog #7  energy:996 location:241,79  env:Eau
	Frog #8  energy:996 location:475,326  env:Forêt
$ Listing all frogs :
	Frog #1  energy:978  voicePower:67  location:103,263  env:Eau
	Frog #2  energy:978  voicePower:60  location:168,210  env:Eau
	Frog #3  energy:979  voicePower:51  location:351,406  env:Eau
	Frog #4  energy:980  voicePower:77  location:477,298  env:Forêt
	Frog #5  energy:979  voicePower:79  location:217,359  env:Eau
	Frog #6  energy:996 location:166,130  env:Eau
	Frog #7  energy:996 location:242,80  env:Eau
	Frog #8  energy:996 location:475,326  env:Forêt
$ Listing all frogs :
	Frog #1  energy:977  voicePower:67  location:103,264  env:Eau
	Frog #2  energy:978  voicePower:60  location:168,211  env:Eau
	Frog #3  energy:979  voicePower:51  location:351,406  env:Eau
	Frog #4  energy:980  voicePower:77  location:477,298  env:Forêt
	Frog #5  energy:979  voicePower:79  location:218,359  env:Eau
	Frog #6  energy:996 location:166,130  env:Eau
	Frog #7  energy:996 location:242,79  env:Eau
	Frog #8  energy:996 location:475,325  env:Forêt
$ Listing all frogs :
	Frog #1  energy:977  voicePower:67  location:102,264  env:Eau
	Frog #2  energy:978  voicePower:60  location:168,211  env:Eau
	Frog #3  energy:978  voicePower:51  location:351,406  env:Eau
	Frog #4  energy:980  voicePower:77  location:477,299  env:Forêt
	Frog #5  energy:979  voicePower:79  location:219,359  env:Eau
	Frog #6  energy:996 location:166,129  env:Eau
	Frog #7  energy:995 location:243,79  env:Eau
	Frog #8  energy:996 location:475,325  env:Forêt
$ Listing all frogs :
	Frog #1  energy:977  voicePower:67  location:102,264  env:Eau
	Frog #2  energy:978  voicePower:60  location:168,210  env:Eau
	Frog #3  energy:978  voicePower:51  location:351,406  env:Eau
	Frog #4  energy:980  voicePower:77  location:477,298  env:Forêt
	Frog #5  energy:979  voicePower:79  location:219,360  env:Eau
	Frog #6  energy:996 location:166,129  env:Eau
	Frog #7  energy:995 location:243,79  env:Eau
	Frog #8  energy:996 location:475,326  env:Forêt
$ Listing all frogs :
	Frog #1  energy:977  voicePower:67  location:103,263  env:Eau
	Frog #2  energy:978  voicePower:60  location:168,211  env:Eau
	Frog #3  energy:978  voicePower:51  location:351,407  env:Eau
	Frog #4  energy:980  voicePower:77  location:477,298  env:Forêt
	Frog #5  energy:979  voicePower:79  location:220,360  env:Eau
	Frog #6  energy:995 location:165,129  env:Eau
	Frog #7  energy:995 location:242,78  env:Eau
	Frog #8  energy:996 location:475,325  env:Forêt
$ Listing all frogs :
	Frog #1  energy:977  voicePower:67  location:103,262  env:Eau
	Frog #2  energy:977  voicePower:60  location:167,211  env:Eau
	Frog #3  energy:978  voicePower:51  location:352,408  env:Eau
	Frog #4  energy:980  voicePower:77  location:477,298  env:Forêt
	Frog #5  energy:978  voicePower:79  location:219,360  env:Eau
	Frog #6  energy:995 location:166,130  env:Eau
	Frog #7  energy:995 location:241,78  env:Eau
	Frog #8  energy:996 location:475,325  env:Forêt
$ Listing all frogs :
	Frog #1  energy:977  voicePower:67  location:102,262  env:Eau
	Frog #2  energy:977  voicePower:60  location:167,210  env:Eau
	Frog #3  energy:978  voicePower:51  location:351,407  env:Eau
	Frog #4  energy:980  voicePower:77  location:477,297  env:Forêt
	Frog #5  energy:978  voicePower:79  location:218,361  env:Eau
	Frog #6  energy:995 location:166,130  env:Eau
	Frog #7  energy:995 location:241,78  env:Eau
	Frog #8  energy:995 location:475,324  env:Forêt
$ Listing all frogs :
	Frog #1  energy:977  voicePower:67  location:102,261  env:Eau
	Frog #2  energy:977  voicePower:60  location:166,211  env:Eau
	Frog #3  energy:978  voicePower:51  location:351,407  env:Eau
	Frog #4  energy:980  voicePower:77  location:476,298  env:Forêt
	Frog #5  energy:978  voicePower:79  location:218,361  env:Eau
	Frog #6  energy:995 location:166,130  env:Eau
	Frog #7  energy:994 location:240,78  env:Eau
	Frog #8  energy:995 location:476,325  env:Forêt
$ Listing all frogs :
	Frog #1  energy:977  voicePower:67  location:103,261  env:Eau
	Frog #2  energy:977  voicePower:60  location:167,211  env:Eau
	Frog #3  energy:977  voicePower:51  location:351,408  env:Eau
	Frog #4  energy:979  voicePower:77  location:477,297  env:Forêt
	Frog #5  energy:978  voicePower:79  location:218,361  env:Eau
	Frog #6  energy:995 location:167,131  env:Eau
	Frog #7  energy:994 location:241,79  env:Eau
	Frog #8  energy:995 location:475,325  env:Forêt
$ Listing all frogs :
	Frog #1  energy:976  voicePower:67  location:102,262  env:Eau
	Frog #2  energy:977  voicePower:60  location:167,210  env:Eau
	Frog #3  energy:977  voicePower:51  location:352,408  env:Eau
	Frog #4  energy:979  voicePower:77  location:477,298  env:Forêt
	Frog #5  energy:978  voicePower:79  location:219,361  env:Eau
	Frog #6  energy:995 location:166,130  env:Eau
	Frog #7  energy:994 location:241,79  env:Eau
	Frog #8  energy:995 location:475,325  env:Forêt
$ Listing all frogs :
	Frog #1  energy:976  voicePower:67  location:102,262  env:Eau
	Frog #2  energy:977  voicePower:60  location:167,211  env:Eau
	Frog #3  energy:977  voicePower:51  location:352,409  env:Eau
	Frog #4  energy:979  voicePower:77  location:478,297  env:Forêt
	Frog #5  energy:977  voicePower:79  location:220,361  env:Eau
	Frog #6  energy:995 location:167,130  env:Eau
	Frog #7  energy:994 location:242,80  env:Eau
	Frog #8  energy:995 location:474,326  env:Forêt
$ Listing all frogs :
	Frog #1  energy:976  voicePower:67  location:102,261  env:Eau
	Frog #2  energy:977  voicePower:60  location:166,211  env:Eau
	Frog #3  energy:977  voicePower:51  location:353,409  env:Eau
	Frog #4  energy:979  voicePower:77  location:477,298  env:Forêt
	Frog #5  energy:977  voicePower:79  location:220,361  env:Eau
	Frog #6  energy:995 location:167,130  env:Eau
	Frog #7  energy:994 location:242,80  env:Eau
	Frog #8  energy:994 location:475,326  env:Forêt
$ Listing all frogs :
	Frog #1  energy:976  voicePower:67  location:102,261  env:Eau
	Frog #2  energy:977  voicePower:60  location:166,211  env:Eau
	Frog #3  energy:977  voicePower:51  location:353,409  env:Eau
	Frog #4  energy:979  voicePower:77  location:477,297  env:Forêt
	Frog #5  energy:977  voicePower:79  location:220,361  env:Eau
	Frog #6  energy:994 location:166,130  env:Eau
	Frog #7  energy:994 location:243,79  env:Eau
	Frog #8  energy:994 location:475,327  env:Forêt
$ Listing all frogs :
	Frog #1  energy:976  voicePower:67  location:103,262  env:Eau
	Frog #2  energy:977  voicePower:60  location:166,211  env:Eau
	Frog #3  energy:977  voicePower:51  location:353,409  env:Eau
	Frog #4  energy:978  voicePower:77  location:477,298  env:Forêt
	Frog #5  energy:977  voicePower:79  location:219,362  env:Eau
	Frog #6  energy:994 location:166,130  env:Eau
	Frog #7  energy:994 location:243,79  env:Eau
	Frog #8  energy:994 location:475,327  env:Forêt
$ Listing all frogs :
	Frog #1  energy:976  voicePower:67  location:103,261  env:Eau
	Frog #2  energy:976  voicePower:60  location:165,211  env:Eau
	Frog #3  energy:977  voicePower:51  location:353,410  env:Eau
	Frog #4  energy:978  voicePower:77  location:478,298  env:Forêt
	Frog #5  energy:976  voicePower:79  location:220,361  env:Eau
	Frog #6  energy:994 location:166,131  env:Eau
	Frog #7  energy:993 location:242,80  env:Eau
	Frog #8  energy:994 location:475,327  env:Forêt
$ Listing all frogs :
	Frog #1  energy:976  voicePower:67  location:102,261  env:Eau
	Frog #2  energy:976  voicePower:60  location:165,211  env:Eau
	Frog #3  energy:977  voicePower:51  location:353,410  env:Eau
	Frog #4  energy:978  voicePower:77  location:477,298  env:Forêt
	Frog #5  energy:976  voicePower:79  location:221,361  env:Eau
	Frog #6  energy:994 location:165,130  env:Eau
	Frog #7  energy:993 location:242,80  env:Eau
	Frog #8  energy:994 location:475,327  env:Forêt
$ Listing all frogs :
	Frog #1  energy:976  voicePower:67  location:102,261  env:Eau
	Frog #2  energy:976  voicePower:60  location:165,211  env:Eau
	Frog #3  energy:976  voicePower:51  location:354,409  env:Eau
	Frog #4  energy:978  voicePower:77  location:476,299  env:Forêt
	Frog #5  energy:976  voicePower:79  location:220,361  env:Eau
	Frog #6  energy:993 location:164,130  env:Eau
	Frog #7  energy:993 location:243,81  env:Eau
	Frog #8  energy:994 location:476,327  env:Forêt
$ Listing all frogs :
	Frog #1  energy:975  voicePower:67  location:102,261  env:Eau
	Frog #2  energy:976  voicePower:60  location:164,212  env:Eau
	Frog #3  energy:976  voicePower:51  location:354,410  env:Eau
	Frog #4  energy:978  voicePower:77  location:477,298  env:Forêt
	Frog #5  energy:976  voicePower:79  location:220,360  env:Eau
	Frog #6  energy:993 location:165,129  env:Eau
	Frog #7  energy:993 location:242,80  env:Eau
	Frog #8  energy:994 location:476,327  env:Forêt
$ Listing all frogs :
	Frog #1  energy:975  voicePower:67  location:103,261  env:Eau
	Frog #2  energy:976  voicePower:60  location:165,212  env:Eau
	Frog #3  energy:976  voicePower:51  location:354,409  env:Eau
	Frog #4  energy:978  voicePower:77  location:476,298  env:Forêt
	Frog #5  energy:976  voicePower:79  location:220,360  env:Eau
	Frog #6  energy:993 location:166,130  env:Eau
	Frog #7  energy:993 location:243,80  env:Eau
	Frog #8  energy:993 location:476,327  env:Forêt
$ Listing all frogs :
	Frog #1  energy:975  voicePower:67  location:102,261  env:Eau
	Frog #2  energy:976  voicePower:60  location:164,212  env:Eau
	Frog #3  energy:976  voicePower:51  location:354,409  env:Eau
	Frog #4  energy:977  voicePower:77  location:477,297  env:Forêt
	Frog #5  energy:976  voicePower:79  location:220,360  env:Eau
	Frog #6  energy:993 location:166,129  env:Eau
	Frog #7  energy:993 location:243,80  env:Eau
	Frog #8  energy:993 location:475,327  env:Forêt
$ Listing all frogs :
	Frog #1  energy:975  voicePower:67  location:103,261  env:Eau
	Frog #2  energy:976  voicePower:60  location:164,213  env:Eau
	Frog #3  energy:976  voicePower:51  location:353,409  env:Eau
	Frog #4  energy:977  voicePower:77  location:476,298  env:Forêt
	Frog #5  energy:976  voicePower:79  location:221,361  env:Eau
	Frog #6  energy:993 location:166,129  env:Eau
	Frog #7  energy:993 location:244,81  env:Eau
	Frog #8  energy:993 location:475,328  env:Forêt
$ Listing all frogs :
	Frog #1  energy:975  voicePower:67  location:103,262  env:Eau
	Frog #2  energy:976  voicePower:60  location:164,213  env:Eau
	Frog #3  energy:976  voicePower:51  location:353,408  env:Eau
	Frog #4  energy:977  voicePower:77  location:476,298  env:Forêt
	Frog #5  energy:975  voicePower:79  location:221,361  env:Eau
	Frog #6  energy:992 location:167,129  env:Eau
	Frog #7  energy:992 location:244,80  env:Eau
	Frog #8  energy:993 location:474,328  env:Forêt
$ Listing all frogs :
	Frog #1  energy:975  voicePower:67  location:102,263  env:Eau
	Frog #2  energy:975  voicePower:60  location:165,214  env:Eau
	Frog #3  energy:975  voicePower:51  location:353,409  env:Eau
	Frog #4  energy:977  voicePower:77  location:477,298  env:Forêt
	Frog #5  energy:975  voicePower:79  location:221,360  env:Eau
	Frog #6  energy:992 location:166,129  env:Eau
	Frog #7  energy:992 location:245,80  env:Eau
	Frog #8  energy:993 location:474,328  env:Forêt
$ Listing all frogs :
	Frog #1  energy:974  voicePower:67  location:102,263  env:Eau
	Frog #2  energy:975  voicePower:60  location:165,214  env:Eau
	Frog #3  energy:975  voicePower:51  location:353,409  env:Eau
	Frog #4  energy:977  voicePower:77  location:476,298  env:Forêt
	Frog #5  energy:975  voicePower:79  location:221,360  env:Eau
	Frog #6  energy:992 location:167,129  env:Eau
	Frog #7  energy:992 location:245,80  env:Eau
	Frog #8  energy:992 location:475,327  env:Forêt
$ Listing all frogs :
	Frog #1  energy:974  voicePower:67  location:101,263  env:Eau
	Frog #2  energy:975  voicePower:60  location:165,214  env:Eau
	Frog #3  energy:975  voicePower:51  location:353,409  env:Eau
	Frog #4  energy:977  voicePower:77  location:476,298  env:Forêt
	Frog #5  energy:975  voicePower:79  location:220,359  env:Eau
	Frog #6  energy:992 location:166,129  env:Eau
	Frog #7  energy:992 location:245,80  env:Eau
	Frog #8  energy:992 location:474,326  env:Forêt
$ Listing all frogs :
	Frog #1  energy:974  voicePower:67  location:102,263  env:Eau
	Frog #2  energy:975  voicePower:60  location:165,214  env:Eau
	Frog #3  energy:975  voicePower:51  location:353,410  env:Eau
	Frog #4  energy:976  voicePower:77  location:476,297  env:Forêt
	Frog #5  energy:974  voicePower:79  location:219,358  env:Eau
	Frog #6  energy:992 location:166,129  env:Eau
	Frog #7  energy:992 location:245,80  env:Eau
	Frog #8  energy:992 location:475,326  env:Forêt
$ Listing all frogs :
	Frog #1  energy:974  voicePower:67  location:102,263  env:Eau
	Frog #2  energy:975  voicePower:60  location:166,215  env:Eau
	Frog #3  energy:975  voicePower:51  location:353,409  env:Eau
	Frog #4  energy:976  voicePower:77  location:476,297  env:Forêt
	Frog #5  energy:974  voicePower:79  location:219,358  env:Eau
	Frog #6  energy:992 location:165,128  env:Eau
	Frog #7  energy:992 location:245,80  env:Eau
	Frog #8  energy:992 location:475,326  env:Forêt
$ Listing all frogs :
	Frog #1  energy:974  voicePower:67  location:101,263  env:Eau
	Frog #2  energy:975  voicePower:60  location:165,215  env:Eau
	Frog #3  energy:975  voicePower:51  location:353,410  env:Eau
	Frog #4  energy:976  voicePower:77  location:476,298  env:Forêt
	Frog #5  energy:974  voicePower:79  location:218,358  env:Eau
	Frog #6  energy:992 location:165,128  env:Eau
	Frog #7  energy:992 location:246,80  env:Eau
	Frog #8  energy:992 location:475,326  env:Forêt
$ Listing all frogs :
	Frog #1  energy:974  voicePower:67  location:101,263  env:Eau
	Frog #2  energy:975  voicePower:60  location:166,215  env:Eau
	Frog #3  energy:974  voicePower:51  location:353,411  env:Forêt
	Frog #4  energy:976  voicePower:77  location:476,297  env:Forêt
	Frog #5  energy:974  voicePower:79  location:219,358  env:Eau
	Frog #6  energy:992 location:164,128  env:Eau
	Frog #7  energy:991 location:245,80  env:Eau
	Frog #8  energy:992 location:475,327  env:Forêt
$ Listing all frogs :
	Frog #1  energy:974  voicePower:67  location:101,263  env:Eau
	Frog #2  energy:975  voicePower:60  location:165,215  env:Eau
	Frog #3  energy:974  voicePower:51  location:353,411  env:Forêt
	Frog #4  energy:976  voicePower:77  location:476,297  env:Forêt
	Frog #5  energy:974  voicePower:79  location:218,358  env:Eau
	Frog #6  energy:991 location:165,128  env:Eau
	Frog #7  energy:991 location:245,80  env:Eau
	Frog #8  energy:992 location:476,326  env:Forêt
$ Listing all frogs :
	Frog #1  energy:974  voicePower:67  location:102,263  env:Eau
	Frog #2  energy:974  voicePower:60  location:166,215  env:Eau
	Frog #3  energy:974  voicePower:51  location:354,412  env:Forêt
	Frog #4  energy:976  voicePower:77  location:477,297  env:Forêt
	Frog #5  energy:974  voicePower:79  location:218,357  env:Eau
	Frog #6  energy:991 location:164,128  env:Eau
	Frog #7  energy:991 location:245,81  env:Eau
	Frog #8  energy:991 location:475,327  env:Forêt
$ Listing all frogs :
	Frog #1  energy:973  voicePower:67  location:101,262  env:Eau
	Frog #2  energy:974  voicePower:60  location:167,215  env:Eau
	Frog #3  energy:974  voicePower:51  location:354,411  env:Forêt
	Frog #4  energy:975  voicePower:77  location:477,296  env:Forêt
	Frog #5  energy:973  voicePower:79  location:218,358  env:Eau
	Frog #6  energy:991 location:163,128  env:Eau
	Frog #7  energy:991 location:245,81  env:Eau
	Frog #8  energy:991 location:476,327  env:Forêt
$ Listing all frogs :
	Frog #1  energy:973  voicePower:67  location:100,262  env:Eau
	Frog #2  energy:974  voicePower:60  location:167,215  env:Eau
	Frog #3  energy:974  voicePower:51  location:353,411  env:Forêt
	Frog #4  energy:975  voicePower:77  location:477,297  env:Forêt
	Frog #5  energy:973  voicePower:79  location:218,358  env:Eau
	Frog #6  energy:991 location:162,128  env:Eau
	Frog #7  energy:991 location:245,81  env:Eau
	Frog #8  energy:991 location:477,326  env:Forêt
$ Listing all frogs :
	Frog #1  energy:973  voicePower:67  location:101,263  env:Eau
	Frog #2  energy:974  voicePower:60  location:167,214  env:Eau
	Frog #3  energy:974  voicePower:51  location:353,411  env:Forêt
	Frog #4  energy:975  voicePower:77  location:477,296  env:Forêt
	Frog #5  energy:973  voicePower:79  location:217,357  env:Eau
	Frog #6  energy:990 location:162,129  env:Eau
	Frog #7  energy:991 location:245,81  env:Eau
	Frog #8  energy:991 location:477,327  env:Forêt
$ Listing all frogs :
	Frog #1  energy:973  voicePower:67  location:101,263  env:Eau
	Frog #2  energy:974  voicePower:60  location:168,214  env:Eau
	Frog #3  energy:974  voicePower:51  location:353,411  env:Forêt
	Frog #4  energy:975  voicePower:77  location:477,296  env:Forêt
	Frog #5  energy:973  voicePower:79  location:217,356  env:Eau
	Frog #6  energy:990 location:162,129  env:Eau
	Frog #7  energy:991 location:246,81  env:Eau
	Frog #8  energy:990 location:477,326  env:Forêt
$ Listing all frogs :
	Frog #1  energy:973  voicePower:67  location:100,263  env:Eau
	Frog #2  energy:974  voicePower:60  location:167,214  env:Eau
	Frog #3  energy:973  voicePower:51  location:352,411  env:Forêt
	Frog #4  energy:975  voicePower:77  location:478,295  env:Forêt
	Frog #5  energy:973  voicePower:79  location:217,356  env:Eau
	Frog #6  energy:990 location:162,130  env:Eau
	Frog #7  energy:990 location:245,81  env:Eau
	Frog #8  energy:990 location:477,326  env:Forêt
$ Listing all frogs :
	Frog #1  energy:972  voicePower:67  location:100,263  env:Eau
	Frog #2  energy:974  voicePower:60  location:167,214  env:Eau
	Frog #3  energy:973  voicePower:51  location:353,411  env:Forêt
	Frog #4  energy:975  voicePower:77  location:478,295  env:Forêt
	Frog #5  energy:973  voicePower:79  location:218,356  env:Eau
	Frog #6  energy:990 location:161,130  env:Eau
	Frog #7  energy:990 location:246,81  env:Eau
	Frog #8  energy:990 location:477,326  env:Forêt
$ Listing all frogs :
	Frog #1  energy:972  voicePower:67  location:100,262  env:Eau
	Frog #2  energy:974  voicePower:60  location:167,214  env:Eau
	Frog #3  energy:973  voicePower:51  location:352,411  env:Forêt
	Frog #4  energy:974  voicePower:77  location:478,294  env:Forêt
	Frog #5  energy:973  voicePower:79  location:218,356  env:Eau
	Frog #6  energy:990 location:161,131  env:Eau
	Frog #7  energy:990 location:246,81  env:Eau
	Frog #8  energy:990 location:478,326  env:Forêt
$ Listing all frogs :
	Frog #1  energy:972  voicePower:67  location:100,261  env:Eau
	Frog #2  energy:973  voicePower:60  location:166,214  env:Eau
	Frog #3  energy:973  voicePower:51  location:352,412  env:Forêt
	Frog #4  energy:974  voicePower:77  location:478,294  env:Forêt
	Frog #5  energy:973  voicePower:79  location:218,356  env:Eau
	Frog #6  energy:990 location:161,131  env:Eau
	Frog #7  energy:990 location:246,81  env:Eau
	Frog #8  energy:990 location:478,326  env:Forêt
$ Listing all frogs :
	Frog #1  energy:972  voicePower:67  location:100,261  env:Eau
	Frog #2  energy:973  voicePower:60  location:165,214  env:Eau
	Frog #3  energy:973  voicePower:51  location:353,412  env:Forêt
	Frog #4  energy:974  voicePower:77  location:478,293  env:Forêt
	Frog #5  energy:973  voicePower:79  location:218,356  env:Eau
	Frog #6  energy:990 location:161,130  env:Eau
	Frog #7  energy:990 location:246,81  env:Eau
	Frog #8  energy:989 location:477,327  env:Forêt
$ Listing all frogs :
	Frog #1  energy:972  voicePower:67  location:100,261  env:Eau
	Frog #2  energy:973  voicePower:60  location:166,214  env:Eau
	Frog #3  energy:973  voicePower:51  location:354,412  env:Forêt
	Frog #4  energy:974  voicePower:77  location:479,294  env:Forêt
	Frog #5  energy:972  voicePower:79  location:219,357  env:Eau
	Frog #6  energy:990 location:160,130  env:Eau
	Frog #7  energy:990 location:245,81  env:Eau
	Frog #8  energy:989 location:477,327  env:Forêt
$ Listing all frogs :
	Frog #1  energy:972  voicePower:67  location:100,261  env:Eau
	Frog #2  energy:973  voicePower:60  location:166,213  env:Eau
	Frog #3  energy:973  voicePower:51  location:353,412  env:Forêt
	Frog #4  energy:974  voicePower:77  location:479,294  env:Forêt
	Frog #5  energy:972  voicePower:79  location:219,357  env:Eau
	Frog #6  energy:990 location:160,131  env:Eau
	Frog #7  energy:989 location:246,81  env:Eau
	Frog #8  energy:989 location:477,327  env:Forêt
$ Listing all frogs :
	Frog #1  energy:971  voicePower:67  location:100,261  env:Eau
	Frog #2  energy:973  voicePower:60  location:166,213  env:Eau
	Frog #3  energy:972  voicePower:51  location:354,412  env:Forêt
	Frog #4  energy:973  voicePower:77  location:480,295  env:Forêt
	Frog #5  energy:972  voicePower:79  location:219,356  env:Eau
	Frog #6  energy:989 location:160,130  env:Eau
	Frog #7  energy:989 location:247,82  env:Eau
	Frog #8  energy:989 location:477,327  env:Forêt
$ Listing all frogs :
	Frog #1  energy:971  voicePower:67  location:100,261  env:Eau
	Frog #2  energy:973  voicePower:60  location:167,213  env:Eau
	Frog #3  energy:972  voicePower:51  location:353,412  env:Forêt
	Frog #4  energy:973  voicePower:77  location:480,295  env:Forêt
	Frog #5  energy:972  voicePower:79  location:218,356  env:Eau
	Frog #6  energy:989 location:160,130  env:Eau
	Frog #7  energy:989 location:246,82  env:Eau
	Frog #8  energy:989 location:477,328  env:Forêt
$ Listing all frogs :
	Frog #1  energy:971  voicePower:67  location:101,260  env:Eau
	Frog #2  energy:973  voicePower:60  location:168,214  env:Eau
	Frog #3  energy:972  voicePower:51  location:353,413  env:Forêt
	Frog #4  energy:973  voicePower:77  location:480,295  env:Forêt
	Frog #5  energy:972  voicePower:79  location:218,355  env:Eau
	Frog #6  energy:989 location:159,130  env:Eau
	Frog #7  energy:989 location:247,83  env:Eau
	Frog #8  energy:989 location:477,328  env:Forêt
$ Listing all frogs :
	Frog #1  energy:971  voicePower:67  location:100,260  env:Eau
	Frog #2  energy:972  voicePower:60  location:167,214  env:Eau
	Frog #3  energy:972  voicePower:51  location:353,412  env:Forêt
	Frog #4  energy:973  voicePower:77  location:480,296  env:Forêt
	Frog #5  energy:972  voicePower:79  location:219,356  env:Eau
	Frog #6  energy:989 location:160,130  env:Eau
	Frog #7  energy:988 location:248,83  env:Eau
	Frog #8  energy:988 location:477,327  env:Forêt
$ Listing all frogs :
	Frog #1  energy:971  voicePower:67  location:100,260  env:Eau
	Frog #2  energy:972  voicePower:60  location:167,213  env:Eau
	Frog #3  energy:972  voicePower:51  location:353,412  env:Forêt
	Frog #4  energy:973  voicePower:77  location:479,296  env:Forêt
	Frog #5  energy:971  voicePower:79  location:220,356  env:Eau
	Frog #6  energy:989 location:161,130  env:Eau
	Frog #7  energy:988 location:248,83  env:Eau
	Frog #8  energy:988 location:476,327  env:Forêt
$ Listing all frogs :
	Frog #1  energy:971  voicePower:67  location:100,259  env:Eau
	Frog #2  energy:972  voicePower:60  location:167,214  env:Eau
	Frog #3  energy:972  voicePower:51  location:353,412  env:Forêt
	Frog #4  energy:973  voicePower:77  location:479,296  env:Forêt
	Frog #5  energy:971  voicePower:79  location:220,356  env:Eau
	Frog #6  energy:989 location:161,130  env:Eau
	Frog #7  energy:988 location:249,83  env:Eau
	Frog #8  energy:988 location:476,326  env:Forêt
$ Listing all frogs :
	Frog #1  energy:971  voicePower:67  location:100,259  env:Eau
	Frog #2  energy:972  voicePower:60  location:168,213  env:Eau
	Frog #3  energy:972  voicePower:51  location:352,412  env:Forêt
	Frog #4  energy:972  voicePower:77  location:478,297  env:Forêt
	Frog #5  energy:971  voicePower:79  location:220,355  env:Eau
	Frog #6  energy:989 location:161,130  env:Eau
	Frog #7  energy:988 location:248,82  env:Eau
	Frog #8  energy:988 location:477,327  env:Forêt
$ Listing all frogs :
	Frog #1  energy:971  voicePower:67  location:100,259  env:Eau
	Frog #2  energy:972  voicePower:60  location:168,213  env:Eau
	Frog #3  energy:972  voicePower:51  location:353,413  env:Forêt
	Frog #4  energy:972  voicePower:77  location:479,296  env:Forêt
	Frog #5  energy:971  voicePower:79  location:221,355  env:Eau
	Frog #6  energy:988 location:160,129  env:Eau
	Frog #7  energy:988 location:248,82  env:Eau
	Frog #8  energy:988 location:477,326  env:Forêt
$ Listing all frogs :
	Frog #1  energy:971  voicePower:67  location:100,259  env:Eau
	Frog #2  energy:971  voicePower:60  location:169,214  env:Eau
	Frog #3  energy:972  voicePower:51  location:353,414  env:Forêt
	Frog #4  energy:972  voicePower:77  location:479,297  env:Forêt
	Frog #5  energy:971  voicePower:79  location:221,354  env:Eau
	Frog #6  energy:988 location:160,129  env:Eau
	Frog #7  energy:988 location:248,83  env:Eau
	Frog #8  energy:987 location:477,327  env:Forêt
$ Listing all frogs :
	Frog #1  energy:971  voicePower:67  location:100,259  env:Eau
	Frog #2  energy:971  voicePower:60  location:170,214  env:Eau
	Frog #3  energy:971  voicePower:51  location:353,414  env:Forêt
	Frog #4  energy:972  voicePower:77  location:479,296  env:Forêt
	Frog #5  energy:970  voicePower:79  location:220,355  env:Eau
	Frog #6  energy:988 location:161,129  env:Eau
	Frog #7  energy:988 location:247,84  env:Eau
	Frog #8  energy:987 location:476,326  env:Forêt
$ Listing all frogs :
	Frog #1  energy:970  voicePower:67  location:100,260  env:Eau
	Frog #2  energy:971  voicePower:60  location:169,213  env:Eau
	Frog #3  energy:971  voicePower:51  location:353,415  env:Forêt
	Frog #4  energy:972  voicePower:77  location:479,296  env:Forêt
	Frog #5  energy:970  voicePower:79  location:221,355  env:Eau
	Frog #6  energy:988 location:160,129  env:Eau
	Frog #7  energy:987 location:248,84  env:Eau
	Frog #8  energy:987 location:476,326  env:Forêt
$ Listing all frogs :
	Frog #1  energy:970  voicePower:67  location:101,260  env:Eau
	Frog #2  energy:971  voicePower:60  location:169,213  env:Eau
	Frog #3  energy:971  voicePower:51  location:354,415  env:Forêt
	Frog #4  energy:972  voicePower:77  location:480,296  env:Forêt
	Frog #5  energy:970  voicePower:79  location:221,355  env:Eau
	Frog #6  energy:988 location:160,128  env:Eau
	Frog #7  energy:987 location:248,84  env:Eau
	Frog #8  energy:987 location:477,325  env:Forêt
$ Listing all frogs :
	Frog #1  energy:970  voicePower:67  location:101,260  env:Eau
	Frog #2  energy:971  voicePower:60  location:170,213  env:Eau
	Frog #3  energy:971  voicePower:51  location:353,416  env:Forêt
	Frog #4  energy:971  voicePower:77  location:480,295  env:Forêt
	Frog #5  energy:970  voicePower:79  location:222,355  env:Eau
	Frog #6  energy:988 location:160,129  env:Eau
	Frog #7  energy:987 location:248,84  env:Eau
	Frog #8  energy:986 location:476,325  env:Forêt
$ Listing all frogs :
	Frog #1  energy:970  voicePower:67  location:102,259  env:Eau
	Frog #2  energy:971  voicePower:60  location:169,213  env:Eau
	Frog #3  energy:970  voicePower:51  location:352,417  env:Forêt
	Frog #4  energy:971  voicePower:77  location:481,295  env:Forêt
	Frog #5  energy:970  voicePower:79  location:222,356  env:Eau
	Frog #6  energy:988 location:160,129  env:Eau
	Frog #7  energy:987 location:248,85  env:Eau
	Frog #8  energy:986 location:476,325  env:Forêt
$ Listing all frogs :
	Frog #1  energy:970  voicePower:67  location:101,259  env:Eau
	Frog #2  energy:971  voicePower:60  location:169,213  env:Eau
	Frog #3  energy:970  voicePower:51  location:352,416  env:Forêt
	Frog #4  energy:971  voicePower:77  location:481,295  env:Forêt
	Frog #5  energy:970  voicePower:79  location:222,355  env:Eau
	Frog #6  energy:988 location:160,129  env:Eau
	Frog #7  energy:987 location:249,84  env:Eau
	Frog #8  energy:986 location:476,326  env:Forêt
$ Listing all frogs :
	Frog #1  energy:969  voicePower:67  location:100,260  env:Eau
	Frog #2  energy:970  voicePower:60  location:168,213  env:Eau
	Frog #3  energy:970  voicePower:51  location:352,415  env:Forêt
	Frog #4  energy:971  voicePower:77  location:481,295  env:Forêt
	Frog #5  energy:969  voicePower:79  location:222,355  env:Eau
	Frog #6  energy:987 location:160,129  env:Eau
	Frog #7  energy:987 location:249,84  env:Eau
	Frog #8  energy:986 location:476,325  env:Forêt
$ Listing all frogs :
	Frog #1  energy:969  voicePower:67  location:100,260  env:Eau
	Frog #2  energy:970  voicePower:60  location:168,212  env:Eau
	Frog #3  energy:970  voicePower:51  location:352,415  env:Forêt
	Frog #4  energy:971  voicePower:77  location:482,295  env:Forêt
	Frog #5  energy:969  voicePower:79  location:223,355  env:Eau
	Frog #6  energy:987 location:160,128  env:Eau
	Frog #7  energy:986 location:250,84  env:Eau
	Frog #8  energy:986 location:476,325  env:Forêt
$ Listing all frogs :
	Frog #1  energy:969  voicePower:67  location:99,260  env:Eau
	Frog #2  energy:970  voicePower:60  location:168,212  env:Eau
	Frog #3  energy:970  voicePower:51  location:352,415  env:Forêt
	Frog #4  energy:971  voicePower:77  location:482,294  env:Forêt
	Frog #5  energy:969  voicePower:79  location:223,355  env:Eau
	Frog #6  energy:987 location:161,127  env:Eau
	Frog #7  energy:986 location:249,85  env:Eau
	Frog #8  energy:986 location:476,325  env:Forêt
$ Listing all frogs :
	Frog #1  energy:969  voicePower:67  location:100,260  env:Eau
	Frog #2  energy:970  voicePower:60  location:168,213  env:Eau
	Frog #3  energy:970  voicePower:51  location:352,416  env:Forêt
	Frog #4  energy:971  voicePower:77  location:482,294  env:Forêt
	Frog #5  energy:969  voicePower:79  location:224,355  env:Eau
	Frog #6  energy:987 location:161,127  env:Eau
	Frog #7  energy:986 location:250,85  env:Eau
	Frog #8  energy:986 location:476,325  env:Forêt
$ Listing all frogs :
	Frog #1  energy:969  voicePower:67  location:100,260  env:Eau
	Frog #2  energy:970  voicePower:60  location:168,213  env:Eau
	Frog #3  energy:970  voicePower:51  location:353,416  env:Forêt
	Frog #4  energy:971  voicePower:77  location:482,294  env:Forêt
	Frog #5  energy:969  voicePower:79  location:223,355  env:Eau
	Frog #6  energy:987 location:162,128  env:Eau
	Frog #7  energy:986 location:250,85  env:Eau
	Frog #8  energy:986 location:476,325  env:Forêt
$ Listing all frogs :
	Frog #1  energy:969  voicePower:67  location:100,259  env:Eau
	Frog #2  energy:970  voicePower:60  location:168,212  env:Eau
	Frog #3  energy:969  voicePower:51  location:352,417  env:Forêt
	Frog #4  energy:970  voicePower:77  location:482,294  env:Forêt
	Frog #5  energy:969  voicePower:79  location:223,356  env:Eau
	Frog #6  energy:986 location:162,128  env:Eau
	Frog #7  energy:986 location:250,85  env:Eau
	Frog #8  energy:986 location:477,325  env:Forêt
$ Listing all frogs :
	Frog #1  energy:969  voicePower:67  location:100,259  env:Eau
	Frog #2  energy:970  voicePower:60  location:168,212  env:Eau
	Frog #3  energy:969  voicePower:51  location:352,417  env:Forêt
	Frog #4  energy:970  voicePower:77  location:482,294  env:Forêt
	Frog #5  energy:969  voicePower:79  location:223,356  env:Eau
	Frog #6  energy:986 location:163,128  env:Eau
	Frog #7  energy:986 location:250,86  env:Eau
	Frog #8  energy:985 location:477,324  env:Forêt
$ Listing all frogs :
	Frog #1  energy:968  voicePower:67  location:99,260  env:Eau
	Frog #2  energy:970  voicePower:60  location:168,212  env:Eau
	Frog #3  energy:969  voicePower:51  location:351,417  env:Forêt
	Frog #4  energy:970  voicePower:77  location:482,293  env:Forêt
	Frog #5  energy:969  voicePower:79  location:223,356  env:Eau
	Frog #6  energy:986 location:162,128  env:Eau
	Frog #7  energy:986 location:250,86  env:Eau
	Frog #8  energy:985 location:477,325  env:Forêt
$ Listing all frogs :
	Frog #1  energy:968  voicePower:67  location:99,260  env:Eau
	Frog #2  energy:970  voicePower:60  location:168,212  env:Eau
	Frog #3  energy:969  voicePower:51  location:351,417  env:Forêt
	Frog #4  energy:970  voicePower:77  location:481,293  env:Forêt
	Frog #5  energy:969  voicePower:79  location:224,356  env:Eau
	Frog #6  energy:986 location:162,129  env:Eau
	Frog #7  energy:985 location:250,86  env:Eau
	Frog #8  energy:985 location:476,324  env:Forêt
$ Listing all frogs :
	Frog #1  energy:968  voicePower:67  location:99,260  env:Eau
	Frog #2  energy:970  voicePower:60  location:168,212  env:Eau
	Frog #3  energy:969  voicePower:51  location:352,418  env:Forêt
	Frog #4  energy:970  voicePower:77  location:481,293  env:Forêt
	Frog #5  energy:968  voicePower:79  location:223,356  env:Eau
	Frog #6  energy:986 location:161,129  env:Eau
	Frog #7  energy:985 location:250,85  env:Eau
	Frog #8  energy:985 location:476,324  env:Forêt
$ Listing all frogs :
	Frog #1  energy:968  voicePower:67  location:99,261  env:Eau
	Frog #2  energy:969  voicePower:60  location:169,212  env:Eau
	Frog #3  energy:968  voicePower:51  location:352,419  env:Forêt
	Frog #4  energy:969  voicePower:77  location:482,292  env:Forêt
	Frog #5  energy:968  voicePower:79  location:224,357  env:Eau
	Frog #6  energy:986 location:161,129  env:Eau
	Frog #7  energy:985 location:250,85  env:Eau
	Frog #8  energy:985 location:477,324  env:Forêt
$ Listing all frogs :
	Frog #1  energy:968  voicePower:67  location:99,261  env:Eau
	Frog #2  energy:969  voicePower:60  location:169,212  env:Eau
	Frog #3  energy:968  voicePower:51  location:352,419  env:Forêt
	Frog #4  energy:969  voicePower:77  location:482,292  env:Forêt
	Frog #5  energy:968  voicePower:79  location:223,356  env:Eau
	Frog #6  energy:986 location:161,129  env:Eau
	Frog #7  energy:985 location:250,85  env:Eau
	Frog #8  energy:985 location:478,323  env:Forêt
$ Listing all frogs :
	Frog #1  energy:968  voicePower:67  location:99,261  env:Eau
	Frog #2  energy:969  voicePower:60  location:169,213  env:Eau
	Frog #3  energy:968  voicePower:51  location:352,419  env:Forêt
	Frog #4  energy:969  voicePower:77  location:482,292  env:Forêt
	Frog #5  energy:968  voicePower:79  location:224,355  env:Eau
	Frog #6  energy:985 location:161,130  env:Eau
	Frog #7  energy:985 location:249,86  env:Eau
	Frog #8  energy:985 location:478,324  env:Forêt
$ Listing all frogs :
	Frog #1  energy:968  voicePower:67  location:100,261  env:Eau
	Frog #2  energy:969  voicePower:60  location:169,213  env:Eau
	Frog #3  energy:968  voicePower:51  location:351,419  env:Forêt
	Frog #4  energy:968  voicePower:77  location:483,292  env:Forêt
	Frog #5  energy:967  voicePower:79  location:223,355  env:Eau
	Frog #6  energy:985 location:162,130  env:Eau
	Frog #7  energy:985 location:249,87  env:Eau
	Frog #8  energy:984 location:478,324  env:Forêt
$ Listing all frogs :
	Frog #1  energy:968  voicePower:67  location:100,261  env:Eau
	Frog #2  energy:969  voicePower:60  location:169,213  env:Eau
	Frog #3  energy:968  voicePower:51  location:351,419  env:Forêt
	Frog #4  energy:968  voicePower:77  location:483,292  env:Forêt
	Frog #5  energy:967  voicePower:79  location:223,354  env:Eau
	Frog #6  energy:985 location:163,130  env:Eau
	Frog #7  energy:985 location:249,87  env:Eau
	Frog #8  energy:984 location:478,324  env:Forêt
$ Listing all frogs :
	Frog #1  energy:968  voicePower:67  location:100,261  env:Eau
	Frog #2  energy:968  voicePower:60  location:168,212  env:Eau
	Frog #3  energy:968  voicePower:51  location:350,419  env:Forêt
	Frog #4  energy:968  voicePower:77  location:482,293  env:Forêt
	Frog #5  energy:967  voicePower:79  location:222,354  env:Eau
	Frog #6  energy:985 location:162,130  env:Eau
	Frog #7  energy:985 location:249,86  env:Eau
	Frog #8  energy:984 location:478,325  env:Forêt
$ Listing all frogs :
	Frog #1  energy:967  voicePower:67  location:100,261  env:Eau
	Frog #2  energy:968  voicePower:60  location:168,212  env:Eau
	Frog #3  energy:968  voicePower:51  location:351,419  env:Forêt
	Frog #4  energy:968  voicePower:77  location:482,294  env:Forêt
	Frog #5  energy:967  voicePower:79  location:223,354  env:Eau
	Frog #6  energy:984 location:162,131  env:Eau
	Frog #7  energy:985 location:250,87  env:Eau
	Frog #8  energy:984 location:479,325  env:Forêt
$ Listing all frogs :
	Frog #1  energy:967  voicePower:67  location:101,262  env:Eau
	Frog #2  energy:968  voicePower:60  location:168,212  env:Eau
	Frog #3  energy:968  voicePower:51  location:351,419  env:Forêt
	Frog #4  energy:968  voicePower:77  location:482,294  env:Forêt
	Frog #5  energy:967  voicePower:79  location:223,354  env:Eau
	Frog #6  energy:984 location:162,130  env:Eau
	Frog #7  energy:985 location:249,87  env:Eau
	Frog #8  energy:984 location:480,325  env:Forêt
$ Listing all frogs :
	Frog #1  energy:967  voicePower:67  location:101,261  env:Eau
	Frog #2  energy:968  voicePower:60  location:169,212  env:Eau
	Frog #3  energy:967  voicePower:51  location:351,418  env:Forêt
	Frog #4  energy:968  voicePower:77  location:483,295  env:Forêt
	Frog #5  energy:967  voicePower:79  location:223,354  env:Eau
	Frog #6  energy:984 location:162,130  env:Eau
	Frog #7  energy:984 location:250,87  env:Eau
	Frog #8  energy:983 location:479,325  env:Forêt
$ Listing all frogs :
	Frog #1  energy:967  voicePower:67  location:101,261  env:Eau
	Frog #2  energy:968  voicePower:60  location:169,213  env:Eau
	Frog #3  energy:967  voicePower:51  location:352,418  env:Forêt
	Frog #4  energy:967  voicePower:77  location:482,295  env:Forêt
	Frog #5  energy:967  voicePower:79  location:222,354  env:Eau
	Frog #6  energy:984 location:162,130  env:Eau
	Frog #7  energy:984 location:250,87  env:Eau
	Frog #8  energy:983 location:479,325  env:Forêt
$ Listing all frogs :
	Frog #1  energy:967  voicePower:67  location:101,261  env:Eau
	Frog #2  energy:968  voicePower:60  location:168,212  env:Eau
	Frog #3  energy:967  voicePower:51  location:352,418  env:Forêt
	Frog #4  energy:967  voicePower:77  location:482,295  env:Forêt
	Frog #5  energy:966  voicePower:79  location:221,353  env:Eau
	Frog #6  energy:984 location:162,130  env:Eau
	Frog #7  energy:984 location:251,87  env:Eau
	Frog #8  energy:983 location:479,325  env:Forêt
