$ Loading 2 environments.
	Env Eau, color breve.vector( 0.000000, 0.000000, 1.000000 ), ease 3
	Env Forêt, color breve.vector( 0.176471, 0.419608, 0.141176 ), ease 2
$ Environment loading complete.
$ Listing all frogs :
	Frog #1  energy:1000 location:479,275  env:Forêt  state:moveToSing
	Frog #2  energy:1000 location:302,192  env:Eau  state:moveToSing
	Frog #3  energy:1000 location:391,246  env:Eau  state:moveToSing
	Frog #4  energy:1000 location:46,117  env:Eau  state:moveToSing
	Frog #5  energy:1000 location:122,379  env:Eau  state:moveToSing
$ Listing all frogs :
	Frog #1  energy:1000 location:479,275  env:Forêt  state:singing
	Frog #2  energy:999 location:302,192  env:Eau  state:moveToSing
	Frog #3  energy:999 location:392,246  env:Eau  state:moveToSing
	Frog #4  energy:999 location:47,117  env:Eau  state:moveToSing
	Frog #5  energy:999 location:123,379  env:Eau  state:moveToSing
$ Listing all frogs :
	Frog #1  energy:1000 location:479,275  env:Forêt  state:singing
	Frog #2  energy:999 location:303,192  env:Eau  state:moveToSing
	Frog #3  energy:999 location:393,247  env:Eau  state:moveToSing
	Frog #4  energy:999 location:48,118  env:Eau  state:moveToSing
	Frog #5  energy:999 location:124,379  env:Eau  state:moveToSing
$ Listing all frogs :
	Frog #1  energy:1000 location:479,275  env:Forêt  state:singing
	Frog #2  energy:999 location:304,193  env:Eau  state:moveToSing
	Frog #3  energy:999 location:393,247  env:Eau  state:moveToSing
	Frog #4  energy:999 location:49,118  env:Eau  state:moveToSing
	Frog #5  energy:999 location:125,379  env:Eau  state:moveToSing
$ Listing all frogs :
	Frog #1  energy:1000 location:479,275  env:Forêt  state:singing
	Frog #2  energy:999 location:305,193  env:Eau  state:moveToSing
	Frog #3  energy:999 location:394,247  env:Eau  state:moveToSing
	Frog #4  energy:999 location:49,118  env:Eau  state:moveToSing
	Frog #5  energy:999 location:125,378  env:Eau  state:moveToSing
$ Listing all frogs :
	Frog #1  energy:1000 location:479,275  env:Forêt  state:singing
	Frog #2  energy:998 location:305,194  env:Eau  state:moveToSing
	Frog #3  energy:998 location:395,247  env:Eau  state:moveToSing
	Frog #4  energy:998 location:50,119  env:Eau  state:moveToSing
	Frog #5  energy:998 location:126,378  env:Eau  state:moveToSing
$ Listing all frogs :
	Frog #1  energy:1000 location:479,275  env:Forêt  state:singing
	Frog #2  energy:998 location:306,194  env:Eau  state:moveToSing
	Frog #3  energy:998 location:396,248  env:Eau  state:moveToSing
	Frog #4  energy:998 location:51,119  env:Eau  state:moveToSing
	Frog #5  energy:998 location:127,378  env:Eau  state:moveToSing
$ Listing all frogs :
	Frog #1  energy:1000 location:479,275  env:Forêt  state:singing
	Frog #2  energy:998 location:307,194  env:Eau  state:moveToSing
	Frog #3  energy:998 location:397,248  env:Eau  state:moveToSing
	Frog #4  energy:998 location:52,119  env:Eau  state:moveToSing
	Frog #5  energy:998 location:128,378  env:Eau  state:moveToSing
$ Listing all frogs :
	Frog #1  energy:1000 location:479,275  env:Forêt  state:singing
	Frog #2  energy:998 location:308,195  env:Eau  state:moveToSing
	Frog #3  energy:998 location:397,248  env:Eau  state:moveToSing
	Frog #4  energy:998 location:53,119  env:Eau  state:moveToSing
	Frog #5  energy:998 location:129,377  env:Eau  state:moveToSing
$ Listing all frogs :
	Frog #1  energy:1000 location:479,275  env:Forêt  state:singing
	Frog #2  energy:997 location:309,195  env:Eau  state:moveToSing
	Frog #3  energy:997 location:398,248  env:Eau  state:moveToSing
	Frog #4  energy:997 location:53,120  env:Eau  state:moveToSing
	Frog #5  energy:997 location:129,377  env:Eau  state:moveToSing
$ Listing all frogs :
	Frog #1  energy:1000 location:479,275  env:Forêt  state:singing
	Frog #2  energy:997 location:309,195  env:Eau  state:moveToSing
	Frog #3  energy:997 location:399,249  env:Eau  state:moveToSing
	Frog #4  energy:997 location:54,120  env:Eau  state:moveToSing
	Frog #5  energy:997 location:130,377  env:Eau  state:moveToSing
$ Listing all frogs :
	Frog #1  energy:1000 location:479,275  env:Forêt  state:singing
	Frog #2  energy:997 location:310,196  env:Eau  state:moveToSing
	Frog #3  energy:997 location:400,249  env:Eau  state:moveToSing
	Frog #4  energy:997 location:55,120  env:Eau  state:moveToSing
	Frog #5  energy:997 location:131,377  env:Eau  state:moveToSing
$ Listing all frogs :
	Frog #1  energy:1000 location:479,275  env:Forêt  state:singing
	Frog #2  energy:997 location:311,196  env:Eau  state:moveToSing
	Frog #3  energy:997 location:401,249  env:Eau  state:moveToSing
	Frog #4  energy:997 location:56,121  env:Eau  state:moveToSing
	Frog #5  energy:997 location:132,377  env:Eau  state:moveToSing
$ Listing all frogs :
	Frog #1  energy:1000 location:479,275  env:Forêt  state:singing
	Frog #2  energy:996 location:312,196  env:Eau  state:moveToSing
	Frog #3  energy:996 location:401,249  env:Eau  state:moveToSing
	Frog #4  energy:996 location:57,121  env:Eau  state:moveToSing
	Frog #5  energy:996 location:133,376  env:Eau  state:moveToSing
$ Listing all frogs :
	Frog #1  energy:1000 location:479,275  env:Forêt  state:singing
	Frog #2  energy:996 location:312,197  env:Eau  state:moveToSing
	Frog #3  energy:996 location:402,250  env:Eau  state:moveToSing
	Frog #4  energy:996 location:57,121  env:Eau  state:moveToSing
	Frog #5  energy:996 location:133,376  env:Eau  state:moveToSing
$ Listing all frogs :
	Frog #1  energy:1000 location:479,275  env:Forêt  state:singing
	Frog #2  energy:996 location:313,197  env:Eau  state:moveToSing
	Frog #3  energy:996 location:403,250  env:Eau  state:moveToSing
	Frog #4  energy:996 location:58,121  env:Eau  state:moveToSing
	Frog #5  energy:996 location:134,376  env:Eau  state:moveToSing
$ Listing all frogs :
	Frog #1  energy:1000 location:479,275  env:Forêt  state:singing
	Frog #2  energy:996 location:314,197  env:Eau  state:moveToSing
	Frog #3  energy:996 location:404,250  env:Eau  state:moveToSing
	Frog #4  energy:996 location:59,122  env:Eau  state:moveToSing
	Frog #5  energy:996 location:135,376  env:Eau  state:moveToSing
$ Listing all frogs :
	Frog #1  energy:1000 location:479,275  env:Forêt  state:singing
	Frog #2  energy:995 location:315,198  env:Eau  state:moveToSing
	Frog #3  energy:995 location:405,250  env:Eau  state:moveToSing
	Frog #4  energy:995 location:60,122  env:Eau  state:moveToSing
	Frog #5  energy:995 location:136,375  env:Eau  state:moveToSing
$ Listing all frogs :
	Frog #1  energy:1000 location:479,275  env:Forêt  state:singing
	Frog #2  energy:995 location:315,198  env:Eau  state:moveToSing
	Frog #3  energy:995 location:405,251  env:Eau  state:moveToSing
	Frog #4  energy:995 location:61,122  env:Eau  state:moveToSing
	Frog #5  energy:995 location:137,375  env:Eau  state:moveToSing
$ Listing all frogs :
	Frog #1  energy:1000 location:479,275  env:Forêt  state:singing
	Frog #2  energy:995 location:316,199  env:Eau  state:moveToSing
	Frog #3  energy:995 location:406,251  env:Eau  state:moveToSing
	Frog #4  energy:995 location:61,123  env:Eau  state:moveToSing
	Frog #5  energy:995 location:138,375  env:Eau  state:moveToSing
$ Listing all frogs :
	Frog #1  energy:1000 location:479,275  env:Forêt  state:singing
	Frog #2  energy:995 location:317,199  env:Eau  state:moveToSing
	Frog #3  energy:995 location:407,251  env:Eau  state:moveToSing
	Frog #4  energy:995 location:62,123  env:Eau  state:moveToSing
	Frog #5  energy:995 location:138,375  env:Eau  state:moveToSing
$ Listing all frogs :
	Frog #1  energy:1000 location:479,275  env:Forêt  state:singing
	Frog #2  energy:994 location:318,199  env:Eau  state:moveToSing
	Frog #3  energy:994 location:408,252  env:Eau  state:moveToSing
	Frog #4  energy:994 location:63,123  env:Eau  state:moveToSing
	Frog #5  energy:994 location:139,374  env:Eau  state:moveToSing
$ Listing all frogs :
	Frog #1  energy:1000 location:479,275  env:Forêt  state:singing
	Frog #2  energy:994 location:319,200  env:Eau  state:moveToSing
	Frog #3  energy:994 location:409,252  env:Eau  state:moveToSing
	Frog #4  energy:994 location:64,123  env:Eau  state:moveToSing
	Frog #5  energy:994 location:140,374  env:Eau  state:moveToSing
$ Listing all frogs :
	Frog #1  energy:1000 location:479,275  env:Forêt  state:singing
	Frog #2  energy:994 location:319,200  env:Eau  state:moveToSing
	Frog #3  energy:994 location:409,252  env:Eau  state:moveToSing
	Frog #4  energy:994 location:65,124  env:Eau  state:moveToSing
	Frog #5  energy:994 location:141,374  env:Eau  state:moveToSing
$ Listing all frogs :
	Frog #1  energy:1000 location:479,275  env:Forêt  state:singing
	Frog #2  energy:994 location:320,200  env:Eau  state:moveToSing
	Frog #3  energy:994 location:410,252  env:Eau  state:moveToSing
	Frog #4  energy:994 location:65,124  env:Eau  state:moveToSing
	Frog #5  energy:994 location:142,374  env:Eau  state:moveToSing
$ Listing all frogs :
	Frog #1  energy:1000 location:479,275  env:Forêt  state:singing
	Frog #2  energy:993 location:321,201  env:Eau  state:moveToSing
	Frog #3  energy:993 location:411,253  env:Eau  state:moveToSing
	Frog #4  energy:993 location:66,124  env:Eau  state:moveToSing
	Frog #5  energy:993 location:142,373  env:Eau  state:moveToSing
$ Listing all frogs :
	Frog #1  energy:1000 location:479,275  env:Forêt  state:singing
	Frog #2  energy:993 location:322,201  env:Eau  state:moveToSing
	Frog #3  energy:993 location:412,253  env:Eau  state:moveToSing
	Frog #4  energy:993 location:67,125  env:Eau  state:moveToSing
	Frog #5  energy:993 location:143,373  env:Eau  state:moveToSing
$ Listing all frogs :
	Frog #1  energy:1000 location:479,275  env:Forêt  state:singing
	Frog #2  energy:993 location:322,201  env:Eau  state:moveToSing
	Frog #3  energy:993 location:413,253  env:Eau  state:moveToSing
	Frog #4  energy:993 location:68,125  env:Eau  state:moveToSing
	Frog #5  energy:993 location:144,373  env:Eau  state:moveToSing
$ Listing all frogs :
	Frog #1  energy:1000 location:479,275  env:Forêt  state:singing
	Frog #2  energy:993 location:323,202  env:Eau  state:moveToSing
	Frog #3  energy:993 location:414,253  env:Eau  state:moveToSing
	Frog #4  energy:993 location:69,125  env:Eau  state:moveToSing
	Frog #5  energy:993 location:145,373  env:Eau  state:moveToSing
$ Listing all frogs :
	Frog #1  energy:1000 location:479,275  env:Forêt  state:singing
	Frog #2  energy:992 location:324,202  env:Eau  state:moveToSing
	Frog #3  energy:992 location:414,254  env:Eau  state:moveToSing
	Frog #4  energy:992 location:69,126  env:Eau  state:moveToSing
	Frog #5  energy:992 location:146,372  env:Eau  state:moveToSing
$ Listing all frogs :
	Frog #1  energy:1000 location:479,275  env:Forêt  state:singing
	Frog #2  energy:992 location:325,202  env:Eau  state:moveToSing
	Frog #3  energy:992 location:415,254  env:Eau  state:moveToSing
	Frog #4  energy:992 location:70,126  env:Eau  state:moveToSing
	Frog #5  energy:992 location:147,372  env:Eau  state:moveToSing
$ Listing all frogs :
	Frog #1  energy:1000 location:479,275  env:Forêt  state:singing
	Frog #2  energy:992 location:325,203  env:Eau  state:moveToSing
	Frog #3  energy:992 location:416,254  env:Eau  state:moveToSing
	Frog #4  energy:992 location:71,126  env:Eau  state:moveToSing
	Frog #5  energy:992 location:147,372  env:Eau  state:moveToSing
$ Listing all frogs :
	Frog #1  energy:1000 location:479,275  env:Forêt  state:singing
	Frog #2  energy:992 location:326,203  env:Eau  state:moveToSing
	Frog #3  energy:992 location:417,254  env:Eau  state:moveToSing
	Frog #4  energy:992 location:72,126  env:Eau  state:moveToSing
	Frog #5  energy:992 location:148,372  env:Eau  state:moveToSing
$ Listing all frogs :
	Frog #1  energy:1000 location:479,275  env:Forêt  state:singing
	Frog #2  energy:991 location:327,204  env:Eau  state:moveToSing
	Frog #3  energy:991 location:418,255  env:Eau  state:moveToSing
	Frog #4  energy:991 location:73,127  env:Eau  state:moveToSing
	Frog #5  energy:991 location:149,371  env:Eau  state:moveToSing
$ Listing all frogs :
	Frog #1  energy:1000 location:479,275  env:Forêt  state:singing
	Frog #2  energy:991 location:328,204  env:Eau  state:moveToSing
	Frog #3  energy:991 location:418,255  env:Eau  state:moveToSing
	Frog #4  energy:991 location:73,127  env:Eau  state:moveToSing
	Frog #5  energy:991 location:150,371  env:Eau  state:moveToSing
$ Listing all frogs :
	Frog #1  energy:1000 location:479,275  env:Forêt  state:singing
	Frog #2  energy:991 location:329,204  env:Eau  state:moveToSing
	Frog #3  energy:991 location:419,255  env:Eau  state:moveToSing
	Frog #4  energy:991 location:74,127  env:Eau  state:moveToSing
	Frog #5  energy:991 location:151,371  env:Eau  state:moveToSing
$ Listing all frogs :
	Frog #1  energy:1000 location:479,275  env:Forêt  state:singing
	Frog #2  energy:991 location:329,205  env:Eau  state:moveToSing
	Frog #3  energy:991 location:420,255  env:Eau  state:moveToSing
	Frog #4  energy:991 location:75,128  env:Eau  state:moveToSing
	Frog #5  energy:991 location:151,371  env:Eau  state:moveToSing
$ Listing all frogs :
	Frog #1  energy:1000 location:479,275  env:Forêt  state:singing
	Frog #2  energy:990 location:330,205  env:Eau  state:moveToSing
	Frog #3  energy:990 location:421,256  env:Eau  state:moveToSing
	Frog #4  energy:990 location:76,128  env:Eau  state:moveToSing
	Frog #5  energy:990 location:152,371  env:Eau  state:moveToSing
$ Listing all frogs :
	Frog #1  energy:1000 location:479,275  env:Forêt  state:singing
	Frog #2  energy:990 location:331,205  env:Eau  state:moveToSing
	Frog #3  energy:990 location:422,256  env:Eau  state:moveToSing
	Frog #4  energy:990 location:76,128  env:Eau  state:moveToSing
	Frog #5  energy:990 location:153,370  env:Eau  state:moveToSing
$ Listing all frogs :
	Frog #1  energy:1000 location:479,275  env:Forêt  state:singing
	Frog #2  energy:990 location:332,206  env:Eau  state:moveToSing
	Frog #3  energy:990 location:422,256  env:Eau  state:moveToSing
	Frog #4  energy:990 location:77,128  env:Eau  state:moveToSing
	Frog #5  energy:990 location:154,370  env:Eau  state:moveToSing
$ Listing all frogs :
	Frog #1  energy:1000 location:479,275  env:Forêt  state:singing
	Frog #2  energy:990 location:332,206  env:Eau  state:moveToSing
	Frog #3  energy:990 location:423,257  env:Eau  state:moveToSing
	Frog #4  energy:990 location:78,129  env:Eau  state:moveToSing
	Frog #5  energy:990 location:155,370  env:Eau  state:moveToSing
$ Listing all frogs :
	Frog #1  energy:1000 location:479,275  env:Forêt  state:singing
	Frog #2  energy:989 location:333,206  env:Eau  state:moveToSing
	Frog #3  energy:989 location:424,257  env:Eau  state:moveToSing
	Frog #4  energy:989 location:79,129  env:Eau  state:moveToSing
	Frog #5  energy:989 location:155,370  env:Eau  state:moveToSing
$ Listing all frogs :
	Frog #1  energy:1000 location:479,275  env:Forêt  state:singing
	Frog #2  energy:989 location:334,207  env:Eau  state:moveToSing
	Frog #3  energy:989 location:425,257  env:Eau  state:moveToSing
	Frog #4  energy:989 location:80,129  env:Eau  state:moveToSing
	Frog #5  energy:989 location:156,369  env:Eau  state:moveToSing
$ Listing all frogs :
	Frog #1  energy:1000 location:479,275  env:Forêt  state:singing
	Frog #2  energy:989 location:335,207  env:Eau  state:moveToSing
	Frog #3  energy:989 location:426,257  env:Eau  state:moveToSing
	Frog #4  energy:989 location:80,130  env:Eau  state:moveToSing
	Frog #5  energy:989 location:157,369  env:Eau  state:moveToSing
$ Listing all frogs :
	Frog #1  energy:1000 location:479,275  env:Forêt  state:singing
	Frog #2  energy:989 location:335,208  env:Eau  state:moveToSing
	Frog #3  energy:989 location:426,258  env:Eau  state:moveToSing
	Frog #4  energy:989 location:81,130  env:Eau  state:moveToSing
	Frog #5  energy:989 location:158,369  env:Eau  state:moveToSing
$ Listing all frogs :
	Frog #1  energy:1000 location:479,275  env:Forêt  state:singing
	Frog #2  energy:988 location:336,208  env:Eau  state:moveToSing
	Frog #3  energy:988 location:427,258  env:Eau  state:moveToSing
	Frog #4  energy:988 location:82,130  env:Eau  state:moveToSing
	Frog #5  energy:988 location:159,369  env:Eau  state:moveToSing
$ Listing all frogs :
	Frog #1  energy:1000 location:479,275  env:Forêt  state:singing
	Frog #2  energy:988 location:337,208  env:Eau  state:moveToSing
	Frog #3  energy:988 location:428,258  env:Eau  state:moveToSing
	Frog #4  energy:988 location:83,130  env:Eau  state:moveToSing
	Frog #5  energy:988 location:159,368  env:Eau  state:moveToSing
$ Listing all frogs :
	Frog #1  energy:1000 location:479,275  env:Forêt  state:singing
	Frog #2  energy:988 location:338,209  env:Eau  state:moveToSing
	Frog #3  energy:988 location:429,258  env:Eau  state:moveToSing
	Frog #4  energy:988 location:84,131  env:Eau  state:moveToSing
	Frog #5  energy:988 location:160,368  env:Eau  state:moveToSing
$ Listing all frogs :
	Frog #1  energy:1000 location:479,275  env:Forêt  state:singing
	Frog #2  energy:988 location:338,209  env:Eau  state:moveToSing
	Frog #3  energy:988 location:430,259  env:Eau  state:moveToSing
	Frog #4  energy:988 location:84,131  env:Eau  state:moveToSing
	Frog #5  energy:988 location:161,368  env:Eau  state:moveToSing
$ Listing all frogs :
	Frog #1  energy:1000 location:479,275  env:Forêt  state:singing
	Frog #2  energy:987 location:339,209  env:Eau  state:moveToSing
	Frog #3  energy:987 location:430,259  env:Eau  state:moveToSing
	Frog #4  energy:987 location:85,131  env:Eau  state:moveToSing
	Frog #5  energy:987 location:162,368  env:Eau  state:moveToSing
$ Listing all frogs :
	Frog #1  energy:1000 location:479,275  env:Forêt  state:singing
	Frog #2  energy:987 location:340,210  env:Eau  state:moveToSing
	Frog #3  energy:987 location:431,259  env:Eau  state:moveToSing
	Frog #4  energy:987 location:86,132  env:Eau  state:moveToSing
	Frog #5  energy:987 location:163,367  env:Eau  state:moveToSing
$ Listing all frogs :
	Frog #1  energy:1000 location:479,275  env:Forêt  state:singing
	Frog #2  energy:987 location:341,210  env:Eau  state:moveToSing
	Frog #3  energy:987 location:432,259  env:Eau  state:moveToSing
	Frog #4  energy:987 location:87,132  env:Eau  state:moveToSing
	Frog #5  energy:987 location:164,367  env:Eau  state:moveToSing
$ Listing all frogs :
	Frog #1  energy:1000 location:479,275  env:Forêt  state:singing
	Frog #2  energy:987 location:342,210  env:Eau  state:moveToSing
	Frog #3  energy:987 location:433,260  env:Eau  state:moveToSing
	Frog #4  energy:987 location:88,132  env:Eau  state:moveToSing
	Frog #5  energy:987 location:164,367  env:Eau  state:moveToSing
$ Listing all frogs :
	Frog #1  energy:1000 location:479,275  env:Forêt  state:singing
	Frog #2  energy:986 location:342,211  env:Eau  state:moveToSing
	Frog #3  energy:986 location:434,260  env:Eau  state:moveToSing
	Frog #4  energy:986 location:88,132  env:Eau  state:moveToSing
	Frog #5  energy:986 location:165,367  env:Eau  state:moveToSing
