$ Loading 2 environments.
	Env Eau, color breve.vector( 0.000000, 0.000000, 1.000000 ), ease 3
	Env Forêt, color breve.vector( 0.176471, 0.419608, 0.141176 ), ease 2
$ Environment loading complete.
$ Listing all frogs :
	Frog #1  energy:1000 location:299,42  env:Eau  state:moveToSing
	Frog #2  energy:1000 location:416,271  env:Eau  state:moveToSing
	Frog #3  energy:1000 location:98,242  env:Eau  state:moveToSing
	Frog #4  energy:1000 location:298,105  env:Eau  state:moveToSing
	Frog #5  energy:1000 location:330,456  env:Forêt  state:moveToSing
$ Listing all frogs :
	Frog #1  energy:1000 location:299,42  env:Eau  state:singing
	Frog #2  energy:999 location:415,270  env:Eau  state:moveToSing
	Frog #3  energy:999 location:99,242  env:Eau  state:moveToSing
	Frog #4  energy:999 location:298,104  env:Eau  state:moveToSing
	Frog #5  energy:999 location:330,455  env:Forêt  state:moveToSing
$ Listing all frogs :
	Frog #1  energy:999 location:299,42  env:Eau  state:singing
	Frog #2  energy:998 location:415,269  env:Eau  state:moveToSing
	Frog #3  energy:998 location:99,241  env:Eau  state:moveToSing
	Frog #4  energy:998 location:298,103  env:Eau  state:moveToSing
	Frog #5  energy:998 location:330,454  env:Forêt  state:moveToSing
$ Listing all frogs :
	Frog #1  energy:999 location:299,42  env:Eau  state:singing
	Frog #2  energy:997 location:415,268  env:Eau  state:moveToSing
	Frog #3  energy:997 location:100,240  env:Eau  state:moveToSing
	Frog #4  energy:997 location:298,103  env:Eau  state:moveToSing
	Frog #5  energy:997 location:330,453  env:Forêt  state:moveToSing
$ Listing all frogs :
	Frog #1  energy:999 location:299,42  env:Eau  state:singing
	Frog #2  energy:996 location:414,267  env:Eau  state:moveToSing
	Frog #3  energy:996 location:100,240  env:Eau  state:moveToSing
	Frog #4  energy:996 location:298,102  env:Eau  state:moveToSing
	Frog #5  energy:996 location:330,452  env:Forêt  state:moveToSing
$ Listing all frogs :
	Frog #1  energy:999 location:299,42  env:Eau  state:singing
	Frog #2  energy:995 location:414,267  env:Eau  state:moveToSing
	Frog #3  energy:995 location:101,239  env:Eau  state:moveToSing
	Frog #4  energy:995 location:298,101  env:Eau  state:moveToSing
	Frog #5  energy:995 location:329,451  env:Forêt  state:moveToSing
$ Listing all frogs :
	Frog #1  energy:999 location:299,42  env:Eau  state:singing
	Frog #2  energy:994 location:413,266  env:Eau  state:moveToSing
	Frog #3  energy:994 location:102,239  env:Eau  state:moveToSing
	Frog #4  energy:994 location:298,100  env:Eau  state:moveToSing
	Frog #5  energy:994 location:329,451  env:Forêt  state:moveToSing
$ Listing all frogs :
	Frog #1  energy:999 location:299,42  env:Eau  state:singing
	Frog #2  energy:993 location:413,265  env:Eau  state:moveToSing
	Frog #3  energy:993 location:102,238  env:Eau  state:moveToSing
	Frog #4  energy:993 location:298,99  env:Eau  state:moveToSing
	Frog #5  energy:993 location:329,450  env:Forêt  state:moveToSing
$ Listing all frogs :
	Frog #1  energy:999 location:299,42  env:Eau  state:singing
	Frog #2  energy:992 location:413,264  env:Eau  state:moveToSing
	Frog #3  energy:992 location:103,237  env:Eau  state:moveToSing
	Frog #4  energy:992 location:298,98  env:Eau  state:moveToSing
	Frog #5  energy:992 location:329,449  env:Forêt  state:moveToSing
$ Listing all frogs :
	Frog #1  energy:999 location:299,42  env:Eau  state:singing
	Frog #2  energy:991 location:412,264  env:Eau  state:moveToSing
	Frog #3  energy:991 location:103,237  env:Eau  state:moveToSing
	Frog #4  energy:991 location:298,97  env:Eau  state:moveToSing
	Frog #5  energy:991 location:329,448  env:Forêt  state:moveToSing
$ Listing all frogs :
	Frog #1  energy:999 location:299,42  env:Eau  state:singing
	Frog #2  energy:990 location:412,263  env:Eau  state:moveToSing
	Frog #3  energy:990 location:104,236  env:Eau  state:moveToSing
	Frog #4  energy:990 location:298,97  env:Eau  state:moveToSing
	Frog #5  energy:990 location:329,447  env:Forêt  state:moveToSing
$ Listing all frogs :
	Frog #1  energy:998 location:299,42  env:Eau  state:singing
	Frog #2  energy:989 location:412,262  env:Eau  state:moveToSing
	Frog #3  energy:989 location:105,236  env:Eau  state:moveToSing
	Frog #4  energy:989 location:298,96  env:Eau  state:moveToSing
	Frog #5  energy:989 location:329,446  env:Forêt  state:moveToSing
$ Listing all frogs :
	Frog #1  energy:998 location:299,42  env:Eau  state:singing
	Frog #2  energy:988 location:411,261  env:Eau  state:moveToSing
	Frog #3  energy:988 location:105,235  env:Eau  state:moveToSing
	Frog #4  energy:988 location:298,95  env:Eau  state:moveToSing
	Frog #5  energy:988 location:329,446  env:Forêt  state:moveToSing
$ Listing all frogs :
	Frog #1  energy:998 location:299,42  env:Eau  state:singing
	Frog #2  energy:987 location:411,261  env:Eau  state:moveToSing
	Frog #3  energy:987 location:106,234  env:Eau  state:moveToSing
	Frog #4  energy:987 location:298,94  env:Eau  state:moveToSing
	Frog #5  energy:987 location:329,445  env:Forêt  state:moveToSing
$ Listing all frogs :
	Frog #1  energy:998 location:299,42  env:Eau  state:singing
	Frog #2  energy:986 location:410,260  env:Eau  state:moveToSing
	Frog #3  energy:986 location:106,234  env:Eau  state:moveToSing
	Frog #4  energy:986 location:298,93  env:Eau  state:moveToSing
	Frog #5  energy:986 location:329,444  env:Forêt  state:moveToSing
$ Listing all frogs :
	Frog #1  energy:998 location:299,42  env:Eau  state:singing
	Frog #2  energy:985 location:410,259  env:Eau  state:moveToSing
	Frog #3  energy:985 location:107,233  env:Eau  state:moveToSing
	Frog #4  energy:985 location:298,92  env:Eau  state:moveToSing
	Frog #5  energy:985 location:329,443  env:Forêt  state:moveToSing
$ Listing all frogs :
	Frog #1  energy:998 location:299,42  env:Eau  state:singing
	Frog #2  energy:984 location:410,258  env:Eau  state:moveToSing
	Frog #3  energy:984 location:107,233  env:Eau  state:moveToSing
	Frog #4  energy:984 location:298,92  env:Eau  state:moveToSing
	Frog #5  energy:984 location:329,442  env:Forêt  state:moveToSing
$ Listing all frogs :
	Frog #1  energy:998 location:299,42  env:Eau  state:singing
	Frog #2  energy:983 location:409,258  env:Eau  state:moveToSing
	Frog #3  energy:983 location:108,232  env:Eau  state:moveToSing
	Frog #4  energy:983 location:298,91  env:Eau  state:moveToSing
	Frog #5  energy:983 location:329,441  env:Forêt  state:moveToSing
$ Listing all frogs :
	Frog #1  energy:998 location:299,42  env:Eau  state:singing
	Frog #2  energy:982 location:409,257  env:Eau  state:moveToSing
	Frog #3  energy:982 location:109,231  env:Eau  state:moveToSing
	Frog #4  energy:982 location:298,90  env:Eau  state:moveToSing
	Frog #5  energy:982 location:329,441  env:Forêt  state:moveToSing
$ Listing all frogs :
	Frog #1  energy:998 location:299,42  env:Eau  state:singing
	Frog #2  energy:981 location:408,256  env:Eau  state:moveToSing
	Frog #3  energy:981 location:109,231  env:Eau  state:moveToSing
	Frog #4  energy:981 location:298,89  env:Eau  state:moveToSing
	Frog #5  energy:981 location:329,440  env:Forêt  state:moveToSing
$ Listing all frogs :
	Frog #1  energy:998 location:299,42  env:Eau  state:singing
	Frog #2  energy:980 location:408,255  env:Eau  state:moveToSing
	Frog #3  energy:980 location:110,230  env:Eau  state:moveToSing
	Frog #4  energy:980 location:298,88  env:Eau  state:moveToSing
	Frog #5  energy:980 location:329,439  env:Forêt  state:moveToSing
$ Listing all frogs :
	Frog #1  energy:997 location:299,42  env:Eau  state:singing
	Frog #2  energy:979 location:408,255  env:Eau  state:moveToSing
	Frog #3  energy:979 location:110,230  env:Eau  state:moveToSing
	Frog #4  energy:979 location:298,87  env:Eau  state:moveToSing
	Frog #5  energy:979 location:328,438  env:Forêt  state:moveToSing
$ Listing all frogs :
	Frog #1  energy:997 location:299,42  env:Eau  state:singing
	Frog #2  energy:978 location:407,254  env:Eau  state:moveToSing
	Frog #3  energy:978 location:111,229  env:Eau  state:moveToSing
	Frog #4  energy:978 location:298,87  env:Eau  state:moveToSing
	Frog #5  energy:978 location:328,437  env:Forêt  state:moveToSing
$ Listing all frogs :
	Frog #1  energy:997 location:299,42  env:Eau  state:singing
	Frog #2  energy:977 location:407,253  env:Eau  state:moveToSing
	Frog #3  energy:977 location:112,228  env:Eau  state:moveToSing
	Frog #4  energy:977 location:298,86  env:Eau  state:moveToSing
	Frog #5  energy:977 location:328,436  env:Forêt  state:moveToSing
$ Listing all frogs :
	Frog #1  energy:997 location:299,42  env:Eau  state:singing
	Frog #2  energy:976 location:407,253  env:Eau  state:moveToSing
	Frog #3  energy:976 location:112,228  env:Eau  state:moveToSing
	Frog #4  energy:976 location:298,85  env:Eau  state:moveToSing
	Frog #5  energy:976 location:328,436  env:Forêt  state:moveToSing
$ Listing all frogs :
	Frog #1  energy:997 location:299,42  env:Eau  state:singing
	Frog #2  energy:975 location:406,252  env:Eau  state:moveToSing
	Frog #3  energy:975 location:113,227  env:Eau  state:moveToSing
	Frog #4  energy:975 location:298,84  env:Eau  state:moveToSing
	Frog #5  energy:975 location:328,435  env:Forêt  state:moveToSing
$ Listing all frogs :
	Frog #1  energy:997 location:299,42  env:Eau  state:singing
	Frog #2  energy:974 location:406,251  env:Eau  state:moveToSing
	Frog #3  energy:974 location:113,227  env:Eau  state:moveToSing
	Frog #4  energy:974 location:298,83  env:Eau  state:moveToSing
	Frog #5  energy:974 location:328,434  env:Forêt  state:moveToSing
$ Listing all frogs :
	Frog #1  energy:997 location:299,42  env:Eau  state:singing
	Frog #2  energy:973 location:405,250  env:Eau  state:moveToSing
	Frog #3  energy:973 location:114,226  env:Eau  state:moveToSing
	Frog #4  energy:973 location:298,82  env:Eau  state:moveToSing
	Frog #5  energy:973 location:328,433  env:Forêt  state:moveToSing
$ Listing all frogs :
	Frog #1  energy:997 location:299,42  env:Eau  state:singing
	Frog #2  energy:972 location:405,250  env:Eau  state:moveToSing
	Frog #3  energy:972 location:115,226  env:Eau  state:moveToSing
	Frog #4  energy:972 location:298,82  env:Eau  state:moveToSing
	Frog #5  energy:972 location:328,432  env:Forêt  state:moveToSing
$ Listing all frogs :
	Frog #1  energy:997 location:299,42  env:Eau  state:singing
	Frog #2  energy:971 location:405,249  env:Eau  state:moveToSing
	Frog #3  energy:971 location:115,225  env:Eau  state:moveToSing
	Frog #4  energy:971 location:298,81  env:Eau  state:moveToSing
	Frog #5  energy:971 location:328,431  env:Forêt  state:moveToSing
$ Listing all frogs :
	Frog #1  energy:997 location:299,42  env:Eau  state:singing
	Frog #2  energy:970 location:404,248  env:Eau  state:moveToSing
	Frog #3  energy:970 location:116,224  env:Eau  state:moveToSing
	Frog #4  energy:970 location:298,80  env:Eau  state:moveToSing
	Frog #5  energy:970 location:328,431  env:Forêt  state:moveToSing
$ Listing all frogs :
	Frog #1  energy:996 location:299,42  env:Eau  state:singing
	Frog #2  energy:969 location:404,247  env:Eau  state:moveToSing
	Frog #3  energy:969 location:116,224  env:Eau  state:moveToSing
	Frog #4  energy:969 location:298,79  env:Eau  state:moveToSing
	Frog #5  energy:969 location:328,430  env:Forêt  state:moveToSing
$ Listing all frogs :
	Frog #1  energy:996 location:299,42  env:Eau  state:singing
	Frog #2  energy:968 location:404,247  env:Eau  state:moveToSing
	Frog #3  energy:968 location:117,223  env:Eau  state:moveToSing
	Frog #4  energy:968 location:298,78  env:Eau  state:moveToSing
	Frog #5  energy:968 location:328,429  env:Forêt  state:moveToSing
$ Listing all frogs :
	Frog #1  energy:996 location:299,42  env:Eau  state:singing
	Frog #2  energy:967 location:403,246  env:Eau  state:moveToSing
	Frog #3  energy:967 location:118,223  env:Eau  state:moveToSing
	Frog #4  energy:967 location:298,77  env:Eau  state:moveToSing
	Frog #5  energy:967 location:328,428  env:Forêt  state:moveToSing
$ Listing all frogs :
	Frog #1  energy:996 location:299,42  env:Eau  state:singing
	Frog #2  energy:966 location:403,245  env:Eau  state:moveToSing
	Frog #3  energy:966 location:118,222  env:Eau  state:moveToSing
	Frog #4  energy:966 location:298,77  env:Eau  state:moveToSing
	Frog #5  energy:966 location:328,427  env:Forêt  state:moveToSing
$ Listing all frogs :
	Frog #1  energy:996 location:299,42  env:Eau  state:singing
	Frog #2  energy:965 location:402,244  env:Eau  state:moveToSing
	Frog #3  energy:965 location:119,221  env:Eau  state:moveToSing
	Frog #4  energy:965 location:298,76  env:Eau  state:moveToSing
	Frog #5  energy:965 location:328,426  env:Forêt  state:moveToSing
$ Listing all frogs :
	Frog #1  energy:996 location:299,42  env:Eau  state:singing
	Frog #2  energy:964 location:402,244  env:Eau  state:moveToSing
	Frog #3  energy:964 location:119,221  env:Eau  state:moveToSing
	Frog #4  energy:964 location:298,75  env:Eau  state:moveToSing
	Frog #5  energy:964 location:328,426  env:Forêt  state:moveToSing
$ Listing all frogs :
	Frog #1  energy:996 location:299,42  env:Eau  state:singing
	Frog #2  energy:963 location:402,243  env:Eau  state:moveToSing
	Frog #3  energy:963 location:120,220  env:Eau  state:moveToSing
	Frog #4  energy:963 location:298,74  env:Eau  state:moveToSing
	Frog #5  energy:963 location:327,425  env:Forêt  state:moveToSing
$ Listing all frogs :
	Frog #1  energy:996 location:299,42  env:Eau  state:singing
	Frog #2  energy:962 location:401,242  env:Eau  state:moveToSing
	Frog #3  energy:962 location:120,220  env:Eau  state:moveToSing
	Frog #4  energy:962 location:298,73  env:Eau  state:moveToSing
	Frog #5  energy:962 location:327,424  env:Forêt  state:moveToSing
$ Listing all frogs :
	Frog #1  energy:996 location:299,42  env:Eau  state:singing
	Frog #2  energy:961 location:401,241  env:Eau  state:moveToSing
	Frog #3  energy:961 location:121,219  env:Eau  state:moveToSing
	Frog #4  energy:961 location:298,72  env:Eau  state:moveToSing
	Frog #5  energy:961 location:327,423  env:Forêt  state:moveToSing
$ Listing all frogs :
	Frog #1  energy:996 location:299,42  env:Eau  state:singing
	Frog #2  energy:960 location:401,241  env:Eau  state:moveToSing
	Frog #3  energy:960 location:122,219  env:Eau  state:moveToSing
	Frog #4  energy:960 location:298,72  env:Eau  state:moveToSing
	Frog #5  energy:960 location:327,422  env:Forêt  state:moveToSing
$ Listing all frogs :
	Frog #1  energy:995 location:299,42  env:Eau  state:singing
	Frog #2  energy:959 location:400,240  env:Eau  state:moveToSing
	Frog #3  energy:959 location:122,218  env:Eau  state:moveToSing
	Frog #4  energy:959 location:298,71  env:Eau  state:moveToSing
	Frog #5  energy:959 location:327,422  env:Forêt  state:moveToSing
$ Listing all frogs :
	Frog #1  energy:995 location:299,42  env:Eau  state:singing
	Frog #2  energy:958 location:400,239  env:Eau  state:moveToSing
	Frog #3  energy:958 location:123,217  env:Eau  state:moveToSing
	Frog #4  energy:958 location:298,70  env:Eau  state:moveToSing
	Frog #5  energy:958 location:327,421  env:Forêt  state:moveToSing
$ Listing all frogs :
	Frog #1  energy:995 location:299,42  env:Eau  state:singing
	Frog #2  energy:957 location:399,239  env:Eau  state:moveToSing
	Frog #3  energy:957 location:123,217  env:Eau  state:moveToSing
	Frog #4  energy:957 location:298,69  env:Eau  state:moveToSing
	Frog #5  energy:957 location:327,420  env:Forêt  state:moveToSing
$ Listing all frogs :
	Frog #1  energy:995 location:299,42  env:Eau  state:singing
	Frog #2  energy:956 location:399,238  env:Eau  state:moveToSing
	Frog #3  energy:956 location:124,216  env:Eau  state:moveToSing
	Frog #4  energy:956 location:298,68  env:Eau  state:moveToSing
	Frog #5  energy:956 location:327,419  env:Forêt  state:moveToSing
$ Listing all frogs :
	Frog #1  energy:995 location:299,42  env:Eau  state:singing
	Frog #2  energy:955 location:399,237  env:Eau  state:moveToSing
	Frog #3  energy:955 location:124,216  env:Eau  state:moveToSing
	Frog #4  energy:955 location:298,68  env:Eau  state:moveToSing
	Frog #5  energy:955 location:327,418  env:Forêt  state:moveToSing
$ Listing all frogs :
	Frog #1  energy:995 location:299,42  env:Eau  state:singing
	Frog #2  energy:955 location:398,236  env:Eau  state:moveToSing
	Frog #3  energy:955 location:125,215  env:Eau  state:moveToSing
	Frog #4  energy:955 location:298,67  env:Eau  state:moveToSing
	Frog #5  energy:955 location:327,417  env:Forêt  state:moveToSing
$ Listing all frogs :
	Frog #1  energy:995 location:299,42  env:Eau  state:singing
	Frog #2  energy:954 location:398,236  env:Eau  state:moveToSing
	Frog #3  energy:954 location:126,214  env:Eau  state:moveToSing
	Frog #4  energy:954 location:298,66  env:Eau  state:moveToSing
	Frog #5  energy:954 location:327,417  env:Forêt  state:moveToSing
$ Listing all frogs :
	Frog #1  energy:995 location:299,42  env:Eau  state:singing
	Frog #2  energy:953 location:398,235  env:Eau  state:moveToSing
	Frog #3  energy:953 location:126,214  env:Eau  state:moveToSing
	Frog #4  energy:953 location:298,65  env:Eau  state:moveToSing
	Frog #5  energy:953 location:327,416  env:Forêt  state:moveToSing
$ Listing all frogs :
	Frog #1  energy:995 location:299,42  env:Eau  state:singing
	Frog #2  energy:952 location:397,234  env:Eau  state:moveToSing
	Frog #3  energy:952 location:127,213  env:Eau  state:moveToSing
	Frog #4  energy:952 location:298,64  env:Eau  state:moveToSing
	Frog #5  energy:952 location:327,415  env:Forêt  state:moveToSing
$ Listing all frogs :
	Frog #1  energy:995 location:299,42  env:Eau  state:singing
	Frog #2  energy:951 location:397,233  env:Eau  state:moveToSing
	Frog #3  energy:951 location:127,213  env:Eau  state:moveToSing
	Frog #4  energy:951 location:298,63  env:Eau  state:moveToSing
	Frog #5  energy:951 location:327,414  env:Forêt  state:moveToSing
$ Listing all frogs :
	Frog #1  energy:994 location:299,42  env:Eau  state:singing
	Frog #2  energy:950 location:396,233  env:Eau  state:moveToSing
	Frog #3  energy:950 location:128,212  env:Eau  state:moveToSing
	Frog #4  energy:950 location:298,63  env:Eau  state:moveToSing
	Frog #5  energy:950 location:327,413  env:Forêt  state:moveToSing
$ Listing all frogs :
	Frog #1  energy:994 location:299,42  env:Eau  state:singing
	Frog #2  energy:949 location:396,232  env:Eau  state:moveToSing
	Frog #3  energy:949 location:129,212  env:Eau  state:moveToSing
	Frog #4  energy:949 location:298,62  env:Eau  state:moveToSing
	Frog #5  energy:949 location:327,413  env:Forêt  state:moveToSing
$ Listing all frogs :
	Frog #1  energy:994 location:299,42  env:Eau  state:singing
	Frog #2  energy:948 location:396,231  env:Eau  state:moveToSing
	Frog #3  energy:948 location:129,211  env:Eau  state:moveToSing
	Frog #4  energy:948 location:298,61  env:Eau  state:moveToSing
	Frog #5  energy:948 location:326,412  env:Forêt  state:moveToSing
$ Listing all frogs :
	Frog #1  energy:994 location:299,42  env:Eau  state:singing
	Frog #2  energy:947 location:395,231  env:Eau  state:moveToSing
	Frog #3  energy:947 location:130,210  env:Eau  state:moveToSing
	Frog #4  energy:947 location:298,60  env:Eau  state:moveToSing
	Frog #5  energy:947 location:326,411  env:Forêt  state:moveToSing
$ Listing all frogs :
	Frog #1  energy:994 location:299,42  env:Eau  state:singing
	Frog #2  energy:946 location:395,230  env:Eau  state:moveToSing
	Frog #3  energy:946 location:130,210  env:Eau  state:moveToSing
	Frog #4  energy:946 location:298,59  env:Eau  state:moveToSing
	Frog #5  energy:946 location:326,410  env:Eau  state:moveToSing
$ Listing all frogs :
	Frog #1  energy:994 location:299,42  env:Eau  state:singing
	Frog #2  energy:945 location:395,229  env:Eau  state:moveToSing
	Frog #3  energy:945 location:131,209  env:Eau  state:moveToSing
	Frog #4  energy:945 location:298,59  env:Eau  state:moveToSing
	Frog #5  energy:945 location:326,409  env:Eau  state:moveToSing
$ Listing all frogs :
	Frog #1  energy:994 location:299,42  env:Eau  state:singing
	Frog #2  energy:944 location:394,228  env:Eau  state:moveToSing
	Frog #3  energy:944 location:131,209  env:Eau  state:moveToSing
	Frog #4  energy:944 location:298,58  env:Eau  state:moveToSing
	Frog #5  energy:944 location:326,409  env:Eau  state:moveToSing
$ Listing all frogs :
	Frog #1  energy:994 location:299,42  env:Eau  state:singing
	Frog #2  energy:943 location:394,228  env:Eau  state:moveToSing
	Frog #3  energy:943 location:132,208  env:Eau  state:moveToSing
	Frog #4  energy:943 location:298,57  env:Eau  state:moveToSing
	Frog #5  energy:943 location:326,408  env:Eau  state:moveToSing
$ Listing all frogs :
	Frog #1  energy:994 location:299,42  env:Eau  state:singing
	Frog #2  energy:942 location:393,227  env:Eau  state:moveToSing
	Frog #3  energy:942 location:133,208  env:Eau  state:moveToSing
	Frog #4  energy:942 location:298,56  env:Eau  state:moveToSing
	Frog #5  energy:942 location:326,407  env:Eau  state:moveToSing
$ Listing all frogs :
	Frog #1  energy:994 location:299,42  env:Eau  state:singing
	Frog #2  energy:941 location:393,226  env:Eau  state:moveToSing
	Frog #3  energy:941 location:133,207  env:Eau  state:moveToSing
	Frog #4  energy:941 location:299,55  env:Eau  state:moveToSing
	Frog #5  energy:941 location:326,406  env:Eau  state:moveToSing
$ Listing all frogs :
	Frog #1  energy:993 location:299,42  env:Eau  state:singing
	Frog #2  energy:940 location:393,226  env:Eau  state:moveToSing
	Frog #3  energy:940 location:134,207  env:Eau  state:moveToSing
	Frog #4  energy:940 location:299,55  env:Eau  state:moveToSing
	Frog #5  energy:940 location:326,405  env:Eau  state:moveToSing
$ Listing all frogs :
	Frog #1  energy:993 location:299,42  env:Eau  state:singing
	Frog #2  energy:939 location:392,225  env:Eau  state:moveToSing
	Frog #3  energy:939 location:134,206  env:Eau  state:moveToSing
	Frog #4  energy:939 location:299,54  env:Eau  state:moveToSing
	Frog #5  energy:939 location:326,405  env:Eau  state:moveToSing
$ Listing all frogs :
	Frog #1  energy:993 location:299,42  env:Eau  state:singing
	Frog #2  energy:938 location:392,224  env:Eau  state:moveToSing
	Frog #3  energy:938 location:135,205  env:Eau  state:moveToSing
	Frog #4  energy:938 location:299,53  env:Eau  state:moveToSing
	Frog #5  energy:938 location:326,404  env:Eau  state:moveToSing
$ Listing all frogs :
	Frog #1  energy:993 location:299,42  env:Eau  state:singing
	Frog #2  energy:937 location:392,223  env:Eau  state:moveToSing
	Frog #3  energy:937 location:135,205  env:Eau  state:moveToSing
	Frog #4  energy:937 location:299,52  env:Eau  state:moveToSing
	Frog #5  energy:937 location:326,403  env:Eau  state:moveToSing
$ Listing all frogs :
	Frog #1  energy:993 location:299,42  env:Eau  state:singing
	Frog #2  energy:937 location:391,223  env:Eau  state:moveToSing
	Frog #3  energy:937 location:136,204  env:Eau  state:moveToSing
	Frog #4  energy:937 location:299,51  env:Eau  state:moveToSing
	Frog #5  energy:937 location:326,402  env:Eau  state:moveToSing
$ Listing all frogs :
	Frog #1  energy:993 location:299,42  env:Eau  state:singing
	Frog #2  energy:936 location:391,222  env:Eau  state:moveToSing
	Frog #3  energy:936 location:136,204  env:Eau  state:moveToSing
	Frog #4  energy:936 location:299,51  env:Eau  state:moveToSing
	Frog #5  energy:936 location:326,401  env:Eau  state:moveToSing
$ Listing all frogs :
	Frog #1  energy:993 location:299,42  env:Eau  state:singing
	Frog #2  energy:935 location:391,221  env:Eau  state:moveToSing
	Frog #3  energy:935 location:137,203  env:Eau  state:moveToSing
	Frog #4  energy:935 location:299,50  env:Eau  state:moveToSing
	Frog #5  energy:935 location:326,401  env:Eau  state:moveToSing
$ Listing all frogs :
	Frog #1  energy:993 location:299,42  env:Eau  state:singing
	Frog #2  energy:934 location:390,221  env:Eau  state:moveToSing
	Frog #3  energy:934 location:138,203  env:Eau  state:moveToSing
	Frog #4  energy:934 location:299,49  env:Eau  state:moveToSing
	Frog #5  energy:934 location:326,400  env:Eau  state:moveToSing
$ Listing all frogs :
	Frog #1  energy:993 location:299,42  env:Eau  state:singing
	Frog #2  energy:933 location:390,220  env:Eau  state:moveToSing
	Frog #3  energy:933 location:138,202  env:Eau  state:moveToSing
	Frog #4  energy:933 location:299,48  env:Eau  state:moveToSing
	Frog #5  energy:933 location:326,399  env:Eau  state:moveToSing
$ Listing all frogs :
	Frog #1  energy:993 location:299,42  env:Eau  state:singing
	Frog #2  energy:932 location:389,219  env:Eau  state:moveToSing
	Frog #3  energy:932 location:139,201  env:Eau  state:moveToSing
	Frog #4  energy:932 location:299,47  env:Eau  state:moveToSing
	Frog #5  energy:932 location:325,398  env:Eau  state:moveToSing
$ Listing all frogs :
	Frog #1  energy:992 location:299,42  env:Eau  state:singing
	Frog #2  energy:931 location:389,218  env:Eau  state:moveToSing
	Frog #3  energy:931 location:139,201  env:Eau  state:moveToSing
	Frog #4  energy:931 location:299,47  env:Eau  state:moveToSing
	Frog #5  energy:931 location:325,397  env:Eau  state:moveToSing
$ Listing all frogs :
	Frog #1  energy:992 location:299,42  env:Eau  state:singing
	Frog #2  energy:930 location:389,218  env:Eau  state:moveToSing
	Frog #3  energy:930 location:140,200  env:Eau  state:moveToSing
	Frog #4  energy:930 location:299,46  env:Eau  state:moveToSing
	Frog #5  energy:930 location:325,397  env:Eau  state:moveToSing
$ Listing all frogs :
	Frog #1  energy:992 location:299,42  env:Eau  state:singing
	Frog #2  energy:929 location:388,217  env:Eau  state:moveToSing
	Frog #3  energy:929 location:140,200  env:Eau  state:moveToSing
	Frog #4  energy:930 location:299,46  env:Eau  state:singing
	Frog #5  energy:929 location:325,396  env:Eau  state:moveToSing
$ Listing all frogs :
	Frog #1  energy:992 location:299,42  env:Eau  state:singing
	Frog #2  energy:928 location:388,216  env:Eau  state:moveToSing
	Frog #3  energy:928 location:141,199  env:Eau  state:moveToSing
	Frog #4  energy:930 location:299,46  env:Eau  state:singing
	Frog #5  energy:928 location:325,395  env:Eau  state:moveToSing
$ Listing all frogs :
	Frog #1  energy:992 location:299,42  env:Eau  state:singing
	Frog #2  energy:927 location:388,216  env:Eau  state:moveToSing
	Frog #3  energy:927 location:142,199  env:Eau  state:moveToSing
	Frog #4  energy:930 location:299,46  env:Eau  state:singing
	Frog #5  energy:927 location:325,394  env:Eau  state:moveToSing
$ Listing all frogs :
	Frog #1  energy:992 location:299,42  env:Eau  state:singing
	Frog #2  energy:926 location:387,215  env:Eau  state:moveToSing
	Frog #3  energy:926 location:142,198  env:Eau  state:moveToSing
	Frog #4  energy:930 location:299,46  env:Eau  state:singing
	Frog #5  energy:926 location:325,393  env:Eau  state:moveToSing
$ Listing all frogs :
	Frog #1  energy:992 location:299,42  env:Eau  state:singing
	Frog #2  energy:925 location:387,214  env:Eau  state:moveToSing
	Frog #3  energy:925 location:143,198  env:Eau  state:moveToSing
	Frog #4  energy:930 location:299,46  env:Eau  state:singing
	Frog #5  energy:925 location:325,393  env:Eau  state:moveToSing
$ Listing all frogs :
	Frog #1  energy:992 location:299,42  env:Eau  state:singing
	Frog #2  energy:924 location:387,214  env:Eau  state:moveToSing
	Frog #3  energy:924 location:143,197  env:Eau  state:moveToSing
	Frog #4  energy:929 location:299,46  env:Eau  state:singing
	Frog #5  energy:924 location:325,392  env:Eau  state:moveToSing
$ Listing all frogs :
	Frog #1  energy:992 location:299,42  env:Eau  state:singing
	Frog #2  energy:924 location:386,213  env:Eau  state:moveToSing
	Frog #3  energy:924 location:144,196  env:Eau  state:moveToSing
	Frog #4  energy:929 location:299,46  env:Eau  state:singing
	Frog #5  energy:924 location:325,391  env:Eau  state:moveToSing
$ Listing all frogs :
	Frog #1  energy:992 location:299,42  env:Eau  state:singing
	Frog #2  energy:923 location:386,212  env:Eau  state:moveToSing
	Frog #3  energy:923 location:144,196  env:Eau  state:moveToSing
	Frog #4  energy:929 location:299,46  env:Eau  state:singing
	Frog #5  energy:923 location:325,390  env:Eau  state:moveToSing
$ Listing all frogs :
	Frog #1  energy:991 location:299,42  env:Eau  state:singing
	Frog #2  energy:922 location:385,211  env:Eau  state:moveToSing
	Frog #3  energy:922 location:145,195  env:Eau  state:moveToSing
	Frog #4  energy:929 location:299,46  env:Eau  state:singing
	Frog #5  energy:922 location:325,390  env:Eau  state:moveToSing
$ Listing all frogs :
	Frog #1  energy:991 location:299,42  env:Eau  state:singing
	Frog #2  energy:921 location:385,211  env:Eau  state:moveToSing
	Frog #3  energy:921 location:145,195  env:Eau  state:moveToSing
	Frog #4  energy:929 location:299,46  env:Eau  state:singing
	Frog #5  energy:921 location:325,389  env:Eau  state:moveToSing
$ Listing all frogs :
	Frog #1  energy:991 location:299,42  env:Eau  state:singing
	Frog #2  energy:920 location:385,210  env:Eau  state:moveToSing
	Frog #3  energy:920 location:146,194  env:Eau  state:moveToSing
	Frog #4  energy:929 location:299,46  env:Eau  state:singing
	Frog #5  energy:920 location:325,388  env:Eau  state:moveToSing
$ Listing all frogs :
	Frog #1  energy:991 location:299,42  env:Eau  state:singing
	Frog #2  energy:919 location:384,209  env:Eau  state:moveToSing
	Frog #3  energy:919 location:147,194  env:Eau  state:moveToSing
	Frog #4  energy:929 location:299,46  env:Eau  state:singing
	Frog #5  energy:919 location:325,387  env:Eau  state:moveToSing
$ Listing all frogs :
	Frog #1  energy:991 location:299,42  env:Eau  state:singing
	Frog #2  energy:918 location:384,209  env:Eau  state:moveToSing
	Frog #3  energy:918 location:147,193  env:Eau  state:moveToSing
	Frog #4  energy:929 location:299,46  env:Eau  state:singing
	Frog #5  energy:918 location:325,386  env:Eau  state:moveToSing
$ Listing all frogs :
	Frog #1  energy:991 location:299,42  env:Eau  state:singing
	Frog #2  energy:917 location:384,208  env:Eau  state:moveToSing
	Frog #3  energy:917 location:148,193  env:Eau  state:moveToSing
	Frog #4  energy:929 location:299,46  env:Eau  state:singing
	Frog #5  energy:917 location:325,386  env:Eau  state:moveToSing
$ Listing all frogs :
	Frog #1  energy:991 location:299,42  env:Eau  state:singing
	Frog #2  energy:916 location:383,207  env:Eau  state:moveToSing
	Frog #3  energy:916 location:148,192  env:Eau  state:moveToSing
	Frog #4  energy:929 location:299,46  env:Eau  state:singing
	Frog #5  energy:916 location:324,385  env:Eau  state:moveToSing
$ Listing all frogs :
	Frog #1  energy:991 location:299,42  env:Eau  state:singing
	Frog #2  energy:915 location:383,207  env:Eau  state:moveToSing
	Frog #3  energy:915 location:149,191  env:Eau  state:moveToSing
	Frog #4  energy:928 location:299,46  env:Eau  state:singing
	Frog #5  energy:915 location:324,384  env:Eau  state:moveToSing
$ Listing all frogs :
	Frog #1  energy:991 location:299,42  env:Eau  state:singing
	Frog #2  energy:914 location:383,206  env:Eau  state:moveToSing
	Frog #3  energy:914 location:149,191  env:Eau  state:moveToSing
	Frog #4  energy:928 location:299,46  env:Eau  state:singing
	Frog #5  energy:914 location:324,383  env:Eau  state:moveToSing
$ Listing all frogs :
	Frog #1  energy:991 location:299,42  env:Eau  state:singing
	Frog #2  energy:913 location:382,205  env:Eau  state:moveToSing
	Frog #3  energy:913 location:150,190  env:Eau  state:moveToSing
	Frog #4  energy:928 location:299,46  env:Eau  state:singing
	Frog #5  energy:913 location:324,382  env:Eau  state:moveToSing
$ Listing all frogs :
	Frog #1  energy:990 location:299,42  env:Eau  state:singing
	Frog #2  energy:912 location:382,205  env:Eau  state:moveToSing
	Frog #3  energy:912 location:150,190  env:Eau  state:moveToSing
	Frog #4  energy:928 location:299,46  env:Eau  state:singing
	Frog #5  energy:912 location:324,382  env:Eau  state:moveToSing
$ Listing all frogs :
	Frog #1  energy:990 location:299,42  env:Eau  state:singing
	Frog #2  energy:912 location:382,204  env:Eau  state:moveToSing
	Frog #3  energy:912 location:151,189  env:Eau  state:moveToSing
	Frog #4  energy:928 location:299,46  env:Eau  state:singing
	Frog #5  energy:912 location:324,381  env:Eau  state:moveToSing
$ Listing all frogs :
	Frog #1  energy:990 location:299,42  env:Eau  state:singing
	Frog #2  energy:911 location:381,203  env:Eau  state:moveToSing
	Frog #3  energy:911 location:152,189  env:Eau  state:moveToSing
	Frog #4  energy:928 location:299,46  env:Eau  state:singing
	Frog #5  energy:911 location:324,380  env:Eau  state:moveToSing
$ Listing all frogs :
	Frog #1  energy:990 location:299,42  env:Eau  state:singing
	Frog #2  energy:910 location:381,202  env:Eau  state:moveToSing
	Frog #3  energy:910 location:152,188  env:Eau  state:moveToSing
	Frog #4  energy:928 location:299,46  env:Eau  state:singing
	Frog #5  energy:910 location:324,379  env:Eau  state:moveToSing
$ Listing all frogs :
	Frog #1  energy:990 location:299,42  env:Eau  state:singing
	Frog #2  energy:909 location:380,202  env:Eau  state:moveToSing
	Frog #3  energy:909 location:153,188  env:Eau  state:moveToSing
	Frog #4  energy:928 location:299,46  env:Eau  state:singing
	Frog #5  energy:909 location:324,379  env:Eau  state:moveToSing
$ Listing all frogs :
	Frog #1  energy:990 location:299,42  env:Eau  state:singing
	Frog #2  energy:908 location:380,201  env:Eau  state:moveToSing
	Frog #3  energy:908 location:153,187  env:Eau  state:moveToSing
	Frog #4  energy:928 location:299,46  env:Eau  state:singing
	Frog #5  energy:908 location:324,378  env:Eau  state:moveToSing
$ Listing all frogs :
	Frog #1  energy:990 location:299,42  env:Eau  state:singing
	Frog #2  energy:907 location:380,200  env:Eau  state:moveToSing
	Frog #3  energy:907 location:154,187  env:Eau  state:moveToSing
	Frog #4  energy:928 location:299,46  env:Eau  state:singing
	Frog #5  energy:907 location:324,377  env:Eau  state:moveToSing
$ Listing all frogs :
	Frog #1  energy:990 location:299,42  env:Eau  state:singing
	Frog #2  energy:906 location:379,200  env:Eau  state:moveToSing
	Frog #3  energy:906 location:154,186  env:Eau  state:moveToSing
	Frog #4  energy:927 location:299,46  env:Eau  state:singing
	Frog #5  energy:906 location:324,376  env:Eau  state:moveToSing
$ Listing all frogs :
	Frog #1  energy:990 location:299,42  env:Eau  state:singing
	Frog #2  energy:905 location:379,199  env:Eau  state:moveToSing
	Frog #3  energy:905 location:155,185  env:Eau  state:moveToSing
	Frog #4  energy:927 location:299,46  env:Eau  state:singing
	Frog #5  energy:905 location:324,376  env:Eau  state:moveToSing
$ Listing all frogs :
	Frog #1  energy:990 location:299,42  env:Eau  state:singing
	Frog #2  energy:904 location:379,198  env:Eau  state:moveToSing
	Frog #3  energy:904 location:155,185  env:Eau  state:moveToSing
	Frog #4  energy:927 location:299,46  env:Eau  state:singing
	Frog #5  energy:904 location:324,375  env:Eau  state:moveToSing
	Frog #6  energy:1000 location:482,372  env:Eau  state:findPartener
	Frog #7  energy:1000 location:453,397  env:Eau  state:findPartener
	Frog #8  energy:1000 location:29,82  env:Eau  state:findPartener
$ Listing all frogs :
	Frog #1  energy:989 location:299,42  env:Eau  state:singing
	Frog #2  energy:903 location:378,198  env:Eau  state:moveToSing
	Frog #3  energy:903 location:156,184  env:Eau  state:moveToSing
	Frog #4  energy:927 location:299,46  env:Eau  state:singing
	Frog #5  energy:903 location:324,374  env:Eau  state:moveToSing
	Frog #6  energy:1000 location:482,372  env:Eau  state:findPartener
	Frog #7  energy:1000 location:453,397  env:Eau  state:findPartener
	Frog #8  energy:1000 location:29,82  env:Eau  state:findPartener
$ Listing all frogs :
	Frog #1  energy:989 location:299,42  env:Eau  state:singing
	Frog #2  energy:902 location:378,197  env:Eau  state:moveToSing
	Frog #3  energy:902 location:157,184  env:Eau  state:moveToSing
	Frog #4  energy:927 location:299,46  env:Eau  state:singing
	Frog #5  energy:902 location:324,373  env:Eau  state:moveToSing
	Frog #6  energy:1000 location:482,371  env:Eau  state:findPartener
	Frog #7  energy:1000 location:453,396  env:Eau  state:findPartener
	Frog #8  energy:1000 location:30,82  env:Eau  state:findPartener
$ Listing all frogs :
	Frog #1  energy:989 location:299,42  env:Eau  state:singing
	Frog #2  energy:902 location:378,196  env:Eau  state:moveToSing
	Frog #3  energy:902 location:157,183  env:Eau  state:moveToSing
	Frog #4  energy:927 location:299,46  env:Eau  state:singing
	Frog #5  energy:902 location:324,372  env:Eau  state:moveToSing
	Frog #6  energy:1000 location:481,370  env:Eau  state:findPartener
	Frog #7  energy:1000 location:452,395  env:Eau  state:findPartener
	Frog #8  energy:1000 location:30,82  env:Eau  state:findPartener
$ Listing all frogs :
	Frog #1  energy:989 location:299,42  env:Eau  state:singing
	Frog #2  energy:901 location:377,196  env:Eau  state:moveToSing
	Frog #3  energy:901 location:158,183  env:Eau  state:moveToSing
	Frog #4  energy:927 location:299,46  env:Eau  state:singing
	Frog #5  energy:901 location:323,372  env:Eau  state:moveToSing
	Frog #6  energy:1000 location:481,369  env:Eau  state:findPartener
	Frog #7  energy:1000 location:452,394  env:Eau  state:findPartener
	Frog #8  energy:1000 location:31,82  env:Eau  state:findPartener
$ Listing all frogs :
	Frog #1  energy:989 location:299,42  env:Eau  state:singing
	Frog #2  energy:900 location:377,195  env:Eau  state:moveToSing
	Frog #3  energy:900 location:158,182  env:Eau  state:moveToSing
	Frog #4  energy:927 location:299,46  env:Eau  state:singing
	Frog #5  energy:900 location:323,371  env:Eau  state:moveToSing
	Frog #6  energy:1000 location:480,369  env:Eau  state:findPartener
	Frog #7  energy:1000 location:452,394  env:Eau  state:findPartener
	Frog #8  energy:1000 location:32,82  env:Eau  state:findPartener
$ Listing all frogs :
	Frog #1  energy:989 location:299,42  env:Eau  state:singing
	Frog #2  energy:899 location:377,194  env:Eau  state:moveToSing
	Frog #3  energy:899 location:159,182  env:Eau  state:moveToSing
	Frog #4  energy:927 location:299,46  env:Eau  state:singing
	Frog #5  energy:899 location:323,370  env:Eau  state:moveToSing
	Frog #6  energy:1000 location:480,368  env:Eau  state:findPartener
	Frog #7  energy:1000 location:451,393  env:Eau  state:findPartener
	Frog #8  energy:1000 location:33,82  env:Eau  state:findPartener
$ Listing all frogs :
	Frog #1  energy:989 location:299,42  env:Eau  state:singing
	Frog #2  energy:898 location:376,194  env:Eau  state:moveToSing
	Frog #3  energy:898 location:159,181  env:Eau  state:moveToSing
	Frog #4  energy:927 location:299,46  env:Eau  state:singing
	Frog #5  energy:898 location:323,369  env:Eau  state:moveToSing
	Frog #6  energy:1000 location:480,367  env:Eau  state:findPartener
	Frog #7  energy:1000 location:451,392  env:Eau  state:findPartener
	Frog #8  energy:1000 location:34,82  env:Eau  state:findPartener
$ Listing all frogs :
	Frog #1  energy:989 location:299,42  env:Eau  state:singing
	Frog #2  energy:897 location:376,193  env:Eau  state:moveToSing
	Frog #3  energy:897 location:160,181  env:Eau  state:moveToSing
	Frog #4  energy:926 location:299,46  env:Eau  state:singing
	Frog #5  energy:897 location:323,369  env:Eau  state:moveToSing
	Frog #6  energy:1000 location:479,366  env:Eau  state:findPartener
	Frog #7  energy:1000 location:451,391  env:Eau  state:findPartener
	Frog #8  energy:1000 location:35,82  env:Eau  state:findPartener
$ Listing all frogs :
	Frog #1  energy:989 location:299,42  env:Eau  state:singing
	Frog #2  energy:896 location:376,192  env:Eau  state:moveToSing
	Frog #3  energy:896 location:160,180  env:Eau  state:moveToSing
	Frog #4  energy:926 location:299,46  env:Eau  state:singing
	Frog #5  energy:896 location:323,368  env:Eau  state:moveToSing
	Frog #6  energy:1000 location:479,366  env:Eau  state:findPartener
	Frog #7  energy:1000 location:450,390  env:Eau  state:findPartener
	Frog #8  energy:1000 location:36,81  env:Eau  state:findPartener
$ Listing all frogs :
	Frog #1  energy:989 location:299,42  env:Eau  state:singing
	Frog #2  energy:895 location:375,191  env:Eau  state:moveToSing
	Frog #3  energy:895 location:161,180  env:Eau  state:moveToSing
	Frog #4  energy:926 location:299,46  env:Eau  state:singing
	Frog #5  energy:895 location:323,367  env:Eau  state:moveToSing
	Frog #6  energy:1000 location:478,365  env:Eau  state:findPartener
	Frog #7  energy:1000 location:450,390  env:Eau  state:findPartener
	Frog #8  energy:1000 location:36,81  env:Eau  state:findPartener
$ Listing all frogs :
	Frog #1  energy:988 location:299,42  env:Eau  state:singing
	Frog #2  energy:894 location:375,191  env:Eau  state:moveToSing
	Frog #3  energy:894 location:161,179  env:Eau  state:moveToSing
	Frog #4  energy:926 location:299,46  env:Eau  state:singing
	Frog #5  energy:894 location:323,366  env:Eau  state:moveToSing
	Frog #6  energy:1000 location:478,364  env:Eau  state:findPartener
	Frog #7  energy:1000 location:450,389  env:Eau  state:findPartener
	Frog #8  energy:1000 location:37,81  env:Eau  state:findPartener
$ Listing all frogs :
	Frog #1  energy:988 location:299,42  env:Eau  state:singing
	Frog #2  energy:893 location:374,190  env:Eau  state:moveToSing
	Frog #3  energy:893 location:162,178  env:Eau  state:moveToSing
	Frog #4  energy:926 location:299,46  env:Eau  state:singing
	Frog #5  energy:893 location:323,366  env:Eau  state:moveToSing
	Frog #6  energy:1000 location:477,363  env:Eau  state:findPartener
	Frog #7  energy:1000 location:449,388  env:Eau  state:findPartener
	Frog #8  energy:1000 location:38,81  env:Eau  state:findPartener
$ Listing all frogs :
	Frog #1  energy:988 location:299,42  env:Eau  state:singing
	Frog #2  energy:893 location:374,189  env:Eau  state:moveToSing
	Frog #3  energy:893 location:163,178  env:Eau  state:moveToSing
	Frog #4  energy:926 location:299,46  env:Eau  state:singing
	Frog #5  energy:893 location:323,365  env:Eau  state:moveToSing
	Frog #6  energy:1000 location:477,363  env:Eau  state:findPartener
	Frog #7  energy:1000 location:449,387  env:Eau  state:findPartener
	Frog #8  energy:1000 location:39,81  env:Eau  state:findPartener
$ Listing all frogs :
	Frog #1  energy:988 location:299,42  env:Eau  state:singing
	Frog #2  energy:892 location:374,189  env:Eau  state:moveToSing
	Frog #3  energy:892 location:163,177  env:Eau  state:moveToSing
	Frog #4  energy:926 location:299,46  env:Eau  state:singing
	Frog #5  energy:892 location:323,364  env:Eau  state:moveToSing
	Frog #6  energy:1000 location:477,362  env:Eau  state:findPartener
	Frog #7  energy:1000 location:449,387  env:Eau  state:findPartener
	Frog #8  energy:1000 location:40,81  env:Eau  state:findPartener
$ Listing all frogs :
	Frog #1  energy:988 location:299,42  env:Eau  state:singing
	Frog #2  energy:891 location:373,188  env:Eau  state:moveToSing
	Frog #3  energy:891 location:164,177  env:Eau  state:moveToSing
	Frog #4  energy:926 location:299,46  env:Eau  state:singing
	Frog #5  energy:891 location:323,363  env:Eau  state:moveToSing
	Frog #6  energy:1000 location:476,361  env:Eau  state:findPartener
	Frog #7  energy:1000 location:448,386  env:Eau  state:findPartener
	Frog #8  energy:1000 location:41,81  env:Eau  state:findPartener
$ Listing all frogs :
	Frog #1  energy:988 location:299,42  env:Eau  state:singing
	Frog #2  energy:890 location:373,187  env:Eau  state:moveToSing
	Frog #3  energy:890 location:164,176  env:Eau  state:moveToSing
	Frog #4  energy:926 location:299,46  env:Eau  state:singing
	Frog #5  energy:890 location:323,363  env:Eau  state:moveToSing
	Frog #6  energy:1000 location:476,360  env:Eau  state:findPartener
	Frog #7  energy:1000 location:448,385  env:Eau  state:findPartener
	Frog #8  energy:1000 location:41,81  env:Eau  state:findPartener
$ Listing all frogs :
	Frog #1  energy:988 location:299,42  env:Eau  state:singing
	Frog #2  energy:889 location:373,187  env:Eau  state:moveToSing
	Frog #3  energy:889 location:165,176  env:Eau  state:moveToSing
	Frog #4  energy:926 location:299,46  env:Eau  state:singing
	Frog #5  energy:889 location:323,362  env:Eau  state:moveToSing
	Frog #6  energy:1000 location:475,360  env:Eau  state:findPartener
	Frog #7  energy:1000 location:448,384  env:Eau  state:findPartener
	Frog #8  energy:1000 location:42,80  env:Eau  state:findPartener
$ Listing all frogs :
	Frog #1  energy:988 location:299,42  env:Eau  state:singing
	Frog #2  energy:888 location:372,186  env:Eau  state:moveToSing
	Frog #3  energy:888 location:165,175  env:Eau  state:moveToSing
	Frog #4  energy:925 location:299,46  env:Eau  state:singing
	Frog #5  energy:888 location:323,361  env:Eau  state:moveToSing
	Frog #6  energy:1000 location:475,359  env:Eau  state:findPartener
	Frog #7  energy:1000 location:447,383  env:Eau  state:findPartener
	Frog #8  energy:1000 location:43,80  env:Eau  state:findPartener
$ Listing all frogs :
	Frog #1  energy:988 location:299,42  env:Eau  state:singing
	Frog #2  energy:887 location:372,185  env:Eau  state:moveToSing
	Frog #3  energy:887 location:166,175  env:Eau  state:moveToSing
	Frog #4  energy:925 location:299,46  env:Eau  state:singing
	Frog #5  energy:887 location:323,360  env:Eau  state:moveToSing
	Frog #6  energy:1000 location:475,358  env:Eau  state:findPartener
	Frog #7  energy:1000 location:447,383  env:Eau  state:findPartener
	Frog #8  energy:1000 location:44,80  env:Eau  state:findPartener
$ Listing all frogs :
	Frog #1  energy:988 location:299,42  env:Eau  state:singing
	Frog #2  energy:886 location:372,185  env:Eau  state:moveToSing
	Frog #3  energy:886 location:166,174  env:Eau  state:moveToSing
	Frog #4  energy:925 location:299,46  env:Eau  state:singing
	Frog #5  energy:886 location:323,360  env:Eau  state:moveToSing
	Frog #6  energy:1000 location:474,357  env:Eau  state:findPartener
	Frog #7  energy:1000 location:447,382  env:Eau  state:findPartener
	Frog #8  energy:1000 location:45,80  env:Eau  state:findPartener
$ Listing all frogs :
	Frog #1  energy:987 location:299,42  env:Eau  state:singing
	Frog #2  energy:885 location:371,184  env:Eau  state:moveToSing
	Frog #3  energy:885 location:167,174  env:Eau  state:moveToSing
	Frog #4  energy:925 location:299,46  env:Eau  state:singing
	Frog #5  energy:885 location:322,359  env:Eau  state:moveToSing
	Frog #6  energy:1000 location:474,357  env:Eau  state:findPartener
	Frog #7  energy:1000 location:446,381  env:Eau  state:findPartener
	Frog #8  energy:1000 location:46,80  env:Eau  state:findPartener
$ Listing all frogs :
	Frog #1  energy:987 location:299,42  env:Eau  state:singing
	Frog #2  energy:885 location:371,183  env:Eau  state:moveToSing
	Frog #3  energy:885 location:167,173  env:Eau  state:moveToSing
	Frog #4  energy:925 location:299,46  env:Eau  state:singing
	Frog #5  energy:885 location:322,358  env:Eau  state:moveToSing
	Frog #6  energy:1000 location:473,356  env:Eau  state:findPartener
	Frog #7  energy:1000 location:446,380  env:Eau  state:findPartener
	Frog #8  energy:1000 location:46,80  env:Eau  state:findPartener
$ Listing all frogs :
	Frog #1  energy:987 location:299,42  env:Eau  state:singing
	Frog #2  energy:884 location:371,183  env:Eau  state:moveToSing
	Frog #3  energy:884 location:168,173  env:Eau  state:moveToSing
	Frog #4  energy:925 location:299,46  env:Eau  state:singing
	Frog #5  energy:884 location:322,357  env:Eau  state:moveToSing
	Frog #6  energy:1000 location:473,355  env:Eau  state:findPartener
	Frog #7  energy:1000 location:446,379  env:Eau  state:findPartener
	Frog #8  energy:1000 location:47,80  env:Eau  state:findPartener
$ Listing all frogs :
	Frog #1  energy:987 location:299,42  env:Eau  state:singing
	Frog #2  energy:883 location:370,182  env:Eau  state:moveToSing
	Frog #3  energy:883 location:169,172  env:Eau  state:moveToSing
	Frog #4  energy:925 location:299,46  env:Eau  state:singing
	Frog #5  energy:883 location:322,357  env:Eau  state:moveToSing
	Frog #6  energy:1000 location:472,355  env:Eau  state:findPartener
	Frog #7  energy:1000 location:445,379  env:Eau  state:findPartener
	Frog #8  energy:1000 location:48,80  env:Eau  state:findPartener
$ Listing all frogs :
	Frog #1  energy:987 location:299,42  env:Eau  state:singing
	Frog #2  energy:882 location:370,181  env:Eau  state:moveToSing
	Frog #3  energy:882 location:169,172  env:Eau  state:moveToSing
	Frog #4  energy:925 location:299,46  env:Eau  state:singing
	Frog #5  energy:882 location:322,356  env:Eau  state:moveToSing
	Frog #6  energy:1000 location:472,354  env:Eau  state:findPartener
	Frog #7  energy:1000 location:445,378  env:Eau  state:findPartener
	Frog #8  energy:1000 location:49,80  env:Eau  state:findPartener
$ Listing all frogs :
	Frog #1  energy:987 location:299,42  env:Eau  state:singing
	Frog #2  energy:881 location:370,181  env:Eau  state:moveToSing
	Frog #3  energy:881 location:170,171  env:Eau  state:moveToSing
	Frog #4  energy:925 location:299,46  env:Eau  state:singing
	Frog #5  energy:881 location:322,355  env:Eau  state:moveToSing
	Frog #6  energy:1000 location:472,353  env:Eau  state:findPartener
	Frog #7  energy:1000 location:444,377  env:Eau  state:findPartener
	Frog #8  energy:1000 location:50,79  env:Eau  state:findPartener
$ Listing all frogs :
	Frog #1  energy:987 location:299,42  env:Eau  state:singing
	Frog #2  energy:880 location:369,180  env:Eau  state:moveToSing
	Frog #3  energy:880 location:170,171  env:Eau  state:moveToSing
	Frog #4  energy:925 location:299,46  env:Eau  state:singing
	Frog #5  energy:880 location:322,354  env:Eau  state:moveToSing
	Frog #6  energy:1000 location:471,352  env:Eau  state:findPartener
	Frog #7  energy:1000 location:444,376  env:Eau  state:findPartener
	Frog #8  energy:1000 location:51,79  env:Eau  state:findPartener
$ Listing all frogs :
	Frog #1  energy:987 location:299,42  env:Eau  state:singing
	Frog #2  energy:879 location:369,179  env:Eau  state:moveToSing
	Frog #3  energy:879 location:171,170  env:Eau  state:moveToSing
	Frog #4  energy:924 location:299,46  env:Eau  state:singing
	Frog #5  energy:879 location:322,354  env:Eau  state:moveToSing
	Frog #6  energy:1000 location:471,352  env:Eau  state:findPartener
	Frog #7  energy:1000 location:444,376  env:Eau  state:findPartener
	Frog #8  energy:1000 location:52,79  env:Eau  state:findPartener
$ Listing all frogs :
	Frog #1  energy:987 location:299,42  env:Eau  state:singing
	Frog #2  energy:878 location:369,179  env:Eau  state:moveToSing
	Frog #3  energy:878 location:171,169  env:Eau  state:moveToSing
	Frog #4  energy:924 location:299,46  env:Eau  state:singing
	Frog #5  energy:878 location:322,353  env:Eau  state:moveToSing
	Frog #6  energy:1000 location:470,351  env:Eau  state:findPartener
	Frog #7  energy:1000 location:443,375  env:Eau  state:findPartener
	Frog #8  energy:1000 location:52,79  env:Eau  state:findPartener
$ Listing all frogs :
	Frog #1  energy:987 location:299,42  env:Eau  state:singing
	Frog #2  energy:878 location:368,178  env:Eau  state:moveToSing
	Frog #3  energy:878 location:172,169  env:Eau  state:moveToSing
	Frog #4  energy:924 location:299,46  env:Eau  state:singing
	Frog #5  energy:878 location:322,352  env:Eau  state:moveToSing
	Frog #6  energy:1000 location:470,350  env:Eau  state:findPartener
	Frog #7  energy:1000 location:443,374  env:Eau  state:findPartener
	Frog #8  energy:1000 location:53,79  env:Eau  state:findPartener
$ Listing all frogs :
	Frog #1  energy:986 location:299,42  env:Eau  state:singing
	Frog #2  energy:877 location:368,177  env:Eau  state:moveToSing
	Frog #3  energy:877 location:172,168  env:Eau  state:moveToSing
	Frog #4  energy:924 location:299,46  env:Eau  state:singing
	Frog #5  energy:877 location:322,351  env:Eau  state:moveToSing
	Frog #6  energy:1000 location:470,349  env:Eau  state:findPartener
	Frog #7  energy:1000 location:443,373  env:Eau  state:findPartener
	Frog #8  energy:1000 location:54,79  env:Eau  state:findPartener
$ Listing all frogs :
	Frog #1  energy:986 location:299,42  env:Eau  state:singing
	Frog #2  energy:876 location:367,177  env:Eau  state:moveToSing
	Frog #3  energy:876 location:173,168  env:Eau  state:moveToSing
	Frog #4  energy:924 location:299,46  env:Eau  state:singing
	Frog #5  energy:876 location:322,351  env:Eau  state:moveToSing
	Frog #6  energy:1000 location:469,349  env:Eau  state:findPartener
	Frog #7  energy:1000 location:442,372  env:Eau  state:findPartener
	Frog #8  energy:1000 location:55,79  env:Eau  state:findPartener
$ Listing all frogs :
	Frog #1  energy:986 location:299,42  env:Eau  state:singing
	Frog #2  energy:875 location:367,176  env:Eau  state:moveToSing
	Frog #3  energy:875 location:173,167  env:Eau  state:moveToSing
	Frog #4  energy:924 location:299,46  env:Eau  state:singing
	Frog #5  energy:875 location:322,350  env:Eau  state:moveToSing
	Frog #6  energy:1000 location:469,348  env:Eau  state:findPartener
	Frog #7  energy:1000 location:442,372  env:Eau  state:findPartener
	Frog #8  energy:1000 location:56,79  env:Eau  state:findPartener
$ Listing all frogs :
	Frog #1  energy:986 location:299,42  env:Eau  state:singing
	Frog #2  energy:874 location:367,175  env:Eau  state:moveToSing
	Frog #3  energy:874 location:174,167  env:Eau  state:moveToSing
	Frog #4  energy:924 location:299,46  env:Eau  state:singing
	Frog #5  energy:874 location:322,349  env:Eau  state:moveToSing
	Frog #6  energy:1000 location:468,347  env:Eau  state:findPartener
	Frog #7  energy:1000 location:442,371  env:Eau  state:findPartener
	Frog #8  energy:1000 location:57,78  env:Eau  state:findPartener
$ Listing all frogs :
	Frog #1  energy:986 location:299,42  env:Eau  state:singing
	Frog #2  energy:873 location:366,175  env:Eau  state:moveToSing
	Frog #3  energy:873 location:174,166  env:Eau  state:moveToSing
	Frog #4  energy:924 location:299,46  env:Eau  state:singing
	Frog #5  energy:873 location:322,348  env:Eau  state:moveToSing
	Frog #6  energy:1000 location:468,346  env:Eau  state:findPartener
	Frog #7  energy:1000 location:441,370  env:Eau  state:findPartener
	Frog #8  energy:1000 location:57,78  env:Eau  state:findPartener
$ Listing all frogs :
	Frog #1  energy:986 location:299,42  env:Eau  state:singing
	Frog #2  energy:872 location:366,174  env:Eau  state:moveToSing
	Frog #3  energy:872 location:175,166  env:Eau  state:moveToSing
	Frog #4  energy:924 location:299,46  env:Eau  state:singing
	Frog #5  energy:872 location:322,348  env:Eau  state:moveToSing
	Frog #6  energy:1000 location:467,346  env:Eau  state:findPartener
	Frog #7  energy:1000 location:441,369  env:Eau  state:findPartener
	Frog #8  energy:1000 location:58,78  env:Eau  state:findPartener
$ Listing all frogs :
	Frog #1  energy:986 location:299,42  env:Eau  state:singing
	Frog #2  energy:871 location:366,173  env:Eau  state:moveToSing
	Frog #3  energy:871 location:175,165  env:Eau  state:moveToSing
	Frog #4  energy:924 location:299,46  env:Eau  state:singing
	Frog #5  energy:871 location:322,347  env:Eau  state:moveToSing
	Frog #6  energy:1000 location:467,345  env:Eau  state:findPartener
	Frog #7  energy:1000 location:441,369  env:Eau  state:findPartener
	Frog #8  energy:1000 location:59,78  env:Eau  state:findPartener
$ Listing all frogs :
	Frog #1  energy:986 location:299,42  env:Eau  state:singing
	Frog #2  energy:871 location:365,173  env:Eau  state:moveToSing
	Frog #3  energy:871 location:176,165  env:Eau  state:moveToSing
	Frog #4  energy:923 location:299,46  env:Eau  state:singing
	Frog #5  energy:871 location:322,346  env:Eau  state:moveToSing
	Frog #6  energy:1000 location:467,344  env:Eau  state:findPartener
	Frog #7  energy:1000 location:440,368  env:Eau  state:findPartener
	Frog #8  energy:1000 location:60,78  env:Eau  state:findPartener
$ Listing all frogs :
	Frog #1  energy:986 location:299,42  env:Eau  state:singing
	Frog #2  energy:870 location:365,172  env:Eau  state:moveToSing
	Frog #3  energy:870 location:177,164  env:Eau  state:moveToSing
	Frog #4  energy:923 location:299,46  env:Eau  state:singing
	Frog #5  energy:870 location:321,345  env:Eau  state:moveToSing
	Frog #6  energy:1000 location:466,343  env:Eau  state:findPartener
	Frog #7  energy:1000 location:440,367  env:Eau  state:findPartener
	Frog #8  energy:1000 location:61,78  env:Eau  state:findPartener
$ Listing all frogs :
	Frog #1  energy:986 location:299,42  env:Eau  state:singing
	Frog #2  energy:869 location:365,171  env:Eau  state:moveToSing
	Frog #3  energy:869 location:177,164  env:Eau  state:moveToSing
	Frog #4  energy:923 location:299,46  env:Eau  state:singing
	Frog #5  energy:869 location:321,345  env:Eau  state:moveToSing
	Frog #6  energy:1000 location:466,343  env:Eau  state:findPartener
	Frog #7  energy:1000 location:440,366  env:Eau  state:findPartener
	Frog #8  energy:1000 location:62,78  env:Eau  state:findPartener
$ Listing all frogs :
	Frog #1  energy:985 location:299,42  env:Eau  state:singing
	Frog #2  energy:868 location:364,171  env:Eau  state:moveToSing
	Frog #3  energy:868 location:178,163  env:Eau  state:moveToSing
	Frog #4  energy:923 location:299,46  env:Eau  state:singing
	Frog #5  energy:868 location:321,344  env:Eau  state:moveToSing
	Frog #6  energy:1000 location:465,342  env:Eau  state:findPartener
	Frog #7  energy:1000 location:439,365  env:Eau  state:findPartener
	Frog #8  energy:1000 location:63,78  env:Eau  state:findPartener
$ Listing all frogs :
	Frog #1  energy:985 location:299,42  env:Eau  state:singing
	Frog #2  energy:867 location:364,170  env:Eau  state:moveToSing
	Frog #3  energy:867 location:178,163  env:Eau  state:moveToSing
	Frog #4  energy:923 location:299,46  env:Eau  state:singing
	Frog #5  energy:867 location:321,343  env:Eau  state:moveToSing
	Frog #6  energy:1000 location:465,341  env:Eau  state:findPartener
	Frog #7  energy:1000 location:439,365  env:Eau  state:findPartener
	Frog #8  energy:1000 location:63,77  env:Eau  state:findPartener
$ Listing all frogs :
	Frog #1  energy:985 location:299,42  env:Eau  state:singing
	Frog #2  energy:866 location:364,169  env:Eau  state:moveToSing
	Frog #3  energy:866 location:179,162  env:Eau  state:moveToSing
	Frog #4  energy:923 location:299,46  env:Eau  state:singing
	Frog #5  energy:866 location:321,342  env:Eau  state:moveToSing
	Frog #6  energy:1000 location:465,340  env:Eau  state:findPartener
	Frog #7  energy:1000 location:439,364  env:Eau  state:findPartener
	Frog #8  energy:1000 location:64,77  env:Eau  state:findPartener
$ Listing all frogs :
	Frog #1  energy:985 location:299,42  env:Eau  state:singing
	Frog #2  energy:865 location:363,169  env:Eau  state:moveToSing
	Frog #3  energy:865 location:179,162  env:Eau  state:moveToSing
	Frog #4  energy:923 location:299,46  env:Eau  state:singing
	Frog #5  energy:865 location:321,342  env:Eau  state:moveToSing
	Frog #6  energy:1000 location:464,340  env:Eau  state:findPartener
	Frog #7  energy:1000 location:438,363  env:Eau  state:findPartener
	Frog #8  energy:1000 location:65,77  env:Eau  state:findPartener
