$ Loading 2 environments.
	Env Eau, color breve.vector( 0.000000, 0.000000, 1.000000 ), ease 3
	Env Forêt, color breve.vector( 0.176471, 0.419608, 0.141176 ), ease 2
$ Environment loading complete.
$ Listing all frogs :
	Frog #1  energy:1000  voicePower:62  location:295,66  env:Eau
	Frog #2  energy:1000  voicePower:59  location:121,232  env:Eau
	Frog #3  energy:1000  voicePower:65  location:309,294  env:Eau
	Frog #4  energy:1000  voicePower:66  location:368,192  env:Eau
	Frog #5  energy:1000  voicePower:90  location:4,289  env:Eau
$ Listing all frogs :
	Frog #1  energy:1000  voicePower:62  location:295,66  env:Eau
	Frog #2  energy:999  voicePower:59  location:122,232  env:Eau
	Frog #3  energy:999  voicePower:65  location:309,294  env:Eau
	Frog #4  energy:999  voicePower:66  location:368,191  env:Eau
	Frog #5  energy:999  voicePower:90  location:5,288  env:Eau
$ Listing all frogs :
	Frog #1  energy:997  voicePower:62  location:295,66  env:Eau
	Frog #2  energy:999  voicePower:59  location:123,231  env:Eau
	Frog #3  energy:999  voicePower:65  location:309,293  env:Eau
	Frog #4  energy:999  voicePower:66  location:367,191  env:Eau
	Frog #5  energy:999  voicePower:90  location:6,288  env:Eau
$ Listing all frogs :
	Frog #1  energy:994  voicePower:62  location:295,66  env:Eau
	Frog #2  energy:999  voicePower:59  location:123,231  env:Eau
	Frog #3  energy:999  voicePower:65  location:309,292  env:Eau
	Frog #4  energy:999  voicePower:66  location:367,190  env:Eau
	Frog #5  energy:999  voicePower:90  location:6,287  env:Eau
$ Listing all frogs :
	Frog #1  energy:991  voicePower:62  location:295,66  env:Eau
	Frog #2  energy:999  voicePower:59  location:124,230  env:Eau
	Frog #3  energy:999  voicePower:65  location:309,291  env:Eau
	Frog #4  energy:999  voicePower:66  location:367,189  env:Eau
	Frog #5  energy:999  voicePower:90  location:7,287  env:Eau
$ Listing all frogs :
	Frog #1  energy:988  voicePower:62  location:295,66  env:Eau
	Frog #2  energy:998  voicePower:59  location:125,229  env:Eau
	Frog #3  energy:998  voicePower:65  location:309,290  env:Eau
	Frog #4  energy:998  voicePower:66  location:366,189  env:Eau
	Frog #5  energy:998  voicePower:90  location:8,286  env:Eau
$ Listing all frogs :
	Frog #1  energy:985  voicePower:62  location:295,66  env:Eau
	Frog #2  energy:998  voicePower:59  location:125,229  env:Eau
	Frog #3  energy:998  voicePower:65  location:309,289  env:Eau
	Frog #4  energy:998  voicePower:66  location:366,188  env:Eau
	Frog #5  energy:998  voicePower:90  location:8,286  env:Eau
$ Listing all frogs :
	Frog #1  energy:982  voicePower:62  location:295,66  env:Eau
	Frog #2  energy:998  voicePower:59  location:126,228  env:Eau
	Frog #3  energy:998  voicePower:65  location:309,289  env:Eau
	Frog #4  energy:998  voicePower:66  location:365,187  env:Eau
	Frog #5  energy:998  voicePower:90  location:9,285  env:Eau
$ Listing all frogs :
	Frog #1  energy:979  voicePower:62  location:295,66  env:Eau
	Frog #2  energy:998  voicePower:59  location:126,228  env:Eau
	Frog #3  energy:998  voicePower:65  location:309,288  env:Eau
	Frog #4  energy:998  voicePower:66  location:365,186  env:Eau
	Frog #5  energy:998  voicePower:90  location:10,285  env:Eau
$ Listing all frogs :
	Frog #1  energy:976  voicePower:62  location:295,66  env:Eau
	Frog #2  energy:997  voicePower:59  location:127,227  env:Eau
	Frog #3  energy:997  voicePower:65  location:309,287  env:Eau
	Frog #4  energy:997  voicePower:66  location:364,186  env:Eau
	Frog #5  energy:997  voicePower:90  location:10,284  env:Eau
$ Listing all frogs :
	Frog #1  energy:973  voicePower:62  location:295,66  env:Eau
	Frog #2  energy:997  voicePower:59  location:128,226  env:Eau
	Frog #3  energy:997  voicePower:65  location:309,286  env:Eau
	Frog #4  energy:997  voicePower:66  location:364,185  env:Eau
	Frog #5  energy:997  voicePower:90  location:11,283  env:Eau
$ Listing all frogs :
	Frog #1  energy:970  voicePower:62  location:295,66  env:Eau
	Frog #2  energy:997  voicePower:59  location:128,226  env:Eau
	Frog #3  energy:997  voicePower:65  location:308,285  env:Eau
	Frog #4  energy:997  voicePower:66  location:364,184  env:Eau
	Frog #5  energy:997  voicePower:90  location:12,283  env:Eau
$ Listing all frogs :
	Frog #1  energy:967  voicePower:62  location:295,66  env:Eau
	Frog #2  energy:997  voicePower:59  location:129,225  env:Eau
	Frog #3  energy:997  voicePower:65  location:308,284  env:Eau
	Frog #4  energy:997  voicePower:66  location:363,183  env:Eau
	Frog #5  energy:997  voicePower:90  location:12,282  env:Eau
$ Listing all frogs :
	Frog #1  energy:964  voicePower:62  location:295,66  env:Eau
	Frog #2  energy:996  voicePower:59  location:129,225  env:Eau
	Frog #3  energy:996  voicePower:65  location:308,283  env:Eau
	Frog #4  energy:996  voicePower:66  location:363,183  env:Eau
	Frog #5  energy:996  voicePower:90  location:13,282  env:Eau
$ Listing all frogs :
	Frog #1  energy:961  voicePower:62  location:295,66  env:Eau
	Frog #2  energy:996  voicePower:59  location:130,224  env:Eau
	Frog #3  energy:996  voicePower:65  location:308,283  env:Eau
	Frog #4  energy:996  voicePower:66  location:362,182  env:Eau
	Frog #5  energy:996  voicePower:90  location:14,281  env:Eau
$ Listing all frogs :
	Frog #1  energy:958  voicePower:62  location:295,66  env:Eau
	Frog #2  energy:996  voicePower:59  location:131,224  env:Eau
	Frog #3  energy:996  voicePower:65  location:308,282  env:Eau
	Frog #4  energy:996  voicePower:66  location:362,181  env:Eau
	Frog #5  energy:996  voicePower:90  location:14,281  env:Eau
$ Listing all frogs :
	Frog #1  energy:955  voicePower:62  location:295,66  env:Eau
	Frog #2  energy:996  voicePower:59  location:131,223  env:Eau
	Frog #3  energy:996  voicePower:65  location:308,281  env:Eau
	Frog #4  energy:996  voicePower:66  location:361,180  env:Eau
	Frog #5  energy:996  voicePower:90  location:15,280  env:Eau
$ Listing all frogs :
	Frog #1  energy:952  voicePower:62  location:295,66  env:Eau
	Frog #2  energy:995  voicePower:59  location:132,222  env:Eau
	Frog #3  energy:995  voicePower:65  location:308,280  env:Eau
	Frog #4  energy:995  voicePower:66  location:361,180  env:Eau
	Frog #5  energy:995  voicePower:90  location:16,280  env:Eau
$ Listing all frogs :
	Frog #1  energy:949  voicePower:62  location:295,66  env:Eau
	Frog #2  energy:995  voicePower:59  location:133,222  env:Eau
	Frog #3  energy:995  voicePower:65  location:308,279  env:Eau
	Frog #4  energy:995  voicePower:66  location:361,179  env:Eau
	Frog #5  energy:995  voicePower:90  location:16,279  env:Eau
$ Listing all frogs :
	Frog #1  energy:946  voicePower:62  location:295,66  env:Eau
	Frog #2  energy:995  voicePower:59  location:133,221  env:Eau
	Frog #3  energy:995  voicePower:65  location:308,278  env:Eau
	Frog #4  energy:995  voicePower:66  location:360,178  env:Eau
	Frog #5  energy:995  voicePower:90  location:17,279  env:Eau
$ Listing all frogs :
	Frog #1  energy:943  voicePower:62  location:295,66  env:Eau
	Frog #2  energy:995  voicePower:59  location:134,221  env:Eau
	Frog #3  energy:995  voicePower:65  location:308,277  env:Eau
	Frog #4  energy:995  voicePower:66  location:360,177  env:Eau
	Frog #5  energy:995  voicePower:90  location:18,278  env:Eau
$ Listing all frogs :
	Frog #1  energy:940  voicePower:62  location:295,66  env:Eau
	Frog #2  energy:994  voicePower:59  location:134,220  env:Eau
	Frog #3  energy:994  voicePower:65  location:308,277  env:Eau
	Frog #4  energy:994  voicePower:66  location:359,177  env:Eau
	Frog #5  energy:994  voicePower:90  location:18,278  env:Eau
$ Listing all frogs :
	Frog #1  energy:937  voicePower:62  location:295,66  env:Eau
	Frog #2  energy:994  voicePower:59  location:135,219  env:Eau
	Frog #3  energy:994  voicePower:65  location:308,276  env:Eau
	Frog #4  energy:994  voicePower:66  location:359,176  env:Eau
	Frog #5  energy:994  voicePower:90  location:19,277  env:Eau
$ Listing all frogs :
	Frog #1  energy:934  voicePower:62  location:295,66  env:Eau
	Frog #2  energy:994  voicePower:59  location:136,219  env:Eau
	Frog #3  energy:994  voicePower:65  location:308,275  env:Eau
	Frog #4  energy:994  voicePower:66  location:358,175  env:Eau
	Frog #5  energy:994  voicePower:90  location:20,277  env:Eau
$ Listing all frogs :
	Frog #1  energy:931  voicePower:62  location:295,66  env:Eau
	Frog #2  energy:994  voicePower:59  location:136,218  env:Eau
	Frog #3  energy:994  voicePower:65  location:308,274  env:Eau
	Frog #4  energy:994  voicePower:66  location:358,175  env:Eau
	Frog #5  energy:994  voicePower:90  location:21,276  env:Eau
$ Listing all frogs :
	Frog #1  energy:928  voicePower:62  location:295,66  env:Eau
	Frog #2  energy:993  voicePower:59  location:137,218  env:Eau
	Frog #3  energy:993  voicePower:65  location:308,273  env:Eau
	Frog #4  energy:993  voicePower:66  location:358,174  env:Eau
	Frog #5  energy:993  voicePower:90  location:21,276  env:Eau
$ Listing all frogs :
	Frog #1  energy:925  voicePower:62  location:295,66  env:Eau
	Frog #2  energy:993  voicePower:59  location:137,217  env:Eau
	Frog #3  energy:993  voicePower:65  location:308,272  env:Eau
	Frog #4  energy:993  voicePower:66  location:357,173  env:Eau
	Frog #5  energy:993  voicePower:90  location:22,275  env:Eau
$ Listing all frogs :
	Frog #1  energy:922  voicePower:62  location:295,66  env:Eau
	Frog #2  energy:993  voicePower:59  location:138,216  env:Eau
	Frog #3  energy:993  voicePower:65  location:308,272  env:Eau
	Frog #4  energy:993  voicePower:66  location:357,172  env:Eau
	Frog #5  energy:993  voicePower:90  location:23,275  env:Eau
$ Listing all frogs :
	Frog #1  energy:919  voicePower:62  location:295,66  env:Eau
	Frog #2  energy:993  voicePower:59  location:139,216  env:Eau
	Frog #3  energy:993  voicePower:65  location:308,271  env:Eau
	Frog #4  energy:993  voicePower:66  location:356,172  env:Eau
	Frog #5  energy:993  voicePower:90  location:23,274  env:Eau
$ Listing all frogs :
	Frog #1  energy:916  voicePower:62  location:295,66  env:Eau
	Frog #2  energy:992  voicePower:59  location:139,215  env:Eau
	Frog #3  energy:992  voicePower:65  location:308,270  env:Eau
	Frog #4  energy:992  voicePower:66  location:356,171  env:Eau
	Frog #5  energy:992  voicePower:90  location:24,274  env:Eau
$ Listing all frogs :
	Frog #1  energy:913  voicePower:62  location:295,66  env:Eau
	Frog #2  energy:992  voicePower:59  location:140,215  env:Eau
	Frog #3  energy:992  voicePower:65  location:307,269  env:Eau
	Frog #4  energy:992  voicePower:66  location:355,170  env:Eau
	Frog #5  energy:992  voicePower:90  location:25,273  env:Eau
$ Listing all frogs :
	Frog #1  energy:910  voicePower:62  location:295,66  env:Eau
	Frog #2  energy:992  voicePower:59  location:140,214  env:Eau
	Frog #3  energy:992  voicePower:65  location:307,268  env:Eau
	Frog #4  energy:992  voicePower:66  location:355,169  env:Eau
	Frog #5  energy:992  voicePower:90  location:25,273  env:Eau
$ Listing all frogs :
	Frog #1  energy:907  voicePower:62  location:295,66  env:Eau
	Frog #2  energy:992  voicePower:59  location:141,214  env:Eau
	Frog #3  energy:992  voicePower:65  location:307,267  env:Eau
	Frog #4  energy:992  voicePower:66  location:355,169  env:Eau
	Frog #5  energy:992  voicePower:90  location:26,272  env:Eau
$ Listing all frogs :
	Frog #1  energy:904  voicePower:62  location:295,66  env:Eau
	Frog #2  energy:991  voicePower:59  location:142,213  env:Eau
	Frog #3  energy:991  voicePower:65  location:307,266  env:Eau
	Frog #4  energy:991  voicePower:66  location:354,168  env:Eau
	Frog #5  energy:991  voicePower:90  location:27,272  env:Eau
$ Listing all frogs :
	Frog #1  energy:901  voicePower:62  location:295,66  env:Eau
	Frog #2  energy:991  voicePower:59  location:142,212  env:Eau
	Frog #3  energy:991  voicePower:65  location:307,266  env:Eau
	Frog #4  energy:991  voicePower:66  location:354,167  env:Eau
	Frog #5  energy:991  voicePower:90  location:27,271  env:Eau
$ Listing all frogs :
	Frog #1  energy:898  voicePower:62  location:295,66  env:Eau
	Frog #2  energy:991  voicePower:59  location:143,212  env:Eau
	Frog #3  energy:991  voicePower:65  location:307,265  env:Eau
	Frog #4  energy:991  voicePower:66  location:353,167  env:Eau
	Frog #5  energy:991  voicePower:90  location:28,271  env:Eau
$ Listing all frogs :
	Frog #1  energy:895  voicePower:62  location:295,66  env:Eau
	Frog #2  energy:991  voicePower:59  location:144,211  env:Eau
	Frog #3  energy:991  voicePower:65  location:307,264  env:Eau
	Frog #4  energy:991  voicePower:66  location:353,166  env:Eau
	Frog #5  energy:991  voicePower:90  location:29,270  env:Eau
$ Listing all frogs :
	Frog #1  energy:892  voicePower:62  location:295,66  env:Eau
	Frog #2  energy:990  voicePower:59  location:144,211  env:Eau
	Frog #3  energy:990  voicePower:65  location:307,263  env:Eau
	Frog #4  energy:990  voicePower:66  location:353,165  env:Eau
	Frog #5  energy:990  voicePower:90  location:29,270  env:Eau
$ Listing all frogs :
	Frog #1  energy:889  voicePower:62  location:295,66  env:Eau
	Frog #2  energy:990  voicePower:59  location:145,210  env:Eau
	Frog #3  energy:990  voicePower:65  location:307,262  env:Eau
	Frog #4  energy:990  voicePower:66  location:352,164  env:Eau
	Frog #5  energy:990  voicePower:90  location:30,269  env:Eau
$ Listing all frogs :
	Frog #1  energy:886  voicePower:62  location:295,66  env:Eau
	Frog #2  energy:990  voicePower:59  location:145,209  env:Eau
	Frog #3  energy:990  voicePower:65  location:307,261  env:Eau
	Frog #4  energy:990  voicePower:66  location:352,164  env:Eau
	Frog #5  energy:990  voicePower:90  location:31,269  env:Eau
$ Listing all frogs :
	Frog #1  energy:883  voicePower:62  location:295,66  env:Eau
	Frog #2  energy:990  voicePower:59  location:146,209  env:Eau
	Frog #3  energy:990  voicePower:65  location:307,261  env:Eau
	Frog #4  energy:990  voicePower:66  location:351,163  env:Eau
	Frog #5  energy:990  voicePower:90  location:31,268  env:Eau
$ Listing all frogs :
	Frog #1  energy:880  voicePower:62  location:295,66  env:Eau
	Frog #2  energy:989  voicePower:59  location:147,208  env:Eau
	Frog #3  energy:989  voicePower:65  location:307,260  env:Eau
	Frog #4  energy:989  voicePower:66  location:351,162  env:Eau
	Frog #5  energy:989  voicePower:90  location:32,268  env:Eau
$ Listing all frogs :
	Frog #1  energy:877  voicePower:62  location:295,66  env:Eau
	Frog #2  energy:989  voicePower:59  location:147,208  env:Eau
	Frog #3  energy:989  voicePower:65  location:307,259  env:Eau
	Frog #4  energy:989  voicePower:66  location:350,161  env:Eau
	Frog #5  energy:989  voicePower:90  location:33,267  env:Eau
$ Listing all frogs :
	Frog #1  energy:874  voicePower:62  location:295,66  env:Eau
	Frog #2  energy:989  voicePower:59  location:148,207  env:Eau
	Frog #3  energy:989  voicePower:65  location:307,258  env:Eau
	Frog #4  energy:989  voicePower:66  location:350,161  env:Eau
	Frog #5  energy:989  voicePower:90  location:33,266  env:Eau
$ Listing all frogs :
	Frog #1  energy:871  voicePower:62  location:295,66  env:Eau
	Frog #2  energy:989  voicePower:59  location:148,207  env:Eau
	Frog #3  energy:989  voicePower:65  location:307,257  env:Eau
	Frog #4  energy:989  voicePower:66  location:350,160  env:Eau
	Frog #5  energy:989  voicePower:90  location:34,266  env:Eau
$ Listing all frogs :
	Frog #1  energy:868  voicePower:62  location:295,66  env:Eau
	Frog #2  energy:988  voicePower:59  location:149,206  env:Eau
	Frog #3  energy:988  voicePower:65  location:307,256  env:Eau
	Frog #4  energy:988  voicePower:66  location:349,159  env:Eau
	Frog #5  energy:988  voicePower:90  location:35,265  env:Eau
$ Listing all frogs :
	Frog #1  energy:865  voicePower:62  location:295,66  env:Eau
	Frog #2  energy:988  voicePower:59  location:150,205  env:Eau
	Frog #3  energy:988  voicePower:65  location:307,256  env:Eau
	Frog #4  energy:988  voicePower:66  location:349,158  env:Eau
	Frog #5  energy:988  voicePower:90  location:35,265  env:Eau
$ Listing all frogs :
	Frog #1  energy:862  voicePower:62  location:295,66  env:Eau
	Frog #2  energy:988  voicePower:59  location:150,205  env:Eau
	Frog #3  energy:988  voicePower:65  location:307,255  env:Eau
	Frog #4  energy:988  voicePower:66  location:348,158  env:Eau
	Frog #5  energy:988  voicePower:90  location:36,264  env:Eau
$ Listing all frogs :
	Frog #1  energy:859  voicePower:62  location:295,66  env:Eau
	Frog #2  energy:988  voicePower:59  location:151,204  env:Eau
	Frog #3  energy:988  voicePower:65  location:307,254  env:Eau
	Frog #4  energy:988  voicePower:66  location:348,157  env:Eau
	Frog #5  energy:988  voicePower:90  location:37,264  env:Eau
$ Listing all frogs :
	Frog #1  energy:856  voicePower:62  location:295,66  env:Eau
	Frog #2  energy:987  voicePower:59  location:151,204  env:Eau
	Frog #3  energy:987  voicePower:65  location:306,253  env:Eau
	Frog #4  energy:987  voicePower:66  location:347,156  env:Eau
	Frog #5  energy:987  voicePower:90  location:37,263  env:Eau
$ Listing all frogs :
	Frog #1  energy:853  voicePower:62  location:295,66  env:Eau
	Frog #2  energy:987  voicePower:59  location:152,203  env:Eau
	Frog #3  energy:987  voicePower:65  location:306,252  env:Eau
	Frog #4  energy:987  voicePower:66  location:347,156  env:Eau
	Frog #5  energy:987  voicePower:90  location:38,263  env:Eau
$ Listing all frogs :
	Frog #1  energy:850  voicePower:62  location:295,66  env:Eau
	Frog #2  energy:987  voicePower:59  location:153,202  env:Eau
	Frog #3  energy:987  voicePower:65  location:306,251  env:Eau
	Frog #4  energy:987  voicePower:66  location:347,155  env:Eau
	Frog #5  energy:987  voicePower:90  location:39,262  env:Eau
$ Listing all frogs :
	Frog #1  energy:847  voicePower:62  location:295,66  env:Eau
	Frog #2  energy:987  voicePower:59  location:153,202  env:Eau
	Frog #3  energy:987  voicePower:65  location:306,250  env:Eau
	Frog #4  energy:987  voicePower:66  location:346,154  env:Eau
	Frog #5  energy:987  voicePower:90  location:39,262  env:Eau
$ Listing all frogs :
	Frog #1  energy:844  voicePower:62  location:295,66  env:Eau
	Frog #2  energy:986  voicePower:59  location:154,201  env:Eau
	Frog #3  energy:986  voicePower:65  location:306,250  env:Eau
	Frog #4  energy:986  voicePower:66  location:346,153  env:Eau
	Frog #5  energy:986  voicePower:90  location:40,261  env:Eau
$ Listing all frogs :
	Frog #1  energy:841  voicePower:62  location:295,66  env:Eau
	Frog #2  energy:986  voicePower:59  location:154,201  env:Eau
	Frog #3  energy:986  voicePower:65  location:306,249  env:Eau
	Frog #4  energy:986  voicePower:66  location:345,153  env:Eau
	Frog #5  energy:986  voicePower:90  location:41,261  env:Eau
$ Listing all frogs :
	Frog #1  energy:838  voicePower:62  location:295,66  env:Eau
	Frog #2  energy:986  voicePower:59  location:155,200  env:Eau
	Frog #3  energy:986  voicePower:65  location:306,248  env:Eau
	Frog #4  energy:986  voicePower:66  location:345,152  env:Eau
	Frog #5  energy:986  voicePower:90  location:41,260  env:Eau
$ Listing all frogs :
	Frog #1  energy:835  voicePower:62  location:295,66  env:Eau
	Frog #2  energy:986  voicePower:59  location:156,200  env:Eau
	Frog #3  energy:986  voicePower:65  location:306,247  env:Eau
	Frog #4  energy:986  voicePower:66  location:344,151  env:Eau
	Frog #5  energy:986  voicePower:90  location:42,260  env:Eau
$ Listing all frogs :
	Frog #1  energy:832  voicePower:62  location:295,66  env:Eau
	Frog #2  energy:985  voicePower:59  location:156,199  env:Eau
	Frog #3  energy:985  voicePower:65  location:306,246  env:Eau
	Frog #4  energy:985  voicePower:66  location:344,150  env:Eau
	Frog #5  energy:985  voicePower:90  location:43,259  env:Eau
$ Listing all frogs :
	Frog #1  energy:829  voicePower:62  location:295,66  env:Eau
	Frog #2  energy:985  voicePower:59  location:157,198  env:Eau
	Frog #3  energy:985  voicePower:65  location:306,245  env:Eau
	Frog #4  energy:985  voicePower:66  location:344,150  env:Eau
	Frog #5  energy:985  voicePower:90  location:43,259  env:Eau
$ Listing all frogs :
	Frog #1  energy:826  voicePower:62  location:295,66  env:Eau
	Frog #2  energy:985  voicePower:59  location:158,198  env:Eau
	Frog #3  energy:985  voicePower:65  location:306,245  env:Eau
	Frog #4  energy:985  voicePower:66  location:343,149  env:Eau
	Frog #5  energy:985  voicePower:90  location:44,258  env:Eau
$ Listing all frogs :
	Frog #1  energy:823  voicePower:62  location:295,66  env:Eau
	Frog #2  energy:985  voicePower:59  location:158,197  env:Eau
	Frog #3  energy:985  voicePower:65  location:306,244  env:Eau
	Frog #4  energy:985  voicePower:66  location:343,148  env:Eau
	Frog #5  energy:985  voicePower:90  location:45,258  env:Eau
$ Listing all frogs :
	Frog #1  energy:820  voicePower:62  location:295,66  env:Eau
	Frog #2  energy:984  voicePower:59  location:159,197  env:Eau
	Frog #3  energy:984  voicePower:65  location:306,243  env:Eau
	Frog #4  energy:984  voicePower:66  location:342,148  env:Eau
	Frog #5  energy:984  voicePower:90  location:45,257  env:Eau
$ Listing all frogs :
	Frog #1  energy:817  voicePower:62  location:295,66  env:Eau
	Frog #2  energy:984  voicePower:59  location:159,196  env:Eau
	Frog #3  energy:984  voicePower:65  location:306,242  env:Eau
	Frog #4  energy:984  voicePower:66  location:342,147  env:Eau
	Frog #5  energy:984  voicePower:90  location:46,257  env:Eau
$ Listing all frogs :
	Frog #1  energy:814  voicePower:62  location:295,66  env:Eau
	Frog #2  energy:984  voicePower:59  location:160,195  env:Eau
	Frog #3  energy:984  voicePower:65  location:306,241  env:Eau
	Frog #4  energy:984  voicePower:66  location:342,146  env:Eau
	Frog #5  energy:984  voicePower:90  location:47,256  env:Eau
$ Listing all frogs :
	Frog #1  energy:811  voicePower:62  location:295,66  env:Eau
	Frog #2  energy:984  voicePower:59  location:161,195  env:Eau
	Frog #3  energy:984  voicePower:65  location:306,240  env:Eau
	Frog #4  energy:984  voicePower:66  location:341,145  env:Eau
	Frog #5  energy:984  voicePower:90  location:47,256  env:Eau
$ Listing all frogs :
	Frog #1  energy:808  voicePower:62  location:295,66  env:Eau
	Frog #2  energy:984  voicePower:59  location:161,194  env:Eau
	Frog #3  energy:984  voicePower:65  location:306,240  env:Eau
	Frog #4  energy:984  voicePower:66  location:341,145  env:Eau
	Frog #5  energy:984  voicePower:90  location:48,255  env:Eau
$ Listing all frogs :
	Frog #1  energy:805  voicePower:62  location:295,66  env:Eau
	Frog #2  energy:983  voicePower:59  location:162,194  env:Eau
	Frog #3  energy:983  voicePower:65  location:306,239  env:Eau
	Frog #4  energy:983  voicePower:66  location:340,144  env:Eau
	Frog #5  energy:983  voicePower:90  location:49,255  env:Eau
$ Listing all frogs :
	Frog #1  energy:802  voicePower:62  location:295,66  env:Eau
	Frog #2  energy:983  voicePower:59  location:162,193  env:Eau
	Frog #3  energy:983  voicePower:65  location:306,238  env:Eau
	Frog #4  energy:983  voicePower:66  location:340,143  env:Eau
	Frog #5  energy:983  voicePower:90  location:49,254  env:Eau
$ Listing all frogs :
	Frog #1  energy:799  voicePower:62  location:295,66  env:Eau
	Frog #2  energy:983  voicePower:59  location:163,193  env:Eau
	Frog #3  energy:983  voicePower:65  location:306,237  env:Eau
	Frog #4  energy:983  voicePower:66  location:339,143  env:Eau
	Frog #5  energy:983  voicePower:90  location:50,254  env:Eau
$ Listing all frogs :
	Frog #1  energy:796  voicePower:62  location:295,66  env:Eau
	Frog #2  energy:983  voicePower:59  location:164,192  env:Eau
	Frog #3  energy:983  voicePower:65  location:305,236  env:Eau
	Frog #4  energy:983  voicePower:66  location:339,142  env:Eau
	Frog #5  energy:983  voicePower:90  location:51,253  env:Eau
$ Listing all frogs :
	Frog #1  energy:793  voicePower:62  location:295,66  env:Eau
	Frog #2  energy:982  voicePower:59  location:164,191  env:Eau
	Frog #3  energy:982  voicePower:65  location:305,235  env:Eau
	Frog #4  energy:982  voicePower:66  location:339,141  env:Eau
	Frog #5  energy:982  voicePower:90  location:51,253  env:Eau
$ Listing all frogs :
	Frog #1  energy:790  voicePower:62  location:295,66  env:Eau
	Frog #2  energy:982  voicePower:59  location:165,191  env:Eau
	Frog #3  energy:982  voicePower:65  location:305,235  env:Eau
	Frog #4  energy:982  voicePower:66  location:338,140  env:Eau
	Frog #5  energy:982  voicePower:90  location:52,252  env:Eau
$ Listing all frogs :
	Frog #1  energy:787  voicePower:62  location:295,66  env:Eau
	Frog #2  energy:982  voicePower:59  location:165,190  env:Eau
	Frog #3  energy:982  voicePower:65  location:305,234  env:Eau
	Frog #4  energy:982  voicePower:66  location:338,140  env:Eau
	Frog #5  energy:982  voicePower:90  location:53,252  env:Eau
$ Listing all frogs :
	Frog #1  energy:784  voicePower:62  location:295,66  env:Eau
	Frog #2  energy:982  voicePower:59  location:166,190  env:Eau
	Frog #3  energy:982  voicePower:65  location:305,233  env:Eau
	Frog #4  energy:982  voicePower:66  location:337,139  env:Eau
	Frog #5  energy:982  voicePower:90  location:53,251  env:Eau
$ Listing all frogs :
	Frog #1  energy:781  voicePower:62  location:295,66  env:Eau
	Frog #2  energy:981  voicePower:59  location:167,189  env:Eau
	Frog #3  energy:981  voicePower:65  location:305,232  env:Eau
	Frog #4  energy:981  voicePower:66  location:337,138  env:Eau
	Frog #5  energy:981  voicePower:90  location:54,251  env:Eau
$ Listing all frogs :
	Frog #1  energy:778  voicePower:62  location:295,66  env:Eau
	Frog #2  energy:981  voicePower:59  location:167,188  env:Eau
	Frog #3  energy:981  voicePower:65  location:305,231  env:Eau
	Frog #4  energy:981  voicePower:66  location:336,137  env:Eau
	Frog #5  energy:981  voicePower:90  location:55,250  env:Eau
$ Listing all frogs :
	Frog #1  energy:775  voicePower:62  location:295,66  env:Eau
	Frog #2  energy:981  voicePower:59  location:168,188  env:Eau
	Frog #3  energy:981  voicePower:65  location:305,230  env:Eau
	Frog #4  energy:981  voicePower:66  location:336,137  env:Eau
	Frog #5  energy:981  voicePower:90  location:55,250  env:Eau
$ Listing all frogs :
	Frog #1  energy:772  voicePower:62  location:295,66  env:Eau
	Frog #2  energy:981  voicePower:59  location:168,187  env:Eau
	Frog #3  energy:981  voicePower:65  location:305,230  env:Eau
	Frog #4  energy:981  voicePower:66  location:336,136  env:Eau
	Frog #5  energy:981  voicePower:90  location:56,249  env:Eau
$ Listing all frogs :
	Frog #1  energy:769  voicePower:62  location:295,66  env:Eau
	Frog #2  energy:980  voicePower:59  location:169,187  env:Eau
	Frog #3  energy:980  voicePower:65  location:305,229  env:Eau
	Frog #4  energy:980  voicePower:66  location:335,135  env:Eau
	Frog #5  energy:980  voicePower:90  location:57,249  env:Eau
$ Listing all frogs :
	Frog #1  energy:766  voicePower:62  location:295,66  env:Eau
	Frog #2  energy:980  voicePower:59  location:170,186  env:Eau
	Frog #3  energy:980  voicePower:65  location:305,228  env:Eau
	Frog #4  energy:980  voicePower:66  location:335,135  env:Eau
	Frog #5  energy:980  voicePower:90  location:57,248  env:Eau
$ Listing all frogs :
	Frog #1  energy:763  voicePower:62  location:295,66  env:Eau
	Frog #2  energy:980  voicePower:59  location:170,186  env:Eau
	Frog #3  energy:980  voicePower:65  location:305,227  env:Eau
	Frog #4  energy:980  voicePower:66  location:334,134  env:Eau
	Frog #5  energy:980  voicePower:90  location:58,248  env:Eau
$ Listing all frogs :
	Frog #1  energy:760  voicePower:62  location:295,66  env:Eau
	Frog #2  energy:980  voicePower:59  location:171,185  env:Eau
	Frog #3  energy:980  voicePower:65  location:305,226  env:Eau
	Frog #4  energy:980  voicePower:66  location:334,133  env:Eau
	Frog #5  energy:980  voicePower:90  location:59,247  env:Eau
$ Listing all frogs :
	Frog #1  energy:757  voicePower:62  location:295,66  env:Eau
	Frog #2  energy:979  voicePower:59  location:171,184  env:Eau
	Frog #3  energy:979  voicePower:65  location:305,225  env:Eau
	Frog #4  energy:979  voicePower:66  location:334,132  env:Eau
	Frog #5  energy:979  voicePower:90  location:59,247  env:Eau
$ Listing all frogs :
	Frog #1  energy:754  voicePower:62  location:295,66  env:Eau
	Frog #2  energy:979  voicePower:59  location:172,184  env:Eau
	Frog #3  energy:979  voicePower:65  location:305,225  env:Eau
	Frog #4  energy:979  voicePower:66  location:333,132  env:Eau
	Frog #5  energy:979  voicePower:90  location:60,246  env:Eau
$ Listing all frogs :
	Frog #1  energy:751  voicePower:62  location:295,66  env:Eau
	Frog #2  energy:979  voicePower:59  location:173,183  env:Eau
	Frog #3  energy:979  voicePower:65  location:305,224  env:Eau
	Frog #4  energy:979  voicePower:66  location:333,131  env:Eau
	Frog #5  energy:979  voicePower:90  location:61,246  env:Eau
$ Listing all frogs :
	Frog #1  energy:748  voicePower:62  location:295,66  env:Eau
	Frog #2  energy:979  voicePower:59  location:173,183  env:Eau
	Frog #3  energy:979  voicePower:65  location:305,223  env:Eau
	Frog #4  energy:979  voicePower:66  location:332,130  env:Eau
	Frog #5  energy:979  voicePower:90  location:61,245  env:Eau
$ Listing all frogs :
	Frog #1  energy:745  voicePower:62  location:295,66  env:Eau
	Frog #2  energy:978  voicePower:59  location:174,182  env:Eau
	Frog #3  energy:978  voicePower:65  location:305,222  env:Eau
	Frog #4  energy:978  voicePower:66  location:332,130  env:Eau
	Frog #5  energy:978  voicePower:90  location:62,245  env:Eau
$ Listing all frogs :
	Frog #1  energy:742  voicePower:62  location:295,66  env:Eau
	Frog #2  energy:978  voicePower:59  location:174,182  env:Eau
	Frog #3  energy:978  voicePower:65  location:305,221  env:Eau
	Frog #4  energy:978  voicePower:66  location:331,129  env:Eau
	Frog #5  energy:978  voicePower:90  location:63,244  env:Eau
$ Listing all frogs :
	Frog #1  energy:739  voicePower:62  location:295,66  env:Eau
	Frog #2  energy:978  voicePower:59  location:175,181  env:Eau
	Frog #3  energy:978  voicePower:65  location:304,220  env:Eau
	Frog #4  energy:978  voicePower:66  location:331,128  env:Eau
	Frog #5  energy:978  voicePower:90  location:63,244  env:Eau
$ Listing all frogs :
	Frog #1  energy:736  voicePower:62  location:295,66  env:Eau
	Frog #2  energy:978  voicePower:59  location:176,180  env:Eau
	Frog #3  energy:978  voicePower:65  location:304,220  env:Eau
	Frog #4  energy:978  voicePower:66  location:331,127  env:Eau
	Frog #5  energy:978  voicePower:90  location:64,243  env:Eau
$ Listing all frogs :
	Frog #1  energy:733  voicePower:62  location:295,66  env:Eau
	Frog #2  energy:977  voicePower:59  location:176,180  env:Eau
	Frog #3  energy:977  voicePower:65  location:304,219  env:Eau
	Frog #4  energy:977  voicePower:66  location:330,127  env:Eau
	Frog #5  energy:977  voicePower:90  location:65,243  env:Eau
