$ Loading 2 environments.
	Env Eau, color breve.vector( 0.000000, 0.000000, 1.000000 ), ease 3
	Env Foret, color breve.vector( 0.176471, 0.419608, 0.141176 ), ease 2
$ Environment loading complete.
$ Listing all frogs :
	Frog #1  energy:1000 location:418,643  env:Eau  state:moveToSing
	Frog #2  energy:1000 location:208,910  env:Eau  state:moveToSing
	Frog #3  energy:1000 location:531,157  env:Eau  state:moveToSing
	Frog #4  energy:1000 location:936,792  env:Eau  state:moveToSing
	Frog #5  energy:1000 location:833,741  env:Eau  state:moveToSing
$ Listing all frogs :
	Frog #1  energy:1000 location:418,643  env:Eau  state:singing
	Frog #2  energy:999 location:210,907  env:Eau  state:moveToSing
	Frog #3  energy:999 location:530,160  env:Eau  state:moveToSing
	Frog #4  energy:999 location:933,791  env:Eau  state:moveToSing
	Frog #5  energy:999 location:830,740  env:Eau  state:moveToSing
$ Listing all frogs :
	Frog #1  energy:999 location:418,643  env:Eau  state:singing
	Frog #2  energy:999 location:212,905  env:Eau  state:moveToSing
	Frog #3  energy:999 location:529,163  env:Eau  state:moveToSing
	Frog #4  energy:999 location:929,790  env:Eau  state:moveToSing
	Frog #5  energy:999 location:827,739  env:Eau  state:moveToSing
$ Listing all frogs :
	Frog #1  energy:998 location:418,643  env:Eau  state:singing
	Frog #2  energy:998 location:214,902  env:Eau  state:moveToSing
	Frog #3  energy:998 location:529,166  env:Eau  state:moveToSing
	Frog #4  energy:998 location:926,789  env:Eau  state:moveToSing
	Frog #5  energy:998 location:823,739  env:Eau  state:moveToSing
$ Listing all frogs :
	Frog #1  energy:997 location:418,643  env:Eau  state:singing
	Frog #2  energy:998 location:216,899  env:Eau  state:moveToSing
	Frog #3  energy:998 location:528,170  env:Eau  state:moveToSing
	Frog #4  energy:998 location:923,788  env:Eau  state:moveToSing
	Frog #5  energy:998 location:820,738  env:Eau  state:moveToSing
$ Listing all frogs :
	Frog #1  energy:996 location:418,643  env:Eau  state:singing
	Frog #2  energy:997 location:218,896  env:Eau  state:moveToSing
	Frog #3  energy:997 location:527,173  env:Eau  state:moveToSing
	Frog #4  energy:997 location:920,787  env:Eau  state:moveToSing
	Frog #5  energy:997 location:817,737  env:Eau  state:moveToSing
$ Listing all frogs :
	Frog #1  energy:995 location:418,643  env:Eau  state:singing
	Frog #2  energy:997 location:221,894  env:Eau  state:moveToSing
	Frog #3  energy:997 location:526,176  env:Eau  state:moveToSing
	Frog #4  energy:997 location:916,786  env:Eau  state:moveToSing
	Frog #5  energy:997 location:813,736  env:Eau  state:moveToSing
$ Listing all frogs :
	Frog #1  energy:994 location:418,643  env:Eau  state:singing
	Frog #2  energy:996 location:223,891  env:Eau  state:moveToSing
	Frog #3  energy:996 location:526,180  env:Eau  state:moveToSing
	Frog #4  energy:996 location:913,785  env:Eau  state:moveToSing
	Frog #5  energy:996 location:810,735  env:Eau  state:moveToSing
$ Listing all frogs :
	Frog #1  energy:993 location:418,643  env:Eau  state:singing
	Frog #2  energy:996 location:225,888  env:Eau  state:moveToSing
	Frog #3  energy:996 location:525,183  env:Eau  state:moveToSing
	Frog #4  energy:996 location:910,784  env:Eau  state:moveToSing
	Frog #5  energy:996 location:807,735  env:Eau  state:moveToSing
$ Listing all frogs :
	Frog #1  energy:992 location:418,643  env:Eau  state:singing
	Frog #2  energy:995 location:227,886  env:Eau  state:moveToSing
	Frog #3  energy:995 location:524,186  env:Eau  state:moveToSing
	Frog #4  energy:995 location:906,784  env:Eau  state:moveToSing
	Frog #5  energy:995 location:803,734  env:Eau  state:moveToSing
$ Listing all frogs :
	Frog #1  energy:991 location:418,643  env:Eau  state:singing
	Frog #2  energy:995 location:229,883  env:Eau  state:moveToSing
	Frog #3  energy:995 location:523,190  env:Eau  state:moveToSing
	Frog #4  energy:995 location:903,783  env:Eau  state:moveToSing
	Frog #5  energy:995 location:800,733  env:Eau  state:moveToSing
$ Listing all frogs :
	Frog #1  energy:990 location:418,643  env:Eau  state:singing
	Frog #2  energy:994 location:231,880  env:Eau  state:moveToSing
	Frog #3  energy:994 location:522,193  env:Eau  state:moveToSing
	Frog #4  energy:994 location:900,782  env:Eau  state:moveToSing
	Frog #5  energy:994 location:797,732  env:Eau  state:moveToSing
$ Listing all frogs :
	Frog #1  energy:989 location:418,643  env:Eau  state:singing
	Frog #2  energy:994 location:233,878  env:Eau  state:moveToSing
	Frog #3  energy:994 location:522,196  env:Eau  state:moveToSing
	Frog #4  energy:994 location:897,781  env:Eau  state:moveToSing
	Frog #5  energy:994 location:793,732  env:Eau  state:moveToSing
$ Listing all frogs :
	Frog #1  energy:988 location:418,643  env:Eau  state:singing
	Frog #2  energy:993 location:235,875  env:Eau  state:moveToSing
	Frog #3  energy:993 location:521,200  env:Eau  state:moveToSing
	Frog #4  energy:993 location:893,780  env:Eau  state:moveToSing
	Frog #5  energy:993 location:790,731  env:Eau  state:moveToSing
$ Listing all frogs :
	Frog #1  energy:987 location:418,643  env:Eau  state:singing
	Frog #2  energy:993 location:237,873  env:Eau  state:moveToSing
	Frog #3  energy:993 location:520,203  env:Eau  state:moveToSing
	Frog #4  energy:993 location:890,779  env:Eau  state:moveToSing
	Frog #5  energy:993 location:787,730  env:Eau  state:moveToSing
$ Listing all frogs :
	Frog #1  energy:986 location:418,643  env:Eau  state:singing
	Frog #2  energy:992 location:239,870  env:Eau  state:moveToSing
	Frog #3  energy:992 location:519,206  env:Eau  state:moveToSing
	Frog #4  energy:992 location:887,778  env:Eau  state:moveToSing
	Frog #5  energy:992 location:784,729  env:Eau  state:moveToSing
$ Listing all frogs :
	Frog #1  energy:985 location:418,643  env:Eau  state:singing
	Frog #2  energy:992 location:242,867  env:Eau  state:moveToSing
	Frog #3  energy:992 location:519,209  env:Eau  state:moveToSing
	Frog #4  energy:992 location:884,777  env:Eau  state:moveToSing
	Frog #5  energy:992 location:780,728  env:Eau  state:moveToSing
$ Listing all frogs :
	Frog #1  energy:984 location:418,643  env:Eau  state:singing
	Frog #2  energy:991 location:244,865  env:Eau  state:moveToSing
	Frog #3  energy:991 location:518,213  env:Eau  state:moveToSing
	Frog #4  energy:991 location:880,776  env:Eau  state:moveToSing
	Frog #5  energy:991 location:777,728  env:Eau  state:moveToSing
