$ Loading 2 environments.
	Env Eau, color breve.vector( 0.000000, 0.000000, 1.000000 ), ease 3
	Env Forêt, color breve.vector( 0.176471, 0.419608, 0.141176 ), ease 2
$ Environment loading complete.
$ Listing all frogs :
	Frog #1  energy:1000  voicePower:84  location:34,78  env:Eau
	Frog #2  energy:1000  voicePower:66  location:235,360  env:Eau
	Frog #3  energy:1000  voicePower:100  location:452,491  env:Eau
	Frog #4  energy:1000  voicePower:54  location:29,243  env:Eau
	Frog #5  energy:1000  voicePower:65  location:433,116  env:Eau
$ Listing all frogs :
	Frog #1  energy:1000  voicePower:84  location:34,78  env:Eau
	Frog #2  energy:999  voicePower:66  location:234,360  env:Eau
	Frog #3  energy:999  voicePower:100  location:451,491  env:Eau
	Frog #4  energy:999  voicePower:54  location:29,242  env:Eau
	Frog #5  energy:999  voicePower:65  location:432,116  env:Eau
$ Listing all frogs :
	Frog #1  energy:997  voicePower:84  location:34,78  env:Eau
	Frog #2  energy:999  voicePower:66  location:234,359  env:Eau
	Frog #3  energy:999  voicePower:100  location:451,490  env:Eau
	Frog #4  energy:999  voicePower:54  location:29,241  env:Eau
	Frog #5  energy:999  voicePower:65  location:431,116  env:Eau
$ Listing all frogs :
	Frog #1  energy:994  voicePower:84  location:34,78  env:Eau
	Frog #2  energy:999  voicePower:66  location:233,358  env:Eau
	Frog #3  energy:999  voicePower:100  location:450,489  env:Eau
	Frog #4  energy:999  voicePower:54  location:29,240  env:Eau
	Frog #5  energy:999  voicePower:65  location:430,116  env:Eau
$ Listing all frogs :
	Frog #1  energy:991  voicePower:84  location:34,78  env:Eau
	Frog #2  energy:999  voicePower:66  location:233,358  env:Eau
	Frog #3  energy:999  voicePower:100  location:450,489  env:Eau
	Frog #4  energy:999  voicePower:54  location:29,239  env:Eau
	Frog #5  energy:999  voicePower:65  location:429,116  env:Eau
$ Listing all frogs :
	Frog #1  energy:988  voicePower:84  location:34,78  env:Eau
	Frog #2  energy:998  voicePower:66  location:232,357  env:Eau
	Frog #3  energy:998  voicePower:100  location:449,488  env:Eau
	Frog #4  energy:998  voicePower:54  location:29,238  env:Eau
	Frog #5  energy:998  voicePower:65  location:428,115  env:Eau
$ Listing all frogs :
	Frog #1  energy:985  voicePower:84  location:34,78  env:Eau
	Frog #2  energy:998  voicePower:66  location:232,356  env:Eau
	Frog #3  energy:998  voicePower:100  location:448,488  env:Eau
	Frog #4  energy:998  voicePower:54  location:29,238  env:Eau
	Frog #5  energy:998  voicePower:65  location:427,115  env:Eau
$ Listing all frogs :
	Frog #1  energy:982  voicePower:84  location:34,78  env:Eau
	Frog #2  energy:998  voicePower:66  location:231,355  env:Eau
	Frog #3  energy:998  voicePower:100  location:448,487  env:Eau
	Frog #4  energy:998  voicePower:54  location:29,237  env:Eau
	Frog #5  energy:998  voicePower:65  location:427,115  env:Eau
$ Listing all frogs :
	Frog #1  energy:979  voicePower:84  location:34,78  env:Eau
	Frog #2  energy:998  voicePower:66  location:231,355  env:Eau
	Frog #3  energy:998  voicePower:100  location:447,486  env:Eau
	Frog #4  energy:998  voicePower:54  location:29,236  env:Eau
	Frog #5  energy:998  voicePower:65  location:426,115  env:Eau
$ Listing all frogs :
	Frog #1  energy:976  voicePower:84  location:34,78  env:Eau
	Frog #2  energy:997  voicePower:66  location:230,354  env:Eau
	Frog #3  energy:997  voicePower:100  location:447,486  env:Eau
	Frog #4  energy:997  voicePower:54  location:29,235  env:Eau
	Frog #5  energy:997  voicePower:65  location:425,115  env:Eau
$ Listing all frogs :
	Frog #1  energy:973  voicePower:84  location:34,78  env:Eau
	Frog #2  energy:997  voicePower:66  location:230,353  env:Eau
	Frog #3  energy:997  voicePower:100  location:446,485  env:Eau
	Frog #4  energy:997  voicePower:54  location:29,234  env:Eau
	Frog #5  energy:997  voicePower:65  location:424,115  env:Eau
$ Listing all frogs :
	Frog #1  energy:970  voicePower:84  location:34,78  env:Eau
	Frog #2  energy:997  voicePower:66  location:229,353  env:Eau
	Frog #3  energy:997  voicePower:100  location:445,485  env:Eau
	Frog #4  energy:997  voicePower:54  location:29,233  env:Eau
	Frog #5  energy:997  voicePower:65  location:423,115  env:Eau
$ Listing all frogs :
	Frog #1  energy:967  voicePower:84  location:34,78  env:Eau
	Frog #2  energy:997  voicePower:66  location:229,352  env:Eau
	Frog #3  energy:997  voicePower:100  location:445,484  env:Eau
	Frog #4  energy:997  voicePower:54  location:29,233  env:Eau
	Frog #5  energy:997  voicePower:65  location:422,115  env:Eau
$ Listing all frogs :
	Frog #1  energy:964  voicePower:84  location:34,78  env:Eau
	Frog #2  energy:996  voicePower:66  location:228,351  env:Eau
	Frog #3  energy:996  voicePower:100  location:444,483  env:Eau
	Frog #4  energy:996  voicePower:54  location:29,232  env:Eau
	Frog #5  energy:996  voicePower:65  location:421,115  env:Eau
$ Listing all frogs :
	Frog #1  energy:961  voicePower:84  location:34,78  env:Eau
	Frog #2  energy:996  voicePower:66  location:228,351  env:Eau
	Frog #3  energy:996  voicePower:100  location:444,483  env:Eau
	Frog #4  energy:996  voicePower:54  location:29,231  env:Eau
	Frog #5  energy:996  voicePower:65  location:421,115  env:Eau
$ Listing all frogs :
	Frog #1  energy:958  voicePower:84  location:34,78  env:Eau
	Frog #2  energy:996  voicePower:66  location:227,350  env:Eau
	Frog #3  energy:996  voicePower:100  location:443,482  env:Eau
	Frog #4  energy:996  voicePower:54  location:29,230  env:Eau
	Frog #5  energy:996  voicePower:65  location:420,115  env:Eau
$ Listing all frogs :
	Frog #1  energy:955  voicePower:84  location:34,78  env:Eau
	Frog #2  energy:996  voicePower:66  location:227,349  env:Eau
	Frog #3  energy:996  voicePower:100  location:442,482  env:Eau
	Frog #4  energy:996  voicePower:54  location:29,229  env:Eau
	Frog #5  energy:996  voicePower:65  location:419,115  env:Eau
$ Listing all frogs :
	Frog #1  energy:952  voicePower:84  location:34,78  env:Eau
	Frog #2  energy:995  voicePower:66  location:226,349  env:Eau
	Frog #3  energy:995  voicePower:100  location:442,481  env:Eau
	Frog #4  energy:995  voicePower:54  location:29,228  env:Eau
	Frog #5  energy:995  voicePower:65  location:418,114  env:Eau
$ Listing all frogs :
	Frog #1  energy:949  voicePower:84  location:34,78  env:Eau
	Frog #2  energy:995  voicePower:66  location:226,348  env:Eau
	Frog #3  energy:995  voicePower:100  location:441,480  env:Eau
	Frog #4  energy:995  voicePower:54  location:30,227  env:Eau
	Frog #5  energy:995  voicePower:65  location:417,114  env:Eau
$ Listing all frogs :
	Frog #1  energy:946  voicePower:84  location:34,78  env:Eau
	Frog #2  energy:995  voicePower:66  location:225,347  env:Eau
	Frog #3  energy:995  voicePower:100  location:441,480  env:Eau
	Frog #4  energy:995  voicePower:54  location:30,227  env:Eau
	Frog #5  energy:995  voicePower:65  location:416,114  env:Eau
$ Listing all frogs :
	Frog #1  energy:943  voicePower:84  location:34,78  env:Eau
	Frog #2  energy:995  voicePower:66  location:225,346  env:Eau
	Frog #3  energy:995  voicePower:100  location:440,479  env:Eau
	Frog #4  energy:995  voicePower:54  location:30,226  env:Eau
	Frog #5  energy:995  voicePower:65  location:416,114  env:Eau
$ Listing all frogs :
	Frog #1  energy:940  voicePower:84  location:34,78  env:Eau
	Frog #2  energy:994  voicePower:66  location:224,346  env:Eau
	Frog #3  energy:994  voicePower:100  location:439,479  env:Eau
	Frog #4  energy:994  voicePower:54  location:30,225  env:Eau
	Frog #5  energy:994  voicePower:65  location:415,114  env:Eau
$ Listing all frogs :
	Frog #1  energy:937  voicePower:84  location:34,78  env:Eau
	Frog #2  energy:994  voicePower:66  location:224,345  env:Eau
	Frog #3  energy:994  voicePower:100  location:439,478  env:Eau
	Frog #4  energy:994  voicePower:54  location:30,224  env:Eau
	Frog #5  energy:994  voicePower:65  location:414,114  env:Eau
$ Listing all frogs :
	Frog #1  energy:934  voicePower:84  location:34,78  env:Eau
	Frog #2  energy:994  voicePower:66  location:223,344  env:Eau
	Frog #3  energy:994  voicePower:100  location:438,477  env:Eau
	Frog #4  energy:994  voicePower:54  location:30,223  env:Eau
	Frog #5  energy:994  voicePower:65  location:413,114  env:Eau
$ Listing all frogs :
	Frog #1  energy:931  voicePower:84  location:34,78  env:Eau
	Frog #2  energy:994  voicePower:66  location:223,344  env:Eau
	Frog #3  energy:994  voicePower:100  location:438,477  env:Eau
	Frog #4  energy:994  voicePower:54  location:30,222  env:Eau
	Frog #5  energy:994  voicePower:65  location:412,114  env:Eau
$ Listing all frogs :
	Frog #1  energy:928  voicePower:84  location:34,78  env:Eau
	Frog #2  energy:993  voicePower:66  location:222,343  env:Eau
	Frog #3  energy:993  voicePower:100  location:437,476  env:Eau
	Frog #4  energy:993  voicePower:54  location:30,222  env:Eau
	Frog #5  energy:993  voicePower:65  location:411,114  env:Eau
$ Listing all frogs :
	Frog #1  energy:925  voicePower:84  location:34,78  env:Eau
	Frog #2  energy:993  voicePower:66  location:222,342  env:Eau
	Frog #3  energy:993  voicePower:100  location:436,476  env:Eau
	Frog #4  energy:993  voicePower:54  location:30,221  env:Eau
	Frog #5  energy:993  voicePower:65  location:411,114  env:Eau
$ Listing all frogs :
	Frog #1  energy:922  voicePower:84  location:34,78  env:Eau
	Frog #2  energy:993  voicePower:66  location:221,342  env:Eau
	Frog #3  energy:993  voicePower:100  location:436,475  env:Eau
	Frog #4  energy:993  voicePower:54  location:30,220  env:Eau
	Frog #5  energy:993  voicePower:65  location:410,114  env:Eau
$ Listing all frogs :
	Frog #1  energy:919  voicePower:84  location:34,78  env:Eau
	Frog #2  energy:993  voicePower:66  location:221,341  env:Eau
	Frog #3  energy:993  voicePower:100  location:435,474  env:Eau
	Frog #4  energy:993  voicePower:54  location:30,219  env:Eau
	Frog #5  energy:993  voicePower:65  location:409,114  env:Eau
$ Listing all frogs :
	Frog #1  energy:916  voicePower:84  location:34,78  env:Eau
	Frog #2  energy:992  voicePower:66  location:220,340  env:Eau
	Frog #3  energy:992  voicePower:100  location:435,474  env:Eau
	Frog #4  energy:992  voicePower:54  location:30,218  env:Eau
	Frog #5  energy:992  voicePower:65  location:408,114  env:Eau
$ Listing all frogs :
	Frog #1  energy:913  voicePower:84  location:34,78  env:Eau
	Frog #2  energy:992  voicePower:66  location:220,340  env:Eau
	Frog #3  energy:992  voicePower:100  location:434,473  env:Eau
	Frog #4  energy:992  voicePower:54  location:30,217  env:Eau
	Frog #5  energy:992  voicePower:65  location:407,113  env:Eau
$ Listing all frogs :
	Frog #1  energy:910  voicePower:84  location:34,78  env:Eau
	Frog #2  energy:992  voicePower:66  location:219,339  env:Eau
	Frog #3  energy:992  voicePower:100  location:433,473  env:Eau
	Frog #4  energy:992  voicePower:54  location:30,216  env:Eau
	Frog #5  energy:992  voicePower:65  location:406,113  env:Eau
$ Listing all frogs :
	Frog #1  energy:907  voicePower:84  location:34,78  env:Eau
	Frog #2  energy:992  voicePower:66  location:219,338  env:Eau
	Frog #3  energy:992  voicePower:100  location:433,472  env:Eau
	Frog #4  energy:992  voicePower:54  location:30,216  env:Eau
	Frog #5  energy:992  voicePower:65  location:405,113  env:Eau
$ Listing all frogs :
	Frog #1  energy:904  voicePower:84  location:34,78  env:Eau
	Frog #2  energy:991  voicePower:66  location:218,337  env:Eau
	Frog #3  energy:991  voicePower:100  location:432,471  env:Eau
	Frog #4  energy:991  voicePower:54  location:30,215  env:Eau
	Frog #5  energy:991  voicePower:65  location:405,113  env:Eau
$ Listing all frogs :
	Frog #1  energy:901  voicePower:84  location:34,78  env:Eau
	Frog #2  energy:991  voicePower:66  location:218,337  env:Eau
	Frog #3  energy:991  voicePower:100  location:432,471  env:Eau
	Frog #4  energy:991  voicePower:54  location:30,214  env:Eau
	Frog #5  energy:991  voicePower:65  location:404,113  env:Eau
$ Listing all frogs :
	Frog #1  energy:898  voicePower:84  location:34,78  env:Eau
	Frog #2  energy:991  voicePower:66  location:217,336  env:Eau
	Frog #3  energy:991  voicePower:100  location:431,470  env:Eau
	Frog #4  energy:991  voicePower:54  location:30,213  env:Eau
	Frog #5  energy:991  voicePower:65  location:403,113  env:Eau
$ Listing all frogs :
	Frog #1  energy:895  voicePower:84  location:34,78  env:Eau
	Frog #2  energy:991  voicePower:66  location:217,335  env:Eau
	Frog #3  energy:991  voicePower:100  location:430,470  env:Eau
	Frog #4  energy:991  voicePower:54  location:30,212  env:Eau
	Frog #5  energy:991  voicePower:65  location:402,113  env:Eau
$ Listing all frogs :
	Frog #1  energy:892  voicePower:84  location:34,78  env:Eau
	Frog #2  energy:990  voicePower:66  location:216,335  env:Eau
	Frog #3  energy:990  voicePower:100  location:430,469  env:Eau
	Frog #4  energy:990  voicePower:54  location:30,211  env:Eau
	Frog #5  energy:990  voicePower:65  location:401,113  env:Eau
$ Listing all frogs :
	Frog #1  energy:889  voicePower:84  location:34,78  env:Eau
	Frog #2  energy:990  voicePower:66  location:216,334  env:Eau
	Frog #3  energy:990  voicePower:100  location:429,468  env:Eau
	Frog #4  energy:990  voicePower:54  location:30,211  env:Eau
	Frog #5  energy:990  voicePower:65  location:400,113  env:Eau
$ Listing all frogs :
	Frog #1  energy:886  voicePower:84  location:34,78  env:Eau
	Frog #2  energy:990  voicePower:66  location:215,333  env:Eau
	Frog #3  energy:990  voicePower:100  location:429,468  env:Eau
	Frog #4  energy:990  voicePower:54  location:30,210  env:Eau
	Frog #5  energy:990  voicePower:65  location:400,113  env:Eau
$ Listing all frogs :
	Frog #1  energy:883  voicePower:84  location:34,78  env:Eau
	Frog #2  energy:990  voicePower:66  location:215,333  env:Eau
	Frog #3  energy:990  voicePower:100  location:428,467  env:Eau
	Frog #4  energy:990  voicePower:54  location:30,209  env:Eau
	Frog #5  energy:990  voicePower:65  location:399,113  env:Eau
$ Listing all frogs :
	Frog #1  energy:880  voicePower:84  location:34,78  env:Eau
	Frog #2  energy:989  voicePower:66  location:214,332  env:Eau
	Frog #3  energy:989  voicePower:100  location:427,467  env:Eau
	Frog #4  energy:989  voicePower:54  location:30,208  env:Eau
	Frog #5  energy:989  voicePower:65  location:398,113  env:Eau
$ Listing all frogs :
	Frog #1  energy:877  voicePower:84  location:34,78  env:Eau
	Frog #2  energy:989  voicePower:66  location:214,331  env:Eau
	Frog #3  energy:989  voicePower:100  location:427,466  env:Eau
	Frog #4  energy:989  voicePower:54  location:30,207  env:Eau
	Frog #5  energy:989  voicePower:65  location:397,113  env:Eau
$ Listing all frogs :
	Frog #1  energy:874  voicePower:84  location:34,78  env:Eau
	Frog #2  energy:989  voicePower:66  location:213,331  env:Eau
	Frog #3  energy:989  voicePower:100  location:426,465  env:Eau
	Frog #4  energy:989  voicePower:54  location:30,206  env:Eau
	Frog #5  energy:989  voicePower:65  location:396,112  env:Eau
$ Listing all frogs :
	Frog #1  energy:871  voicePower:84  location:34,78  env:Eau
	Frog #2  energy:989  voicePower:66  location:213,330  env:Eau
	Frog #3  energy:989  voicePower:100  location:426,465  env:Eau
	Frog #4  energy:989  voicePower:54  location:30,205  env:Eau
	Frog #5  energy:989  voicePower:65  location:395,112  env:Eau
$ Listing all frogs :
	Frog #1  energy:868  voicePower:84  location:34,78  env:Eau
	Frog #2  energy:988  voicePower:66  location:213,329  env:Eau
	Frog #3  energy:988  voicePower:100  location:425,464  env:Eau
	Frog #4  energy:988  voicePower:54  location:30,205  env:Eau
	Frog #5  energy:988  voicePower:65  location:395,112  env:Eau
$ Listing all frogs :
	Frog #1  energy:865  voicePower:84  location:34,78  env:Eau
	Frog #2  energy:988  voicePower:66  location:212,329  env:Eau
	Frog #3  energy:988  voicePower:100  location:424,464  env:Eau
	Frog #4  energy:988  voicePower:54  location:30,204  env:Eau
	Frog #5  energy:988  voicePower:65  location:394,112  env:Eau
$ Listing all frogs :
	Frog #1  energy:862  voicePower:84  location:34,78  env:Eau
	Frog #2  energy:988  voicePower:66  location:212,328  env:Eau
	Frog #3  energy:988  voicePower:100  location:424,463  env:Eau
	Frog #4  energy:988  voicePower:54  location:30,203  env:Eau
	Frog #5  energy:988  voicePower:65  location:393,112  env:Eau
$ Listing all frogs :
	Frog #1  energy:859  voicePower:84  location:34,78  env:Eau
	Frog #2  energy:988  voicePower:66  location:211,327  env:Eau
	Frog #3  energy:988  voicePower:100  location:423,463  env:Eau
	Frog #4  energy:988  voicePower:54  location:30,202  env:Eau
	Frog #5  energy:988  voicePower:65  location:392,112  env:Eau
$ Listing all frogs :
	Frog #1  energy:856  voicePower:84  location:34,78  env:Eau
	Frog #2  energy:987  voicePower:66  location:211,326  env:Eau
	Frog #3  energy:987  voicePower:100  location:423,462  env:Eau
	Frog #4  energy:987  voicePower:54  location:30,201  env:Eau
	Frog #5  energy:987  voicePower:65  location:391,112  env:Eau
$ Listing all frogs :
	Frog #1  energy:853  voicePower:84  location:34,78  env:Eau
	Frog #2  energy:987  voicePower:66  location:210,326  env:Eau
	Frog #3  energy:987  voicePower:100  location:422,461  env:Eau
	Frog #4  energy:987  voicePower:54  location:30,200  env:Eau
	Frog #5  energy:987  voicePower:65  location:390,112  env:Eau
$ Listing all frogs :
	Frog #1  energy:850  voicePower:84  location:34,78  env:Eau
	Frog #2  energy:987  voicePower:66  location:210,325  env:Eau
	Frog #3  energy:987  voicePower:100  location:421,461  env:Eau
	Frog #4  energy:987  voicePower:54  location:30,200  env:Eau
	Frog #5  energy:987  voicePower:65  location:389,112  env:Eau
$ Listing all frogs :
	Frog #1  energy:847  voicePower:84  location:34,78  env:Eau
	Frog #2  energy:987  voicePower:66  location:209,324  env:Eau
	Frog #3  energy:987  voicePower:100  location:421,460  env:Eau
	Frog #4  energy:987  voicePower:54  location:30,199  env:Eau
	Frog #5  energy:987  voicePower:65  location:389,112  env:Eau
$ Listing all frogs :
	Frog #1  energy:844  voicePower:84  location:34,78  env:Eau
	Frog #2  energy:986  voicePower:66  location:209,324  env:Eau
	Frog #3  energy:986  voicePower:100  location:420,460  env:Eau
	Frog #4  energy:986  voicePower:54  location:30,198  env:Eau
	Frog #5  energy:986  voicePower:65  location:388,112  env:Eau
$ Listing all frogs :
	Frog #1  energy:841  voicePower:84  location:34,78  env:Eau
	Frog #2  energy:986  voicePower:66  location:208,323  env:Eau
	Frog #3  energy:986  voicePower:100  location:420,459  env:Eau
	Frog #4  energy:986  voicePower:54  location:30,197  env:Eau
	Frog #5  energy:986  voicePower:65  location:387,112  env:Eau
$ Listing all frogs :
	Frog #1  energy:838  voicePower:84  location:34,78  env:Eau
	Frog #2  energy:986  voicePower:66  location:208,322  env:Eau
	Frog #3  energy:986  voicePower:100  location:419,458  env:Eau
	Frog #4  energy:986  voicePower:54  location:30,196  env:Eau
	Frog #5  energy:986  voicePower:65  location:386,111  env:Eau
$ Listing all frogs :
	Frog #1  energy:835  voicePower:84  location:34,78  env:Eau
	Frog #2  energy:986  voicePower:66  location:207,322  env:Eau
	Frog #3  energy:986  voicePower:100  location:418,458  env:Eau
	Frog #4  energy:986  voicePower:54  location:30,195  env:Eau
	Frog #5  energy:986  voicePower:65  location:385,111  env:Eau
$ Listing all frogs :
	Frog #1  energy:832  voicePower:84  location:34,78  env:Eau
	Frog #2  energy:985  voicePower:66  location:207,321  env:Eau
	Frog #3  energy:985  voicePower:100  location:418,457  env:Eau
	Frog #4  energy:985  voicePower:54  location:30,195  env:Eau
	Frog #5  energy:985  voicePower:65  location:384,111  env:Eau
$ Listing all frogs :
	Frog #1  energy:829  voicePower:84  location:34,78  env:Eau
	Frog #2  energy:985  voicePower:66  location:206,320  env:Eau
	Frog #3  energy:985  voicePower:100  location:417,457  env:Eau
	Frog #4  energy:985  voicePower:54  location:31,194  env:Eau
	Frog #5  energy:985  voicePower:65  location:384,111  env:Eau
$ Listing all frogs :
	Frog #1  energy:826  voicePower:84  location:34,78  env:Eau
	Frog #2  energy:985  voicePower:66  location:206,320  env:Eau
	Frog #3  energy:985  voicePower:100  location:417,456  env:Eau
	Frog #4  energy:985  voicePower:54  location:31,193  env:Eau
	Frog #5  energy:985  voicePower:65  location:383,111  env:Eau
$ Listing all frogs :
	Frog #1  energy:823  voicePower:84  location:34,78  env:Eau
	Frog #2  energy:985  voicePower:66  location:205,319  env:Eau
	Frog #3  energy:985  voicePower:100  location:416,455  env:Eau
	Frog #4  energy:985  voicePower:54  location:31,192  env:Eau
	Frog #5  energy:985  voicePower:65  location:382,111  env:Eau
$ Listing all frogs :
	Frog #1  energy:820  voicePower:84  location:34,78  env:Eau
	Frog #2  energy:984  voicePower:66  location:205,318  env:Eau
	Frog #3  energy:984  voicePower:100  location:415,455  env:Eau
	Frog #4  energy:984  voicePower:54  location:31,191  env:Eau
	Frog #5  energy:984  voicePower:65  location:381,111  env:Eau
$ Listing all frogs :
	Frog #1  energy:817  voicePower:84  location:34,78  env:Eau
	Frog #2  energy:984  voicePower:66  location:204,318  env:Eau
	Frog #3  energy:984  voicePower:100  location:415,454  env:Eau
	Frog #4  energy:984  voicePower:54  location:31,190  env:Eau
	Frog #5  energy:984  voicePower:65  location:380,111  env:Eau
$ Listing all frogs :
	Frog #1  energy:814  voicePower:84  location:34,78  env:Eau
	Frog #2  energy:984  voicePower:66  location:204,317  env:Eau
	Frog #3  energy:984  voicePower:100  location:414,454  env:Eau
	Frog #4  energy:984  voicePower:54  location:31,189  env:Eau
	Frog #5  energy:984  voicePower:65  location:379,111  env:Eau
$ Listing all frogs :
	Frog #1  energy:811  voicePower:84  location:34,78  env:Eau
	Frog #2  energy:984  voicePower:66  location:203,316  env:Eau
	Frog #3  energy:984  voicePower:100  location:414,453  env:Eau
	Frog #4  energy:984  voicePower:54  location:31,189  env:Eau
	Frog #5  energy:984  voicePower:65  location:379,111  env:Eau
$ Listing all frogs :
	Frog #1  energy:808  voicePower:84  location:34,78  env:Eau
	Frog #2  energy:984  voicePower:66  location:203,316  env:Eau
	Frog #3  energy:984  voicePower:100  location:413,452  env:Eau
	Frog #4  energy:984  voicePower:54  location:31,188  env:Eau
	Frog #5  energy:984  voicePower:65  location:378,111  env:Eau
$ Listing all frogs :
	Frog #1  energy:805  voicePower:84  location:34,78  env:Eau
	Frog #2  energy:983  voicePower:66  location:202,315  env:Eau
	Frog #3  energy:983  voicePower:100  location:412,452  env:Eau
	Frog #4  energy:983  voicePower:54  location:31,187  env:Eau
	Frog #5  energy:983  voicePower:65  location:377,111  env:Eau
$ Listing all frogs :
	Frog #1  energy:802  voicePower:84  location:34,78  env:Eau
	Frog #2  energy:983  voicePower:66  location:202,314  env:Eau
	Frog #3  energy:983  voicePower:100  location:412,451  env:Eau
	Frog #4  energy:983  voicePower:54  location:31,186  env:Eau
	Frog #5  energy:983  voicePower:65  location:376,111  env:Eau
$ Listing all frogs :
	Frog #1  energy:799  voicePower:84  location:34,78  env:Eau
	Frog #2  energy:983  voicePower:66  location:201,313  env:Eau
	Frog #3  energy:983  voicePower:100  location:411,451  env:Eau
	Frog #4  energy:983  voicePower:54  location:31,185  env:Eau
	Frog #5  energy:983  voicePower:65  location:375,110  env:Eau
$ Listing all frogs :
	Frog #1  energy:796  voicePower:84  location:34,78  env:Eau
	Frog #2  energy:983  voicePower:66  location:201,313  env:Eau
	Frog #3  energy:983  voicePower:100  location:411,450  env:Eau
	Frog #4  energy:983  voicePower:54  location:31,184  env:Eau
	Frog #5  energy:983  voicePower:65  location:374,110  env:Eau
$ Listing all frogs :
	Frog #1  energy:793  voicePower:84  location:34,78  env:Eau
	Frog #2  energy:982  voicePower:66  location:200,312  env:Eau
	Frog #3  energy:982  voicePower:100  location:410,450  env:Eau
	Frog #4  energy:982  voicePower:54  location:31,184  env:Eau
	Frog #5  energy:982  voicePower:65  location:374,110  env:Eau
$ Listing all frogs :
	Frog #1  energy:790  voicePower:84  location:34,78  env:Eau
	Frog #2  energy:982  voicePower:66  location:200,311  env:Eau
	Frog #3  energy:982  voicePower:100  location:409,449  env:Eau
	Frog #4  energy:982  voicePower:54  location:31,183  env:Eau
	Frog #5  energy:982  voicePower:65  location:373,110  env:Eau
$ Listing all frogs :
	Frog #1  energy:787  voicePower:84  location:34,78  env:Eau
	Frog #2  energy:982  voicePower:66  location:199,311  env:Eau
	Frog #3  energy:982  voicePower:100  location:409,448  env:Eau
	Frog #4  energy:982  voicePower:54  location:31,182  env:Eau
	Frog #5  energy:982  voicePower:65  location:372,110  env:Eau
$ Listing all frogs :
	Frog #1  energy:784  voicePower:84  location:34,78  env:Eau
	Frog #2  energy:982  voicePower:66  location:199,310  env:Eau
	Frog #3  energy:982  voicePower:100  location:408,448  env:Eau
	Frog #4  energy:982  voicePower:54  location:31,181  env:Eau
	Frog #5  energy:982  voicePower:65  location:371,110  env:Eau
$ Listing all frogs :
	Frog #1  energy:781  voicePower:84  location:34,78  env:Eau
	Frog #2  energy:981  voicePower:66  location:198,309  env:Eau
	Frog #3  energy:981  voicePower:100  location:408,447  env:Eau
	Frog #4  energy:981  voicePower:54  location:31,180  env:Eau
	Frog #5  energy:981  voicePower:65  location:370,110  env:Eau
$ Listing all frogs :
	Frog #1  energy:778  voicePower:84  location:34,78  env:Eau
	Frog #2  energy:981  voicePower:66  location:198,309  env:Eau
	Frog #3  energy:981  voicePower:100  location:407,447  env:Eau
	Frog #4  energy:981  voicePower:54  location:31,179  env:Eau
	Frog #5  energy:981  voicePower:65  location:369,110  env:Eau
$ Listing all frogs :
	Frog #1  energy:775  voicePower:84  location:34,78  env:Eau
	Frog #2  energy:981  voicePower:66  location:197,308  env:Eau
	Frog #3  energy:981  voicePower:100  location:406,446  env:Eau
	Frog #4  energy:981  voicePower:54  location:31,179  env:Eau
	Frog #5  energy:981  voicePower:65  location:369,110  env:Eau
$ Listing all frogs :
	Frog #1  energy:772  voicePower:84  location:34,78  env:Eau
	Frog #2  energy:981  voicePower:66  location:197,307  env:Eau
	Frog #3  energy:981  voicePower:100  location:406,445  env:Eau
	Frog #4  energy:981  voicePower:54  location:31,178  env:Eau
	Frog #5  energy:981  voicePower:65  location:368,110  env:Eau
$ Listing all frogs :
	Frog #1  energy:769  voicePower:84  location:34,78  env:Eau
	Frog #2  energy:980  voicePower:66  location:196,307  env:Eau
	Frog #3  energy:980  voicePower:100  location:405,445  env:Eau
	Frog #4  energy:980  voicePower:54  location:31,177  env:Eau
	Frog #5  energy:980  voicePower:65  location:367,110  env:Eau
$ Listing all frogs :
	Frog #1  energy:766  voicePower:84  location:34,78  env:Eau
	Frog #2  energy:980  voicePower:66  location:196,306  env:Eau
	Frog #3  energy:980  voicePower:100  location:405,444  env:Eau
	Frog #4  energy:980  voicePower:54  location:31,176  env:Eau
	Frog #5  energy:980  voicePower:65  location:366,110  env:Eau
$ Listing all frogs :
	Frog #1  energy:763  voicePower:84  location:34,78  env:Eau
	Frog #2  energy:980  voicePower:66  location:195,305  env:Eau
	Frog #3  energy:980  voicePower:100  location:404,444  env:Eau
	Frog #4  energy:980  voicePower:54  location:31,175  env:Eau
	Frog #5  energy:980  voicePower:65  location:365,110  env:Eau
$ Listing all frogs :
	Frog #1  energy:760  voicePower:84  location:34,78  env:Eau
	Frog #2  energy:980  voicePower:66  location:195,305  env:Eau
	Frog #3  energy:980  voicePower:100  location:403,443  env:Eau
	Frog #4  energy:980  voicePower:54  location:31,174  env:Eau
	Frog #5  energy:980  voicePower:65  location:364,109  env:Eau
$ Listing all frogs :
	Frog #1  energy:757  voicePower:84  location:34,78  env:Eau
	Frog #2  energy:979  voicePower:66  location:195,304  env:Eau
	Frog #3  energy:979  voicePower:100  location:403,442  env:Eau
	Frog #4  energy:979  voicePower:54  location:31,174  env:Eau
	Frog #5  energy:979  voicePower:65  location:364,109  env:Eau
$ Listing all frogs :
	Frog #1  energy:754  voicePower:84  location:34,78  env:Eau
	Frog #2  energy:979  voicePower:66  location:194,303  env:Eau
	Frog #3  energy:979  voicePower:100  location:402,442  env:Eau
	Frog #4  energy:979  voicePower:54  location:31,173  env:Eau
	Frog #5  energy:979  voicePower:65  location:363,109  env:Eau
$ Listing all frogs :
	Frog #1  energy:751  voicePower:84  location:34,78  env:Eau
	Frog #2  energy:979  voicePower:66  location:194,303  env:Eau
	Frog #3  energy:979  voicePower:100  location:402,441  env:Eau
	Frog #4  energy:979  voicePower:54  location:31,172  env:Eau
	Frog #5  energy:979  voicePower:65  location:362,109  env:Eau
$ Listing all frogs :
	Frog #1  energy:748  voicePower:84  location:34,78  env:Eau
	Frog #2  energy:979  voicePower:66  location:193,302  env:Eau
	Frog #3  energy:979  voicePower:100  location:401,441  env:Eau
	Frog #4  energy:979  voicePower:54  location:31,171  env:Eau
	Frog #5  energy:979  voicePower:65  location:361,109  env:Eau
$ Listing all frogs :
	Frog #1  energy:745  voicePower:84  location:34,78  env:Eau
	Frog #2  energy:978  voicePower:66  location:193,301  env:Eau
	Frog #3  energy:978  voicePower:100  location:400,440  env:Eau
	Frog #4  energy:978  voicePower:54  location:31,170  env:Eau
	Frog #5  energy:978  voicePower:65  location:360,109  env:Eau
$ Listing all frogs :
	Frog #1  energy:742  voicePower:84  location:34,78  env:Eau
	Frog #2  energy:978  voicePower:66  location:192,301  env:Eau
	Frog #3  energy:978  voicePower:100  location:400,440  env:Eau
	Frog #4  energy:978  voicePower:54  location:31,169  env:Eau
	Frog #5  energy:978  voicePower:65  location:359,109  env:Eau
$ Listing all frogs :
	Frog #1  energy:739  voicePower:84  location:34,78  env:Eau
	Frog #2  energy:978  voicePower:66  location:192,300  env:Eau
	Frog #3  energy:978  voicePower:100  location:399,439  env:Eau
	Frog #4  energy:978  voicePower:54  location:31,169  env:Eau
	Frog #5  energy:978  voicePower:65  location:359,109  env:Eau
$ Listing all frogs :
	Frog #1  energy:736  voicePower:84  location:34,78  env:Eau
	Frog #2  energy:978  voicePower:66  location:191,299  env:Eau
	Frog #3  energy:978  voicePower:100  location:399,438  env:Eau
	Frog #4  energy:978  voicePower:54  location:31,168  env:Eau
	Frog #5  energy:978  voicePower:65  location:358,109  env:Eau
$ Listing all frogs :
	Frog #1  energy:733  voicePower:84  location:34,78  env:Eau
	Frog #2  energy:977  voicePower:66  location:191,299  env:Eau
	Frog #3  energy:977  voicePower:100  location:398,438  env:Eau
	Frog #4  energy:977  voicePower:54  location:31,167  env:Eau
	Frog #5  energy:977  voicePower:65  location:357,109  env:Eau
