$ Loading 2 environments.
	Env Eau, color breve.vector( 0.000000, 0.000000, 1.000000 ), ease 3
	Env Foret, color breve.vector( 0.176471, 0.419608, 0.141176 ), ease 2
$ Environment loading complete.
$ Listing all frogs :
	Frog #1  energy:1000 location:203,246  env:Eau  state:moveToSing
	Frog #2  energy:1000 location:368,901  env:Eau  state:moveToSing
	Frog #3  energy:1000 location:945,663  env:Eau  state:moveToSing
	Frog #4  energy:1000 location:947,874  env:Eau  state:moveToSing
	Frog #5  energy:1000 location:504,178  env:Eau  state:moveToSing
$ Listing all frogs :
	Frog #1  energy:1000 location:203,246  env:Eau  state:singing
	Frog #2  energy:999 location:367,898  env:Eau  state:moveToSing
	Frog #3  energy:999 location:942,661  env:Eau  state:moveToSing
	Frog #4  energy:999 location:944,872  env:Eau  state:moveToSing
	Frog #5  energy:999 location:500,179  env:Eau  state:moveToSing
$ Listing all frogs :
	Frog #1  energy:999 location:203,246  env:Eau  state:singing
	Frog #2  energy:999 location:366,895  env:Eau  state:moveToSing
	Frog #3  energy:999 location:939,659  env:Eau  state:moveToSing
	Frog #4  energy:999 location:942,870  env:Eau  state:moveToSing
	Frog #5  energy:999 location:497,180  env:Eau  state:moveToSing
$ Listing all frogs :
	Frog #1  energy:998 location:203,246  env:Eau  state:singing
	Frog #2  energy:998 location:365,891  env:Eau  state:moveToSing
	Frog #3  energy:998 location:936,658  env:Eau  state:moveToSing
	Frog #4  energy:998 location:939,868  env:Eau  state:moveToSing
	Frog #5  energy:998 location:494,180  env:Eau  state:moveToSing
$ Listing all frogs :
	Frog #1  energy:997 location:203,246  env:Eau  state:singing
	Frog #2  energy:998 location:364,888  env:Eau  state:moveToSing
	Frog #3  energy:998 location:933,656  env:Eau  state:moveToSing
	Frog #4  energy:998 location:936,866  env:Eau  state:moveToSing
	Frog #5  energy:998 location:490,181  env:Eau  state:moveToSing
$ Listing all frogs :
	Frog #1  energy:996 location:203,246  env:Eau  state:singing
	Frog #2  energy:997 location:363,885  env:Eau  state:moveToSing
	Frog #3  energy:997 location:930,654  env:Eau  state:moveToSing
	Frog #4  energy:997 location:934,863  env:Eau  state:moveToSing
	Frog #5  energy:997 location:487,182  env:Eau  state:moveToSing
$ Listing all frogs :
	Frog #1  energy:995 location:203,246  env:Eau  state:singing
	Frog #2  energy:997 location:363,881  env:Eau  state:moveToSing
	Frog #3  energy:997 location:927,653  env:Eau  state:moveToSing
	Frog #4  energy:997 location:931,861  env:Eau  state:moveToSing
	Frog #5  energy:997 location:484,183  env:Eau  state:moveToSing
$ Listing all frogs :
	Frog #1  energy:994 location:203,246  env:Eau  state:singing
	Frog #2  energy:996 location:362,878  env:Eau  state:moveToSing
	Frog #3  energy:996 location:924,651  env:Eau  state:moveToSing
	Frog #4  energy:996 location:929,859  env:Eau  state:moveToSing
	Frog #5  energy:996 location:480,183  env:Eau  state:moveToSing
$ Listing all frogs :
	Frog #1  energy:993 location:203,246  env:Eau  state:singing
	Frog #2  energy:996 location:361,875  env:Eau  state:moveToSing
	Frog #3  energy:996 location:921,649  env:Eau  state:moveToSing
	Frog #4  energy:996 location:926,857  env:Eau  state:moveToSing
	Frog #5  energy:996 location:477,184  env:Eau  state:moveToSing
$ Listing all frogs :
	Frog #1  energy:992 location:203,246  env:Eau  state:singing
	Frog #2  energy:995 location:360,871  env:Eau  state:moveToSing
	Frog #3  energy:995 location:918,648  env:Eau  state:moveToSing
	Frog #4  energy:995 location:923,855  env:Eau  state:moveToSing
	Frog #5  energy:995 location:474,185  env:Eau  state:moveToSing
$ Listing all frogs :
	Frog #1  energy:991 location:203,246  env:Eau  state:singing
	Frog #2  energy:995 location:359,868  env:Eau  state:moveToSing
	Frog #3  energy:995 location:915,646  env:Eau  state:moveToSing
	Frog #4  energy:995 location:921,853  env:Eau  state:moveToSing
	Frog #5  energy:995 location:471,186  env:Eau  state:moveToSing
$ Listing all frogs :
	Frog #1  energy:990 location:203,246  env:Eau  state:singing
	Frog #2  energy:994 location:358,865  env:Eau  state:moveToSing
	Frog #3  energy:994 location:912,644  env:Eau  state:moveToSing
	Frog #4  energy:994 location:918,850  env:Eau  state:moveToSing
	Frog #5  energy:994 location:467,187  env:Eau  state:moveToSing
$ Listing all frogs :
	Frog #1  energy:989 location:203,246  env:Eau  state:singing
	Frog #2  energy:994 location:358,862  env:Eau  state:moveToSing
	Frog #3  energy:994 location:909,643  env:Eau  state:moveToSing
	Frog #4  energy:994 location:916,848  env:Eau  state:moveToSing
	Frog #5  energy:994 location:464,187  env:Eau  state:moveToSing
$ Listing all frogs :
	Frog #1  energy:988 location:203,246  env:Eau  state:singing
	Frog #2  energy:993 location:357,858  env:Eau  state:moveToSing
	Frog #3  energy:993 location:906,641  env:Eau  state:moveToSing
	Frog #4  energy:993 location:913,846  env:Eau  state:moveToSing
	Frog #5  energy:993 location:461,188  env:Eau  state:moveToSing
$ Listing all frogs :
	Frog #1  energy:987 location:203,246  env:Eau  state:singing
	Frog #2  energy:993 location:356,855  env:Eau  state:moveToSing
	Frog #3  energy:993 location:903,639  env:Eau  state:moveToSing
	Frog #4  energy:993 location:910,844  env:Eau  state:moveToSing
	Frog #5  energy:993 location:457,189  env:Eau  state:moveToSing
$ Listing all frogs :
	Frog #1  energy:986 location:203,246  env:Eau  state:singing
	Frog #2  energy:992 location:355,852  env:Eau  state:moveToSing
	Frog #3  energy:992 location:900,638  env:Eau  state:moveToSing
	Frog #4  energy:992 location:908,842  env:Eau  state:moveToSing
	Frog #5  energy:992 location:454,189  env:Eau  state:moveToSing
$ Listing all frogs :
	Frog #1  energy:985 location:203,246  env:Eau  state:singing
	Frog #2  energy:992 location:354,848  env:Eau  state:moveToSing
	Frog #3  energy:992 location:897,636  env:Eau  state:moveToSing
	Frog #4  energy:992 location:905,839  env:Eau  state:moveToSing
	Frog #5  energy:992 location:451,190  env:Eau  state:moveToSing
$ Listing all frogs :
	Frog #1  energy:984 location:203,246  env:Eau  state:singing
	Frog #2  energy:991 location:353,845  env:Eau  state:moveToSing
	Frog #3  energy:991 location:894,634  env:Eau  state:moveToSing
	Frog #4  energy:991 location:903,837  env:Eau  state:moveToSing
	Frog #5  energy:991 location:447,191  env:Eau  state:moveToSing
