$ Loading 2 environments.
	Env Eau, color breve.vector( 0.000000, 0.000000, 1.000000 ), ease 3
	Env Forêt, color breve.vector( 0.176471, 0.419608, 0.141176 ), ease 2
$ Environment loading complete.
$ Listing all frogs :
	Frog #1  energy:1000 location:66,251  env:Eau  state:moveToSing
	Frog #2  energy:1000 location:149,119  env:Eau  state:moveToSing
	Frog #3  energy:1000 location:57,86  env:Eau  state:moveToSing
	Frog #4  energy:1000 location:438,58  env:Eau  state:moveToSing
	Frog #5  energy:1000 location:244,140  env:Eau  state:moveToSing
$ Listing all frogs :
	Frog #1  energy:1000 location:66,251  env:Eau  state:singing
	Frog #2  energy:999 location:148,120  env:Eau  state:moveToSing
	Frog #3  energy:999 location:57,87  env:Eau  state:moveToSing
	Frog #4  energy:999 location:437,59  env:Eau  state:moveToSing
	Frog #5  energy:999 location:244,141  env:Eau  state:moveToSing
$ Listing all frogs :
	Frog #1  energy:999 location:66,251  env:Eau  state:singing
	Frog #2  energy:998 location:148,120  env:Eau  state:moveToSing
	Frog #3  energy:998 location:57,88  env:Eau  state:moveToSing
	Frog #4  energy:998 location:437,59  env:Eau  state:moveToSing
	Frog #5  energy:998 location:243,141  env:Eau  state:moveToSing
$ Listing all frogs :
	Frog #1  energy:999 location:66,251  env:Eau  state:singing
	Frog #2  energy:997 location:147,121  env:Eau  state:moveToSing
	Frog #3  energy:997 location:57,89  env:Eau  state:moveToSing
	Frog #4  energy:997 location:436,59  env:Eau  state:moveToSing
	Frog #5  energy:997 location:242,142  env:Eau  state:moveToSing
$ Listing all frogs :
	Frog #1  energy:999 location:66,251  env:Eau  state:singing
	Frog #2  energy:996 location:147,122  env:Eau  state:moveToSing
	Frog #3  energy:996 location:57,90  env:Eau  state:moveToSing
	Frog #4  energy:996 location:435,60  env:Eau  state:moveToSing
	Frog #5  energy:996 location:241,142  env:Eau  state:moveToSing
$ Listing all frogs :
	Frog #1  energy:999 location:66,251  env:Eau  state:singing
	Frog #2  energy:995 location:147,123  env:Eau  state:moveToSing
	Frog #3  energy:995 location:57,91  env:Eau  state:moveToSing
	Frog #4  energy:995 location:434,60  env:Eau  state:moveToSing
	Frog #5  energy:995 location:241,143  env:Eau  state:moveToSing
$ Listing all frogs :
	Frog #1  energy:999 location:66,251  env:Eau  state:singing
	Frog #2  energy:994 location:146,123  env:Eau  state:moveToSing
	Frog #3  energy:994 location:57,91  env:Eau  state:moveToSing
	Frog #4  energy:994 location:434,61  env:Eau  state:moveToSing
	Frog #5  energy:994 location:240,143  env:Eau  state:moveToSing
$ Listing all frogs :
	Frog #1  energy:999 location:66,251  env:Eau  state:singing
	Frog #2  energy:993 location:146,124  env:Eau  state:moveToSing
	Frog #3  energy:993 location:57,92  env:Eau  state:moveToSing
	Frog #4  energy:993 location:433,61  env:Eau  state:moveToSing
	Frog #5  energy:993 location:239,144  env:Eau  state:moveToSing
$ Listing all frogs :
	Frog #1  energy:999 location:66,251  env:Eau  state:singing
	Frog #2  energy:992 location:145,125  env:Eau  state:moveToSing
	Frog #3  energy:992 location:57,93  env:Eau  state:moveToSing
	Frog #4  energy:992 location:432,61  env:Eau  state:moveToSing
	Frog #5  energy:992 location:238,144  env:Eau  state:moveToSing
$ Listing all frogs :
	Frog #1  energy:999 location:66,251  env:Eau  state:singing
	Frog #2  energy:991 location:145,125  env:Eau  state:moveToSing
	Frog #3  energy:991 location:57,94  env:Eau  state:moveToSing
	Frog #4  energy:991 location:431,62  env:Eau  state:moveToSing
	Frog #5  energy:991 location:238,144  env:Eau  state:moveToSing
$ Listing all frogs :
	Frog #1  energy:999 location:66,251  env:Eau  state:singing
	Frog #2  energy:990 location:144,126  env:Eau  state:moveToSing
	Frog #3  energy:990 location:57,95  env:Eau  state:moveToSing
	Frog #4  energy:990 location:431,62  env:Eau  state:moveToSing
	Frog #5  energy:990 location:237,145  env:Eau  state:moveToSing
$ Listing all frogs :
	Frog #1  energy:998 location:66,251  env:Eau  state:singing
	Frog #2  energy:989 location:144,127  env:Eau  state:moveToSing
	Frog #3  energy:989 location:57,96  env:Eau  state:moveToSing
	Frog #4  energy:989 location:430,63  env:Eau  state:moveToSing
	Frog #5  energy:989 location:236,145  env:Eau  state:moveToSing
$ Listing all frogs :
	Frog #1  energy:998 location:66,251  env:Eau  state:singing
	Frog #2  energy:988 location:143,128  env:Eau  state:moveToSing
	Frog #3  energy:988 location:57,96  env:Eau  state:moveToSing
	Frog #4  energy:988 location:429,63  env:Eau  state:moveToSing
	Frog #5  energy:988 location:236,146  env:Eau  state:moveToSing
$ Listing all frogs :
	Frog #1  energy:998 location:66,251  env:Eau  state:singing
	Frog #2  energy:987 location:143,128  env:Eau  state:moveToSing
	Frog #3  energy:987 location:57,97  env:Eau  state:moveToSing
	Frog #4  energy:987 location:428,63  env:Eau  state:moveToSing
	Frog #5  energy:987 location:235,146  env:Eau  state:moveToSing
$ Listing all frogs :
	Frog #1  energy:998 location:66,251  env:Eau  state:singing
	Frog #2  energy:986 location:143,129  env:Eau  state:moveToSing
	Frog #3  energy:986 location:57,98  env:Eau  state:moveToSing
	Frog #4  energy:986 location:428,64  env:Eau  state:moveToSing
	Frog #5  energy:986 location:234,147  env:Eau  state:moveToSing
$ Listing all frogs :
	Frog #1  energy:998 location:66,251  env:Eau  state:singing
	Frog #2  energy:985 location:142,130  env:Eau  state:moveToSing
	Frog #3  energy:985 location:58,99  env:Eau  state:moveToSing
	Frog #4  energy:985 location:427,64  env:Eau  state:moveToSing
	Frog #5  energy:985 location:233,147  env:Eau  state:moveToSing
$ Listing all frogs :
	Frog #1  energy:998 location:66,251  env:Eau  state:singing
	Frog #2  energy:984 location:142,130  env:Eau  state:moveToSing
	Frog #3  energy:984 location:58,100  env:Eau  state:moveToSing
	Frog #4  energy:984 location:426,64  env:Eau  state:moveToSing
	Frog #5  energy:984 location:233,148  env:Eau  state:moveToSing
$ Listing all frogs :
	Frog #1  energy:998 location:66,251  env:Eau  state:singing
	Frog #2  energy:983 location:141,131  env:Eau  state:moveToSing
	Frog #3  energy:983 location:58,101  env:Eau  state:moveToSing
	Frog #4  energy:983 location:425,65  env:Eau  state:moveToSing
	Frog #5  energy:983 location:232,148  env:Eau  state:moveToSing
$ Listing all frogs :
	Frog #1  energy:998 location:66,251  env:Eau  state:singing
	Frog #2  energy:982 location:141,132  env:Eau  state:moveToSing
	Frog #3  energy:982 location:58,101  env:Eau  state:moveToSing
	Frog #4  energy:982 location:425,65  env:Eau  state:moveToSing
	Frog #5  energy:982 location:231,148  env:Eau  state:moveToSing
$ Listing all frogs :
	Frog #1  energy:998 location:66,251  env:Eau  state:singing
	Frog #2  energy:981 location:140,133  env:Eau  state:moveToSing
	Frog #3  energy:981 location:58,102  env:Eau  state:moveToSing
	Frog #4  energy:981 location:424,66  env:Eau  state:moveToSing
	Frog #5  energy:981 location:231,149  env:Eau  state:moveToSing
$ Listing all frogs :
	Frog #1  energy:998 location:66,251  env:Eau  state:singing
	Frog #2  energy:980 location:140,133  env:Eau  state:moveToSing
	Frog #3  energy:980 location:58,103  env:Eau  state:moveToSing
	Frog #4  energy:980 location:423,66  env:Eau  state:moveToSing
	Frog #5  energy:980 location:230,149  env:Eau  state:moveToSing
$ Listing all frogs :
	Frog #1  energy:997 location:66,251  env:Eau  state:singing
	Frog #2  energy:979 location:139,134  env:Eau  state:moveToSing
	Frog #3  energy:979 location:58,104  env:Eau  state:moveToSing
	Frog #4  energy:979 location:422,66  env:Eau  state:moveToSing
	Frog #5  energy:979 location:229,150  env:Eau  state:moveToSing
$ Listing all frogs :
	Frog #1  energy:997 location:66,251  env:Eau  state:singing
	Frog #2  energy:978 location:139,135  env:Eau  state:moveToSing
	Frog #3  energy:978 location:58,105  env:Eau  state:moveToSing
	Frog #4  energy:978 location:422,67  env:Eau  state:moveToSing
	Frog #5  energy:978 location:228,150  env:Eau  state:moveToSing
$ Listing all frogs :
	Frog #1  energy:997 location:66,251  env:Eau  state:singing
	Frog #2  energy:977 location:138,135  env:Eau  state:moveToSing
	Frog #3  energy:977 location:58,106  env:Eau  state:moveToSing
	Frog #4  energy:977 location:421,67  env:Eau  state:moveToSing
	Frog #5  energy:977 location:228,151  env:Eau  state:moveToSing
$ Listing all frogs :
	Frog #1  energy:997 location:66,251  env:Eau  state:singing
	Frog #2  energy:976 location:138,136  env:Eau  state:moveToSing
	Frog #3  energy:976 location:58,106  env:Eau  state:moveToSing
	Frog #4  energy:976 location:420,68  env:Eau  state:moveToSing
	Frog #5  energy:976 location:227,151  env:Eau  state:moveToSing
$ Listing all frogs :
	Frog #1  energy:997 location:66,251  env:Eau  state:singing
	Frog #2  energy:975 location:138,137  env:Eau  state:moveToSing
	Frog #3  energy:975 location:58,107  env:Eau  state:moveToSing
	Frog #4  energy:975 location:419,68  env:Eau  state:moveToSing
	Frog #5  energy:975 location:226,152  env:Eau  state:moveToSing
$ Listing all frogs :
	Frog #1  energy:997 location:66,251  env:Eau  state:singing
	Frog #2  energy:974 location:137,137  env:Eau  state:moveToSing
	Frog #3  energy:974 location:58,108  env:Eau  state:moveToSing
	Frog #4  energy:974 location:419,68  env:Eau  state:moveToSing
	Frog #5  energy:974 location:226,152  env:Eau  state:moveToSing
$ Listing all frogs :
	Frog #1  energy:997 location:66,251  env:Eau  state:singing
	Frog #2  energy:973 location:137,138  env:Eau  state:moveToSing
	Frog #3  energy:973 location:58,109  env:Eau  state:moveToSing
	Frog #4  energy:973 location:418,69  env:Eau  state:moveToSing
	Frog #5  energy:973 location:225,152  env:Eau  state:moveToSing
$ Listing all frogs :
	Frog #1  energy:997 location:66,251  env:Eau  state:singing
	Frog #2  energy:972 location:136,139  env:Eau  state:moveToSing
	Frog #3  energy:972 location:58,110  env:Eau  state:moveToSing
	Frog #4  energy:972 location:417,69  env:Eau  state:moveToSing
	Frog #5  energy:972 location:224,153  env:Eau  state:moveToSing
$ Listing all frogs :
	Frog #1  energy:997 location:66,251  env:Eau  state:singing
	Frog #2  energy:971 location:136,140  env:Eau  state:moveToSing
	Frog #3  energy:971 location:58,111  env:Eau  state:moveToSing
	Frog #4  energy:971 location:416,69  env:Eau  state:moveToSing
	Frog #5  energy:971 location:224,153  env:Eau  state:moveToSing
$ Listing all frogs :
	Frog #1  energy:997 location:66,251  env:Eau  state:singing
	Frog #2  energy:970 location:135,140  env:Eau  state:moveToSing
	Frog #3  energy:970 location:58,111  env:Eau  state:moveToSing
	Frog #4  energy:970 location:416,70  env:Eau  state:moveToSing
	Frog #5  energy:970 location:223,154  env:Eau  state:moveToSing
$ Listing all frogs :
	Frog #1  energy:996 location:66,251  env:Eau  state:singing
	Frog #2  energy:969 location:135,141  env:Eau  state:moveToSing
	Frog #3  energy:969 location:58,112  env:Eau  state:moveToSing
	Frog #4  energy:969 location:415,70  env:Eau  state:moveToSing
	Frog #5  energy:969 location:222,154  env:Eau  state:moveToSing
$ Listing all frogs :
	Frog #1  energy:996 location:66,251  env:Eau  state:singing
	Frog #2  energy:968 location:134,142  env:Eau  state:moveToSing
	Frog #3  energy:968 location:58,113  env:Eau  state:moveToSing
	Frog #4  energy:968 location:414,71  env:Eau  state:moveToSing
	Frog #5  energy:968 location:221,155  env:Eau  state:moveToSing
$ Listing all frogs :
	Frog #1  energy:996 location:66,251  env:Eau  state:singing
	Frog #2  energy:967 location:134,142  env:Eau  state:moveToSing
	Frog #3  energy:967 location:58,114  env:Eau  state:moveToSing
	Frog #4  energy:967 location:413,71  env:Eau  state:moveToSing
	Frog #5  energy:967 location:221,155  env:Eau  state:moveToSing
$ Listing all frogs :
	Frog #1  energy:996 location:66,251  env:Eau  state:singing
	Frog #2  energy:966 location:134,143  env:Eau  state:moveToSing
	Frog #3  energy:966 location:58,115  env:Eau  state:moveToSing
	Frog #4  energy:966 location:413,71  env:Eau  state:moveToSing
	Frog #5  energy:966 location:220,155  env:Eau  state:moveToSing
$ Listing all frogs :
	Frog #1  energy:996 location:66,251  env:Eau  state:singing
	Frog #2  energy:965 location:133,144  env:Eau  state:moveToSing
	Frog #3  energy:965 location:58,116  env:Eau  state:moveToSing
	Frog #4  energy:965 location:412,72  env:Eau  state:moveToSing
	Frog #5  energy:965 location:219,156  env:Eau  state:moveToSing
$ Listing all frogs :
	Frog #1  energy:996 location:66,251  env:Eau  state:singing
	Frog #2  energy:964 location:133,144  env:Eau  state:moveToSing
	Frog #3  energy:964 location:58,116  env:Eau  state:moveToSing
	Frog #4  energy:964 location:411,72  env:Eau  state:moveToSing
	Frog #5  energy:964 location:219,156  env:Eau  state:moveToSing
$ Listing all frogs :
	Frog #1  energy:996 location:66,251  env:Eau  state:singing
	Frog #2  energy:963 location:132,145  env:Eau  state:moveToSing
	Frog #3  energy:963 location:59,117  env:Eau  state:moveToSing
	Frog #4  energy:963 location:411,72  env:Eau  state:moveToSing
	Frog #5  energy:963 location:218,157  env:Eau  state:moveToSing
$ Listing all frogs :
	Frog #1  energy:996 location:66,251  env:Eau  state:singing
	Frog #2  energy:962 location:132,146  env:Eau  state:moveToSing
	Frog #3  energy:962 location:59,118  env:Eau  state:moveToSing
	Frog #4  energy:962 location:410,73  env:Eau  state:moveToSing
	Frog #5  energy:962 location:217,157  env:Eau  state:moveToSing
$ Listing all frogs :
	Frog #1  energy:996 location:66,251  env:Eau  state:singing
	Frog #2  energy:961 location:131,147  env:Eau  state:moveToSing
	Frog #3  energy:961 location:59,119  env:Eau  state:moveToSing
	Frog #4  energy:961 location:409,73  env:Eau  state:moveToSing
	Frog #5  energy:961 location:217,158  env:Eau  state:moveToSing
$ Listing all frogs :
	Frog #1  energy:996 location:66,251  env:Eau  state:singing
	Frog #2  energy:960 location:131,147  env:Eau  state:moveToSing
	Frog #3  energy:960 location:59,120  env:Eau  state:moveToSing
	Frog #4  energy:960 location:408,74  env:Eau  state:moveToSing
	Frog #5  energy:960 location:216,158  env:Eau  state:moveToSing
$ Listing all frogs :
	Frog #1  energy:995 location:66,251  env:Eau  state:singing
	Frog #2  energy:959 location:131,148  env:Eau  state:moveToSing
	Frog #3  energy:959 location:59,121  env:Eau  state:moveToSing
	Frog #4  energy:959 location:408,74  env:Eau  state:moveToSing
	Frog #5  energy:959 location:215,158  env:Eau  state:moveToSing
$ Listing all frogs :
	Frog #1  energy:995 location:66,251  env:Eau  state:singing
	Frog #2  energy:958 location:130,149  env:Eau  state:moveToSing
	Frog #3  energy:958 location:59,121  env:Eau  state:moveToSing
	Frog #4  energy:958 location:407,74  env:Eau  state:moveToSing
	Frog #5  energy:958 location:214,159  env:Eau  state:moveToSing
$ Listing all frogs :
	Frog #1  energy:995 location:66,251  env:Eau  state:singing
	Frog #2  energy:957 location:130,149  env:Eau  state:moveToSing
	Frog #3  energy:957 location:59,122  env:Eau  state:moveToSing
	Frog #4  energy:957 location:406,75  env:Eau  state:moveToSing
	Frog #5  energy:957 location:214,159  env:Eau  state:moveToSing
$ Listing all frogs :
	Frog #1  energy:995 location:66,251  env:Eau  state:singing
	Frog #2  energy:956 location:129,150  env:Eau  state:moveToSing
	Frog #3  energy:956 location:59,123  env:Eau  state:moveToSing
	Frog #4  energy:956 location:405,75  env:Eau  state:moveToSing
	Frog #5  energy:956 location:213,160  env:Eau  state:moveToSing
$ Listing all frogs :
	Frog #1  energy:995 location:66,251  env:Eau  state:singing
	Frog #2  energy:955 location:129,151  env:Eau  state:moveToSing
	Frog #3  energy:955 location:59,124  env:Eau  state:moveToSing
	Frog #4  energy:955 location:405,75  env:Eau  state:moveToSing
	Frog #5  energy:955 location:212,160  env:Eau  state:moveToSing
$ Listing all frogs :
	Frog #1  energy:995 location:66,251  env:Eau  state:singing
	Frog #2  energy:955 location:128,151  env:Eau  state:moveToSing
	Frog #3  energy:955 location:59,125  env:Eau  state:moveToSing
	Frog #4  energy:955 location:404,76  env:Eau  state:moveToSing
	Frog #5  energy:955 location:212,161  env:Eau  state:moveToSing
$ Listing all frogs :
	Frog #1  energy:995 location:66,251  env:Eau  state:singing
	Frog #2  energy:954 location:128,152  env:Eau  state:moveToSing
	Frog #3  energy:954 location:59,125  env:Eau  state:moveToSing
	Frog #4  energy:954 location:403,76  env:Eau  state:moveToSing
	Frog #5  energy:954 location:211,161  env:Eau  state:moveToSing
$ Listing all frogs :
	Frog #1  energy:995 location:66,251  env:Eau  state:singing
	Frog #2  energy:953 location:127,153  env:Eau  state:moveToSing
	Frog #3  energy:953 location:59,126  env:Eau  state:moveToSing
	Frog #4  energy:953 location:403,77  env:Eau  state:moveToSing
	Frog #5  energy:953 location:210,161  env:Eau  state:moveToSing
$ Listing all frogs :
	Frog #1  energy:995 location:66,251  env:Eau  state:singing
	Frog #2  energy:952 location:127,153  env:Eau  state:moveToSing
	Frog #3  energy:952 location:59,127  env:Eau  state:moveToSing
	Frog #4  energy:952 location:402,77  env:Eau  state:moveToSing
	Frog #5  energy:952 location:210,162  env:Eau  state:moveToSing
$ Listing all frogs :
	Frog #1  energy:995 location:66,251  env:Eau  state:singing
	Frog #2  energy:951 location:127,154  env:Eau  state:moveToSing
	Frog #3  energy:951 location:59,128  env:Eau  state:moveToSing
	Frog #4  energy:951 location:401,77  env:Eau  state:moveToSing
	Frog #5  energy:951 location:209,162  env:Eau  state:moveToSing
$ Listing all frogs :
	Frog #1  energy:994 location:66,251  env:Eau  state:singing
	Frog #2  energy:950 location:126,155  env:Eau  state:moveToSing
	Frog #3  energy:950 location:59,129  env:Eau  state:moveToSing
	Frog #4  energy:950 location:400,78  env:Eau  state:moveToSing
	Frog #5  energy:950 location:208,163  env:Eau  state:moveToSing
$ Listing all frogs :
	Frog #1  energy:994 location:66,251  env:Eau  state:singing
	Frog #2  energy:949 location:126,156  env:Eau  state:moveToSing
	Frog #3  energy:949 location:59,129  env:Eau  state:moveToSing
	Frog #4  energy:949 location:400,78  env:Eau  state:moveToSing
	Frog #5  energy:949 location:207,163  env:Eau  state:moveToSing
$ Listing all frogs :
	Frog #1  energy:994 location:66,251  env:Eau  state:singing
	Frog #2  energy:948 location:125,156  env:Eau  state:moveToSing
	Frog #3  energy:948 location:59,130  env:Eau  state:moveToSing
	Frog #4  energy:948 location:399,78  env:Eau  state:moveToSing
	Frog #5  energy:948 location:207,164  env:Eau  state:moveToSing
$ Listing all frogs :
	Frog #1  energy:994 location:66,251  env:Eau  state:singing
	Frog #2  energy:947 location:125,157  env:Eau  state:moveToSing
	Frog #3  energy:947 location:59,131  env:Eau  state:moveToSing
	Frog #4  energy:947 location:398,79  env:Eau  state:moveToSing
	Frog #5  energy:947 location:206,164  env:Eau  state:moveToSing
$ Listing all frogs :
	Frog #1  energy:994 location:66,251  env:Eau  state:singing
	Frog #2  energy:946 location:124,158  env:Eau  state:moveToSing
	Frog #3  energy:946 location:59,132  env:Eau  state:moveToSing
	Frog #4  energy:946 location:397,79  env:Eau  state:moveToSing
	Frog #5  energy:946 location:205,164  env:Eau  state:moveToSing
$ Listing all frogs :
	Frog #1  energy:994 location:66,251  env:Eau  state:singing
	Frog #2  energy:945 location:124,158  env:Eau  state:moveToSing
	Frog #3  energy:945 location:59,133  env:Eau  state:moveToSing
	Frog #4  energy:945 location:397,80  env:Eau  state:moveToSing
	Frog #5  energy:945 location:205,165  env:Eau  state:moveToSing
$ Listing all frogs :
	Frog #1  energy:994 location:66,251  env:Eau  state:singing
	Frog #2  energy:944 location:124,159  env:Eau  state:moveToSing
	Frog #3  energy:944 location:59,133  env:Eau  state:moveToSing
	Frog #4  energy:944 location:396,80  env:Eau  state:moveToSing
	Frog #5  energy:944 location:204,165  env:Eau  state:moveToSing
$ Listing all frogs :
	Frog #1  energy:994 location:66,251  env:Eau  state:singing
	Frog #2  energy:943 location:123,160  env:Eau  state:moveToSing
	Frog #3  energy:943 location:59,134  env:Eau  state:moveToSing
	Frog #4  energy:943 location:395,80  env:Eau  state:moveToSing
	Frog #5  energy:943 location:203,166  env:Eau  state:moveToSing
$ Listing all frogs :
	Frog #1  energy:994 location:66,251  env:Eau  state:singing
	Frog #2  energy:942 location:123,160  env:Eau  state:moveToSing
	Frog #3  energy:942 location:59,135  env:Eau  state:moveToSing
	Frog #4  energy:942 location:395,81  env:Eau  state:moveToSing
	Frog #5  energy:942 location:203,166  env:Eau  state:moveToSing
$ Listing all frogs :
	Frog #1  energy:994 location:66,251  env:Eau  state:singing
	Frog #2  energy:941 location:122,161  env:Eau  state:moveToSing
	Frog #3  energy:941 location:60,136  env:Eau  state:moveToSing
	Frog #4  energy:941 location:394,81  env:Eau  state:moveToSing
	Frog #5  energy:941 location:202,167  env:Eau  state:moveToSing
$ Listing all frogs :
	Frog #1  energy:993 location:66,251  env:Eau  state:singing
	Frog #2  energy:940 location:122,162  env:Eau  state:moveToSing
	Frog #3  energy:940 location:60,137  env:Eau  state:moveToSing
	Frog #4  energy:940 location:393,81  env:Eau  state:moveToSing
	Frog #5  energy:940 location:201,167  env:Eau  state:moveToSing
$ Listing all frogs :
	Frog #1  energy:993 location:66,251  env:Eau  state:singing
	Frog #2  energy:939 location:121,162  env:Eau  state:moveToSing
	Frog #3  energy:939 location:60,137  env:Eau  state:moveToSing
	Frog #4  energy:939 location:392,82  env:Eau  state:moveToSing
	Frog #5  energy:939 location:201,167  env:Eau  state:moveToSing
$ Listing all frogs :
	Frog #1  energy:993 location:66,251  env:Eau  state:singing
	Frog #2  energy:938 location:121,163  env:Eau  state:moveToSing
	Frog #3  energy:938 location:60,138  env:Eau  state:moveToSing
	Frog #4  energy:938 location:392,82  env:Eau  state:moveToSing
	Frog #5  energy:938 location:200,168  env:Eau  state:moveToSing
$ Listing all frogs :
	Frog #1  energy:993 location:66,251  env:Eau  state:singing
	Frog #2  energy:937 location:121,164  env:Eau  state:moveToSing
	Frog #3  energy:937 location:60,139  env:Eau  state:moveToSing
	Frog #4  energy:937 location:391,82  env:Eau  state:moveToSing
	Frog #5  energy:937 location:199,168  env:Eau  state:moveToSing
$ Listing all frogs :
	Frog #1  energy:993 location:66,251  env:Eau  state:singing
	Frog #2  energy:937 location:120,164  env:Eau  state:moveToSing
	Frog #3  energy:937 location:60,140  env:Eau  state:moveToSing
	Frog #4  energy:937 location:390,83  env:Eau  state:moveToSing
	Frog #5  energy:937 location:199,169  env:Eau  state:moveToSing
$ Listing all frogs :
	Frog #1  energy:993 location:66,251  env:Eau  state:singing
	Frog #2  energy:936 location:120,165  env:Eau  state:moveToSing
	Frog #3  energy:936 location:60,141  env:Eau  state:moveToSing
	Frog #4  energy:936 location:390,83  env:Eau  state:moveToSing
	Frog #5  energy:936 location:198,169  env:Eau  state:moveToSing
$ Listing all frogs :
	Frog #1  energy:993 location:66,251  env:Eau  state:singing
	Frog #2  energy:935 location:119,166  env:Eau  state:moveToSing
	Frog #3  energy:935 location:60,141  env:Eau  state:moveToSing
	Frog #4  energy:935 location:389,84  env:Eau  state:moveToSing
	Frog #5  energy:935 location:197,169  env:Eau  state:moveToSing
$ Listing all frogs :
	Frog #1  energy:993 location:66,251  env:Eau  state:singing
	Frog #2  energy:934 location:119,166  env:Eau  state:moveToSing
	Frog #3  energy:934 location:60,142  env:Eau  state:moveToSing
	Frog #4  energy:934 location:388,84  env:Eau  state:moveToSing
	Frog #5  energy:934 location:197,170  env:Eau  state:moveToSing
$ Listing all frogs :
	Frog #1  energy:993 location:66,251  env:Eau  state:singing
	Frog #2  energy:933 location:118,167  env:Eau  state:moveToSing
	Frog #3  energy:933 location:60,143  env:Eau  state:moveToSing
	Frog #4  energy:933 location:388,84  env:Eau  state:moveToSing
	Frog #5  energy:933 location:196,170  env:Eau  state:moveToSing
$ Listing all frogs :
	Frog #1  energy:993 location:66,251  env:Eau  state:singing
	Frog #2  energy:932 location:118,168  env:Eau  state:moveToSing
	Frog #3  energy:932 location:60,144  env:Eau  state:moveToSing
	Frog #4  energy:932 location:387,85  env:Eau  state:moveToSing
	Frog #5  energy:932 location:195,171  env:Eau  state:moveToSing
$ Listing all frogs :
	Frog #1  energy:992 location:66,251  env:Eau  state:singing
	Frog #2  energy:931 location:118,168  env:Eau  state:moveToSing
	Frog #3  energy:931 location:60,145  env:Eau  state:moveToSing
	Frog #4  energy:931 location:386,85  env:Eau  state:moveToSing
	Frog #5  energy:931 location:195,171  env:Eau  state:moveToSing
$ Listing all frogs :
	Frog #1  energy:992 location:66,251  env:Eau  state:singing
	Frog #2  energy:930 location:117,169  env:Eau  state:moveToSing
	Frog #3  energy:930 location:60,145  env:Eau  state:moveToSing
	Frog #4  energy:930 location:385,85  env:Eau  state:moveToSing
	Frog #5  energy:930 location:194,172  env:Eau  state:moveToSing
$ Listing all frogs :
	Frog #1  energy:992 location:66,251  env:Eau  state:singing
	Frog #2  energy:929 location:117,170  env:Eau  state:moveToSing
	Frog #3  energy:929 location:60,146  env:Eau  state:moveToSing
	Frog #4  energy:929 location:385,86  env:Eau  state:moveToSing
	Frog #5  energy:929 location:193,172  env:Eau  state:moveToSing
$ Listing all frogs :
	Frog #1  energy:992 location:66,251  env:Eau  state:singing
	Frog #2  energy:928 location:116,170  env:Eau  state:moveToSing
	Frog #3  energy:928 location:60,147  env:Eau  state:moveToSing
	Frog #4  energy:928 location:384,86  env:Eau  state:moveToSing
	Frog #5  energy:928 location:193,172  env:Eau  state:moveToSing
$ Listing all frogs :
	Frog #1  energy:992 location:66,251  env:Eau  state:singing
	Frog #2  energy:927 location:116,171  env:Eau  state:moveToSing
	Frog #3  energy:927 location:60,148  env:Eau  state:moveToSing
	Frog #4  energy:927 location:383,87  env:Eau  state:moveToSing
	Frog #5  energy:927 location:192,173  env:Eau  state:moveToSing
$ Listing all frogs :
	Frog #1  energy:992 location:66,251  env:Eau  state:singing
	Frog #2  energy:926 location:116,172  env:Eau  state:moveToSing
	Frog #3  energy:926 location:60,149  env:Eau  state:moveToSing
	Frog #4  energy:926 location:383,87  env:Eau  state:moveToSing
	Frog #5  energy:926 location:191,173  env:Eau  state:moveToSing
$ Listing all frogs :
	Frog #1  energy:992 location:66,251  env:Eau  state:singing
	Frog #2  energy:925 location:115,172  env:Eau  state:moveToSing
	Frog #3  energy:925 location:60,149  env:Eau  state:moveToSing
	Frog #4  energy:925 location:382,87  env:Eau  state:moveToSing
	Frog #5  energy:925 location:190,174  env:Eau  state:moveToSing
$ Listing all frogs :
	Frog #1  energy:992 location:66,251  env:Eau  state:singing
	Frog #2  energy:924 location:115,173  env:Eau  state:moveToSing
	Frog #3  energy:924 location:60,150  env:Eau  state:moveToSing
	Frog #4  energy:924 location:381,88  env:Eau  state:moveToSing
	Frog #5  energy:924 location:190,174  env:Eau  state:moveToSing
$ Listing all frogs :
	Frog #1  energy:992 location:66,251  env:Eau  state:singing
	Frog #2  energy:924 location:114,174  env:Eau  state:moveToSing
	Frog #3  energy:924 location:60,151  env:Eau  state:moveToSing
	Frog #4  energy:924 location:380,88  env:Eau  state:moveToSing
	Frog #5  energy:924 location:189,174  env:Eau  state:moveToSing
$ Listing all frogs :
	Frog #1  energy:992 location:66,251  env:Eau  state:singing
	Frog #2  energy:923 location:114,174  env:Eau  state:moveToSing
	Frog #3  energy:923 location:60,152  env:Eau  state:moveToSing
	Frog #4  energy:923 location:380,88  env:Eau  state:moveToSing
	Frog #5  energy:923 location:188,175  env:Eau  state:moveToSing
$ Listing all frogs :
	Frog #1  energy:991 location:66,251  env:Eau  state:singing
	Frog #2  energy:922 location:113,175  env:Eau  state:moveToSing
	Frog #3  energy:922 location:60,153  env:Eau  state:moveToSing
	Frog #4  energy:922 location:379,89  env:Eau  state:moveToSing
	Frog #5  energy:922 location:188,175  env:Eau  state:moveToSing
$ Listing all frogs :
	Frog #1  energy:991 location:66,251  env:Eau  state:singing
	Frog #2  energy:921 location:113,176  env:Eau  state:moveToSing
	Frog #3  energy:921 location:60,153  env:Eau  state:moveToSing
	Frog #4  energy:921 location:378,89  env:Eau  state:moveToSing
	Frog #5  energy:921 location:187,176  env:Eau  state:moveToSing
$ Listing all frogs :
	Frog #1  energy:991 location:66,251  env:Eau  state:singing
	Frog #2  energy:920 location:113,176  env:Eau  state:moveToSing
	Frog #3  energy:920 location:61,154  env:Eau  state:moveToSing
	Frog #4  energy:920 location:378,89  env:Eau  state:moveToSing
	Frog #5  energy:920 location:186,176  env:Eau  state:moveToSing
$ Listing all frogs :
	Frog #1  energy:991 location:66,251  env:Eau  state:singing
	Frog #2  energy:919 location:112,177  env:Eau  state:moveToSing
	Frog #3  energy:919 location:61,155  env:Eau  state:moveToSing
	Frog #4  energy:919 location:377,90  env:Eau  state:moveToSing
	Frog #5  energy:919 location:186,177  env:Eau  state:moveToSing
$ Listing all frogs :
	Frog #1  energy:991 location:66,251  env:Eau  state:singing
	Frog #2  energy:918 location:112,178  env:Eau  state:moveToSing
	Frog #3  energy:918 location:61,156  env:Eau  state:moveToSing
	Frog #4  energy:918 location:376,90  env:Eau  state:moveToSing
	Frog #5  energy:918 location:185,177  env:Eau  state:moveToSing
$ Listing all frogs :
	Frog #1  energy:991 location:66,251  env:Eau  state:singing
	Frog #2  energy:917 location:111,178  env:Eau  state:moveToSing
	Frog #3  energy:917 location:61,156  env:Eau  state:moveToSing
	Frog #4  energy:917 location:376,90  env:Eau  state:moveToSing
	Frog #5  energy:917 location:184,177  env:Eau  state:moveToSing
$ Listing all frogs :
	Frog #1  energy:991 location:66,251  env:Eau  state:singing
	Frog #2  energy:916 location:111,179  env:Eau  state:moveToSing
	Frog #3  energy:916 location:61,157  env:Eau  state:moveToSing
	Frog #4  energy:916 location:375,91  env:Eau  state:moveToSing
	Frog #5  energy:916 location:184,178  env:Eau  state:moveToSing
$ Listing all frogs :
	Frog #1  energy:991 location:66,251  env:Eau  state:singing
	Frog #2  energy:915 location:110,180  env:Eau  state:moveToSing
	Frog #3  energy:915 location:61,158  env:Eau  state:moveToSing
	Frog #4  energy:915 location:374,91  env:Eau  state:moveToSing
	Frog #5  energy:915 location:183,178  env:Eau  state:moveToSing
$ Listing all frogs :
	Frog #1  energy:991 location:66,251  env:Eau  state:singing
	Frog #2  energy:914 location:110,180  env:Eau  state:moveToSing
	Frog #3  energy:914 location:61,159  env:Eau  state:moveToSing
	Frog #4  energy:914 location:374,92  env:Eau  state:moveToSing
	Frog #5  energy:914 location:182,179  env:Eau  state:moveToSing
